  0%|          | 0/3 [00:00<?, ?it/s]æ–‡ä»¶å¤¹/data/mml/backdoor_detect/experiments/CIFAR10/resnet18_nopretrain_32_32_3/Blended/neuron_blockå·²ç»å­˜åœ¨!

  0%|          | 0/10 [00:00<?, ?it/s][A_eval_classes_acc() cost time: 10.68078064918518
_eval_classes_acc() cost time: 8.6490957736969
_eval_classes_acc() cost time: 8.295310020446777
_eval_classes_acc() cost time: 7.809920310974121
_eval_classes_acc() cost time: 9.321050882339478
_eval_classes_acc() cost time: 7.403131484985352
_eval_classes_acc() cost time: 8.000324726104736
_eval_classes_acc() cost time: 9.043509483337402
_eval_classes_acc() cost time: 6.579834938049316
_eval_classes_acc() cost time: 7.488598585128784
_eval_classes_acc() cost time: 9.066590547561646
_eval_classes_acc() cost time: 7.513507127761841
_eval_classes_acc() cost time: 7.769190073013306
_eval_classes_acc() cost time: 8.630613803863525
_eval_classes_acc() cost time: 8.454018354415894
_eval_classes_acc() cost time: 6.631631374359131
_eval_classes_acc() cost time: 8.366373062133789
_eval_classes_acc() cost time: 8.167405366897583
_eval_classes_acc() cost time: 10.417177677154541
_eval_classes_acc() cost time: 10.601542711257935
_eval_classes_acc() cost time: 10.407216787338257
_eval_classes_acc() cost time: 10.882792472839355
_eval_classes_acc() cost time: 9.85427212715149
_eval_classes_acc() cost time: 9.941993713378906
_eval_classes_acc() cost time: 11.303152561187744
_eval_classes_acc() cost time: 11.287505149841309
_eval_classes_acc() cost time: 10.998231887817383
_eval_classes_acc() cost time: 10.434721946716309
_eval_classes_acc() cost time: 11.66061019897461
_eval_classes_acc() cost time: 9.721335172653198
_eval_classes_acc() cost time: 10.02797818183899
_eval_classes_acc() cost time: 10.948753118515015
_eval_classes_acc() cost time: 10.205488681793213
_eval_classes_acc() cost time: 9.672995328903198
_eval_classes_acc() cost time: 10.742728471755981
_eval_classes_acc() cost time: 10.787214517593384
_eval_classes_acc() cost time: 11.973038911819458
_eval_classes_acc() cost time: 8.81677770614624
_eval_classes_acc() cost time: 9.919420003890991
_eval_classes_acc() cost time: 11.489068269729614
_eval_classes_acc() cost time: 10.173974752426147
_eval_classes_acc() cost time: 11.15544843673706
_eval_classes_acc() cost time: 9.703620910644531
_eval_classes_acc() cost time: 8.669430494308472
_eval_classes_acc() cost time: 10.117201089859009
_eval_classes_acc() cost time: 10.486699342727661
_eval_classes_acc() cost time: 10.888757944107056
_eval_classes_acc() cost time: 10.371906995773315
_eval_classes_acc() cost time: 10.944318771362305

 10%|â–ˆ         | 1/10 [08:32<1:16:55, 512.83s/it][A_eval_classes_acc() cost time: 10.726030588150024
_eval_classes_acc() cost time: 9.646445274353027
_eval_classes_acc() cost time: 11.07095718383789
_eval_classes_acc() cost time: 10.976722002029419
_eval_classes_acc() cost time: 8.69519305229187
_eval_classes_acc() cost time: 10.054914951324463
_eval_classes_acc() cost time: 11.948116302490234
_eval_classes_acc() cost time: 9.958885192871094
_eval_classes_acc() cost time: 10.682947635650635
_eval_classes_acc() cost time: 10.915958642959595
_eval_classes_acc() cost time: 10.818885087966919
_eval_classes_acc() cost time: 9.728261947631836
_eval_classes_acc() cost time: 11.3872230052948
_eval_classes_acc() cost time: 9.856477737426758
_eval_classes_acc() cost time: 11.570284128189087
_eval_classes_acc() cost time: 9.981539726257324
_eval_classes_acc() cost time: 9.295803785324097
_eval_classes_acc() cost time: 10.994286060333252
_eval_classes_acc() cost time: 11.489534139633179
_eval_classes_acc() cost time: 7.168537616729736
_eval_classes_acc() cost time: 9.93416452407837
_eval_classes_acc() cost time: 12.144173383712769
_eval_classes_acc() cost time: 10.994997501373291
_eval_classes_acc() cost time: 10.438273191452026
_eval_classes_acc() cost time: 9.105365991592407
_eval_classes_acc() cost time: 12.051928520202637
_eval_classes_acc() cost time: 10.188314437866211
_eval_classes_acc() cost time: 10.881433963775635
_eval_classes_acc() cost time: 8.20835018157959
_eval_classes_acc() cost time: 10.291207551956177
_eval_classes_acc() cost time: 10.87153148651123
_eval_classes_acc() cost time: 10.919858694076538
_eval_classes_acc() cost time: 10.252933025360107
_eval_classes_acc() cost time: 11.332594394683838
_eval_classes_acc() cost time: 9.172281742095947
_eval_classes_acc() cost time: 10.369062900543213
_eval_classes_acc() cost time: 10.887852668762207
_eval_classes_acc() cost time: 10.181052446365356
_eval_classes_acc() cost time: 9.528741598129272
_eval_classes_acc() cost time: 9.59319257736206
_eval_classes_acc() cost time: 11.802510738372803
_eval_classes_acc() cost time: 11.087051630020142
_eval_classes_acc() cost time: 9.97170877456665
_eval_classes_acc() cost time: 9.634944915771484
_eval_classes_acc() cost time: 11.65114426612854
_eval_classes_acc() cost time: 10.652751684188843
_eval_classes_acc() cost time: 10.161976337432861
_eval_classes_acc() cost time: 8.280945062637329
_eval_classes_acc() cost time: 11.057411193847656
_eval_classes_acc() cost time: 11.137453317642212

 20%|â–ˆâ–ˆ        | 2/10 [17:58<1:12:31, 543.97s/it][A_eval_classes_acc() cost time: 11.966684818267822
_eval_classes_acc() cost time: 9.451216220855713
_eval_classes_acc() cost time: 10.600691556930542
_eval_classes_acc() cost time: 9.855433702468872
_eval_classes_acc() cost time: 10.868174314498901
_eval_classes_acc() cost time: 10.293840646743774
_eval_classes_acc() cost time: 10.176221370697021
_eval_classes_acc() cost time: 11.026760578155518
_eval_classes_acc() cost time: 9.967414617538452
_eval_classes_acc() cost time: 10.040985345840454
_eval_classes_acc() cost time: 9.275006771087646
_eval_classes_acc() cost time: 9.598864555358887
_eval_classes_acc() cost time: 10.737998008728027
_eval_classes_acc() cost time: 9.78207778930664
_eval_classes_acc() cost time: 11.184067010879517
_eval_classes_acc() cost time: 8.540675640106201
_eval_classes_acc() cost time: 9.358928680419922
_eval_classes_acc() cost time: 11.816410064697266
_eval_classes_acc() cost time: 9.454538583755493
_eval_classes_acc() cost time: 9.909963130950928
_eval_classes_acc() cost time: 9.526533365249634
_eval_classes_acc() cost time: 11.464966058731079
_eval_classes_acc() cost time: 10.405188083648682
_eval_classes_acc() cost time: 10.799522161483765
_eval_classes_acc() cost time: 9.956394910812378
_eval_classes_acc() cost time: 10.658818244934082
_eval_classes_acc() cost time: 11.335111856460571
_eval_classes_acc() cost time: 10.982781648635864
_eval_classes_acc() cost time: 9.109064817428589
_eval_classes_acc() cost time: 10.091863870620728
_eval_classes_acc() cost time: 11.82297945022583
_eval_classes_acc() cost time: 10.71268606185913
_eval_classes_acc() cost time: 9.284258604049683
_eval_classes_acc() cost time: 11.162401676177979
_eval_classes_acc() cost time: 11.603227853775024
_eval_classes_acc() cost time: 10.555185317993164
_eval_classes_acc() cost time: 11.496071100234985
_eval_classes_acc() cost time: 9.710104942321777
_eval_classes_acc() cost time: 10.395294904708862
_eval_classes_acc() cost time: 11.058060884475708
_eval_classes_acc() cost time: 11.685235023498535
_eval_classes_acc() cost time: 10.154038667678833
_eval_classes_acc() cost time: 11.138064622879028
_eval_classes_acc() cost time: 11.208351373672485
_eval_classes_acc() cost time: 10.16924524307251
_eval_classes_acc() cost time: 10.100075483322144
_eval_classes_acc() cost time: 12.056757688522339
_eval_classes_acc() cost time: 9.942557096481323
_eval_classes_acc() cost time: 10.109965562820435
_eval_classes_acc() cost time: 10.273340463638306

 30%|â–ˆâ–ˆâ–ˆ       | 3/10 [27:14<1:04:06, 549.45s/it][A_eval_classes_acc() cost time: 10.761806726455688
_eval_classes_acc() cost time: 11.17772364616394
_eval_classes_acc() cost time: 9.665549755096436
_eval_classes_acc() cost time: 10.960514307022095
_eval_classes_acc() cost time: 10.979418992996216
_eval_classes_acc() cost time: 9.69422197341919
_eval_classes_acc() cost time: 11.020777463912964
_eval_classes_acc() cost time: 10.089173555374146
_eval_classes_acc() cost time: 9.497440576553345
_eval_classes_acc() cost time: 10.418545246124268
_eval_classes_acc() cost time: 11.012543439865112
_eval_classes_acc() cost time: 10.703047275543213
_eval_classes_acc() cost time: 10.293075799942017
_eval_classes_acc() cost time: 11.276767253875732
_eval_classes_acc() cost time: 9.624410629272461
_eval_classes_acc() cost time: 8.559516429901123
_eval_classes_acc() cost time: 11.669226169586182
_eval_classes_acc() cost time: 11.981851577758789
_eval_classes_acc() cost time: 10.471632719039917
_eval_classes_acc() cost time: 8.935638904571533
_eval_classes_acc() cost time: 10.803897380828857
_eval_classes_acc() cost time: 10.211203336715698
_eval_classes_acc() cost time: 11.48538088798523
_eval_classes_acc() cost time: 9.663315773010254
_eval_classes_acc() cost time: 10.034803628921509
_eval_classes_acc() cost time: 10.781404972076416
_eval_classes_acc() cost time: 9.807849645614624
_eval_classes_acc() cost time: 10.143677473068237
_eval_classes_acc() cost time: 9.719635725021362
_eval_classes_acc() cost time: 11.653806447982788
_eval_classes_acc() cost time: 10.765933752059937
_eval_classes_acc() cost time: 8.76331639289856
_eval_classes_acc() cost time: 10.361652374267578
_eval_classes_acc() cost time: 12.21069622039795
_eval_classes_acc() cost time: 9.004257202148438
_eval_classes_acc() cost time: 8.670124530792236
_eval_classes_acc() cost time: 12.432492017745972
_eval_classes_acc() cost time: 9.403404474258423
_eval_classes_acc() cost time: 11.92158055305481
_eval_classes_acc() cost time: 10.597629070281982
_eval_classes_acc() cost time: 10.669172286987305
_eval_classes_acc() cost time: 10.765310049057007
_eval_classes_acc() cost time: 10.88292121887207
_eval_classes_acc() cost time: 9.453662395477295
_eval_classes_acc() cost time: 11.870482683181763
_eval_classes_acc() cost time: 9.729147672653198
_eval_classes_acc() cost time: 11.177569150924683
_eval_classes_acc() cost time: 10.327630996704102
_eval_classes_acc() cost time: 10.09765338897705
_eval_classes_acc() cost time: 11.201403617858887

 40%|â–ˆâ–ˆâ–ˆâ–ˆ      | 4/10 [36:28<55:07, 551.25s/it]  [A_eval_classes_acc() cost time: 11.19087028503418
_eval_classes_acc() cost time: 11.164359331130981
_eval_classes_acc() cost time: 11.185179471969604
_eval_classes_acc() cost time: 10.938314437866211
_eval_classes_acc() cost time: 10.369634628295898
_eval_classes_acc() cost time: 10.024982452392578
_eval_classes_acc() cost time: 10.909168243408203
_eval_classes_acc() cost time: 9.956612348556519
_eval_classes_acc() cost time: 11.594071626663208
_eval_classes_acc() cost time: 9.36074185371399
_eval_classes_acc() cost time: 11.757469177246094
_eval_classes_acc() cost time: 10.096362829208374
_eval_classes_acc() cost time: 9.325384378433228
_eval_classes_acc() cost time: 11.613418579101562
_eval_classes_acc() cost time: 11.26429796218872
_eval_classes_acc() cost time: 10.538445472717285
_eval_classes_acc() cost time: 10.35037088394165
_eval_classes_acc() cost time: 9.826102495193481
_eval_classes_acc() cost time: 10.739963293075562
_eval_classes_acc() cost time: 10.442028999328613
_eval_classes_acc() cost time: 8.797539472579956
_eval_classes_acc() cost time: 10.154286861419678
_eval_classes_acc() cost time: 10.738004446029663
_eval_classes_acc() cost time: 9.573040008544922
_eval_classes_acc() cost time: 7.665562152862549
_eval_classes_acc() cost time: 11.831707000732422
_eval_classes_acc() cost time: 11.297125339508057
_eval_classes_acc() cost time: 10.654226064682007
_eval_classes_acc() cost time: 10.336932182312012
_eval_classes_acc() cost time: 9.571198225021362
_eval_classes_acc() cost time: 11.35204267501831
_eval_classes_acc() cost time: 10.172319889068604
_eval_classes_acc() cost time: 11.068919658660889
_eval_classes_acc() cost time: 10.802754402160645
_eval_classes_acc() cost time: 10.484148025512695
_eval_classes_acc() cost time: 9.611488580703735
_eval_classes_acc() cost time: 11.458959341049194
_eval_classes_acc() cost time: 9.977720975875854
_eval_classes_acc() cost time: 10.627293586730957
_eval_classes_acc() cost time: 8.821048259735107
_eval_classes_acc() cost time: 11.134470701217651
_eval_classes_acc() cost time: 11.0530264377594
_eval_classes_acc() cost time: 9.53262448310852
_eval_classes_acc() cost time: 9.983842134475708
_eval_classes_acc() cost time: 9.689371347427368
_eval_classes_acc() cost time: 12.126214981079102
_eval_classes_acc() cost time: 10.725906372070312
_eval_classes_acc() cost time: 9.620766401290894
_eval_classes_acc() cost time: 10.72667908668518
_eval_classes_acc() cost time: 10.908081769943237

 50%|â–ˆâ–ˆâ–ˆâ–ˆâ–ˆ     | 5/10 [45:58<46:29, 557.96s/it][A_eval_classes_acc() cost time: 10.660393476486206
_eval_classes_acc() cost time: 9.922503232955933
_eval_classes_acc() cost time: 9.006983757019043
_eval_classes_acc() cost time: 11.579469680786133
_eval_classes_acc() cost time: 10.469812631607056
_eval_classes_acc() cost time: 10.407983541488647
_eval_classes_acc() cost time: 8.3127281665802
_eval_classes_acc() cost time: 9.902287006378174
_eval_classes_acc() cost time: 12.112527847290039
_eval_classes_acc() cost time: 9.678574800491333
_eval_classes_acc() cost time: 9.486425399780273
_eval_classes_acc() cost time: 10.450481653213501
_eval_classes_acc() cost time: 11.292357921600342
_eval_classes_acc() cost time: 10.072463274002075
_eval_classes_acc() cost time: 9.949913024902344
_eval_classes_acc() cost time: 9.371625900268555
_eval_classes_acc() cost time: 11.511908531188965
_eval_classes_acc() cost time: 8.609319686889648
_eval_classes_acc() cost time: 9.776330471038818
_eval_classes_acc() cost time: 10.828374862670898
_eval_classes_acc() cost time: 10.441915273666382
_eval_classes_acc() cost time: 8.65948224067688
_eval_classes_acc() cost time: 11.061566591262817
_eval_classes_acc() cost time: 9.02051043510437
_eval_classes_acc() cost time: 10.919371128082275
_eval_classes_acc() cost time: 9.938869714736938
_eval_classes_acc() cost time: 9.44745659828186
_eval_classes_acc() cost time: 11.821337461471558
_eval_classes_acc() cost time: 9.392343759536743
_eval_classes_acc() cost time: 11.656029224395752
_eval_classes_acc() cost time: 9.459875583648682
_eval_classes_acc() cost time: 8.591805696487427
_eval_classes_acc() cost time: 11.042408466339111
_eval_classes_acc() cost time: 11.214173316955566
_eval_classes_acc() cost time: 10.066500425338745
_eval_classes_acc() cost time: 11.317138910293579
_eval_classes_acc() cost time: 7.650322914123535
_eval_classes_acc() cost time: 10.521581888198853
_eval_classes_acc() cost time: 11.523935079574585
_eval_classes_acc() cost time: 10.912775039672852
_eval_classes_acc() cost time: 9.455063343048096
_eval_classes_acc() cost time: 10.015805959701538
_eval_classes_acc() cost time: 11.376877307891846
_eval_classes_acc() cost time: 10.519631385803223
_eval_classes_acc() cost time: 9.805393934249878
_eval_classes_acc() cost time: 8.940097570419312
_eval_classes_acc() cost time: 11.303814888000488
_eval_classes_acc() cost time: 9.744914770126343
_eval_classes_acc() cost time: 8.345611095428467
_eval_classes_acc() cost time: 11.868330478668213

 60%|â–ˆâ–ˆâ–ˆâ–ˆâ–ˆâ–ˆ    | 6/10 [55:12<37:06, 556.58s/it][A_eval_classes_acc() cost time: 10.729957342147827
_eval_classes_acc() cost time: 9.721662521362305
_eval_classes_acc() cost time: 9.364893198013306
_eval_classes_acc() cost time: 11.89381718635559
_eval_classes_acc() cost time: 9.999179363250732
_eval_classes_acc() cost time: 10.734392166137695
_eval_classes_acc() cost time: 10.692749738693237
_eval_classes_acc() cost time: 10.390270471572876
_eval_classes_acc() cost time: 10.470952033996582
_eval_classes_acc() cost time: 11.317449569702148
_eval_classes_acc() cost time: 7.856321573257446
_eval_classes_acc() cost time: 10.00373387336731
_eval_classes_acc() cost time: 11.678759098052979
_eval_classes_acc() cost time: 8.156627178192139
_eval_classes_acc() cost time: 8.742841005325317
_eval_classes_acc() cost time: 10.987054824829102
_eval_classes_acc() cost time: 12.14221453666687
_eval_classes_acc() cost time: 9.54643201828003
_eval_classes_acc() cost time: 10.872358322143555
_eval_classes_acc() cost time: 9.948123931884766
_eval_classes_acc() cost time: 9.470848321914673
_eval_classes_acc() cost time: 10.005589246749878
_eval_classes_acc() cost time: 10.436162948608398
_eval_classes_acc() cost time: 10.48118281364441
_eval_classes_acc() cost time: 9.590460300445557
_eval_classes_acc() cost time: 11.445460557937622
_eval_classes_acc() cost time: 9.306915998458862
_eval_classes_acc() cost time: 9.107766389846802
_eval_classes_acc() cost time: 10.870780229568481
_eval_classes_acc() cost time: 11.839977979660034
_eval_classes_acc() cost time: 10.765308141708374
_eval_classes_acc() cost time: 9.995732069015503
_eval_classes_acc() cost time: 10.400530576705933
_eval_classes_acc() cost time: 10.884088516235352
_eval_classes_acc() cost time: 11.290730953216553
_eval_classes_acc() cost time: 10.980669021606445
_eval_classes_acc() cost time: 10.802299976348877
_eval_classes_acc() cost time: 9.580468893051147
_eval_classes_acc() cost time: 11.145029067993164
_eval_classes_acc() cost time: 10.950995922088623
_eval_classes_acc() cost time: 8.35237979888916
_eval_classes_acc() cost time: 9.710757970809937
_eval_classes_acc() cost time: 11.158540725708008
_eval_classes_acc() cost time: 9.321457147598267
_eval_classes_acc() cost time: 9.170496463775635
_eval_classes_acc() cost time: 10.487054347991943
_eval_classes_acc() cost time: 12.198258638381958
_eval_classes_acc() cost time: 6.14381217956543
_eval_classes_acc() cost time: 4.593950271606445
_eval_classes_acc() cost time: 4.6776111125946045

 70%|â–ˆâ–ˆâ–ˆâ–ˆâ–ˆâ–ˆâ–ˆ   | 7/10 [1:04:14<27:35, 551.99s/it][A_eval_classes_acc() cost time: 4.723527193069458
_eval_classes_acc() cost time: 4.540347576141357
_eval_classes_acc() cost time: 4.374847173690796
_eval_classes_acc() cost time: 4.592815160751343
_eval_classes_acc() cost time: 4.760958194732666
_eval_classes_acc() cost time: 4.5458269119262695
_eval_classes_acc() cost time: 4.444659471511841
_eval_classes_acc() cost time: 4.618051767349243
_eval_classes_acc() cost time: 4.428289890289307
_eval_classes_acc() cost time: 4.3317787647247314
_eval_classes_acc() cost time: 4.260063648223877
_eval_classes_acc() cost time: 4.720879554748535
_eval_classes_acc() cost time: 4.589640855789185
_eval_classes_acc() cost time: 4.641507863998413
_eval_classes_acc() cost time: 4.798679351806641
_eval_classes_acc() cost time: 4.803851127624512
_eval_classes_acc() cost time: 4.442121744155884
_eval_classes_acc() cost time: 4.510200500488281
_eval_classes_acc() cost time: 4.473228454589844
_eval_classes_acc() cost time: 4.3544087409973145
_eval_classes_acc() cost time: 4.690662145614624
_eval_classes_acc() cost time: 4.792659759521484
_eval_classes_acc() cost time: 4.8431007862091064
_eval_classes_acc() cost time: 4.62338924407959
_eval_classes_acc() cost time: 4.951565504074097
_eval_classes_acc() cost time: 4.533299207687378
_eval_classes_acc() cost time: 4.969725131988525
_eval_classes_acc() cost time: 4.570739507675171
_eval_classes_acc() cost time: 5.151707887649536
_eval_classes_acc() cost time: 4.626790523529053
_eval_classes_acc() cost time: 5.017860412597656
_eval_classes_acc() cost time: 4.362011671066284
_eval_classes_acc() cost time: 4.3281848430633545
_eval_classes_acc() cost time: 4.335588216781616
_eval_classes_acc() cost time: 4.573845863342285
_eval_classes_acc() cost time: 4.963738441467285
_eval_classes_acc() cost time: 4.912553310394287
_eval_classes_acc() cost time: 4.676242113113403
_eval_classes_acc() cost time: 4.713752508163452
_eval_classes_acc() cost time: 4.65203332901001
_eval_classes_acc() cost time: 4.8102498054504395
_eval_classes_acc() cost time: 4.637047052383423
_eval_classes_acc() cost time: 5.079949140548706
_eval_classes_acc() cost time: 4.5244810581207275
_eval_classes_acc() cost time: 4.771283149719238
_eval_classes_acc() cost time: 3.927180528640747
_eval_classes_acc() cost time: 4.443105936050415
_eval_classes_acc() cost time: 3.9212279319763184
_eval_classes_acc() cost time: 4.77934193611145
_eval_classes_acc() cost time: 4.560780048370361

 80%|â–ˆâ–ˆâ–ˆâ–ˆâ–ˆâ–ˆâ–ˆâ–ˆ  | 8/10 [1:08:32<15:16, 458.14s/it][A_eval_classes_acc() cost time: 5.131784200668335
_eval_classes_acc() cost time: 4.885329246520996
_eval_classes_acc() cost time: 4.950388193130493
_eval_classes_acc() cost time: 5.095050096511841
_eval_classes_acc() cost time: 4.907571315765381
_eval_classes_acc() cost time: 5.274356126785278
_eval_classes_acc() cost time: 4.9696431159973145
_eval_classes_acc() cost time: 5.06050968170166
_eval_classes_acc() cost time: 4.861675024032593
_eval_classes_acc() cost time: 4.921454429626465
_eval_classes_acc() cost time: 4.747831583023071
_eval_classes_acc() cost time: 4.72397255897522
_eval_classes_acc() cost time: 4.587805509567261
_eval_classes_acc() cost time: 4.577932357788086
_eval_classes_acc() cost time: 5.018331289291382
_eval_classes_acc() cost time: 4.669640064239502
_eval_classes_acc() cost time: 4.775288105010986
_eval_classes_acc() cost time: 4.564099550247192
_eval_classes_acc() cost time: 4.683711767196655
_eval_classes_acc() cost time: 4.646690368652344
_eval_classes_acc() cost time: 4.344288349151611
_eval_classes_acc() cost time: 4.25865626335144
_eval_classes_acc() cost time: 4.741056442260742
_eval_classes_acc() cost time: 4.218000650405884
_eval_classes_acc() cost time: 4.610241174697876
_eval_classes_acc() cost time: 4.381523609161377
_eval_classes_acc() cost time: 4.360090255737305
_eval_classes_acc() cost time: 4.191852331161499
_eval_classes_acc() cost time: 4.626997709274292
_eval_classes_acc() cost time: 4.414289474487305
_eval_classes_acc() cost time: 4.296915054321289
_eval_classes_acc() cost time: 4.727673053741455
_eval_classes_acc() cost time: 4.762619733810425
_eval_classes_acc() cost time: 5.002871513366699
_eval_classes_acc() cost time: 4.907446384429932
_eval_classes_acc() cost time: 4.659704923629761
_eval_classes_acc() cost time: 4.934442520141602
_eval_classes_acc() cost time: 4.670581102371216
_eval_classes_acc() cost time: 4.443402051925659
_eval_classes_acc() cost time: 4.512454032897949
_eval_classes_acc() cost time: 4.572134494781494
_eval_classes_acc() cost time: 4.728701829910278
_eval_classes_acc() cost time: 4.698047637939453
_eval_classes_acc() cost time: 4.781044244766235
_eval_classes_acc() cost time: 4.6984453201293945
_eval_classes_acc() cost time: 4.490917921066284
_eval_classes_acc() cost time: 4.243547677993774
_eval_classes_acc() cost time: 4.764500141143799
_eval_classes_acc() cost time: 4.662210702896118
_eval_classes_acc() cost time: 4.4985668659210205

 90%|â–ˆâ–ˆâ–ˆâ–ˆâ–ˆâ–ˆâ–ˆâ–ˆâ–ˆ | 9/10 [1:12:50<06:35, 395.65s/it][A_eval_classes_acc() cost time: 4.640869140625
_eval_classes_acc() cost time: 6.28033709526062
_eval_classes_acc() cost time: 9.40780520439148
_eval_classes_acc() cost time: 5.146071434020996
_eval_classes_acc() cost time: 4.904580593109131
_eval_classes_acc() cost time: 4.2331459522247314
_eval_classes_acc() cost time: 4.264995336532593
_eval_classes_acc() cost time: 4.228519678115845
_eval_classes_acc() cost time: 4.462272644042969
_eval_classes_acc() cost time: 5.14105486869812
_eval_classes_acc() cost time: 4.9749109745025635
_eval_classes_acc() cost time: 4.794403791427612
_eval_classes_acc() cost time: 5.021032810211182
_eval_classes_acc() cost time: 4.9733567237854
_eval_classes_acc() cost time: 5.042041063308716
_eval_classes_acc() cost time: 4.628885269165039
_eval_classes_acc() cost time: 4.604841709136963
_eval_classes_acc() cost time: 4.515477418899536
_eval_classes_acc() cost time: 4.648151874542236
_eval_classes_acc() cost time: 4.371670722961426
_eval_classes_acc() cost time: 4.5306315422058105
_eval_classes_acc() cost time: 3.9589579105377197
_eval_classes_acc() cost time: 4.7094199657440186
_eval_classes_acc() cost time: 4.4022252559661865
_eval_classes_acc() cost time: 4.7979576587677
_eval_classes_acc() cost time: 4.560577869415283
_eval_classes_acc() cost time: 4.8973259925842285
_eval_classes_acc() cost time: 4.891782283782959
_eval_classes_acc() cost time: 4.681961536407471
_eval_classes_acc() cost time: 4.433071851730347
_eval_classes_acc() cost time: 4.865609884262085
_eval_classes_acc() cost time: 4.541179180145264
_eval_classes_acc() cost time: 4.568054676055908
_eval_classes_acc() cost time: 4.682121515274048
_eval_classes_acc() cost time: 4.66728401184082
_eval_classes_acc() cost time: 4.8682861328125
_eval_classes_acc() cost time: 4.94060754776001
_eval_classes_acc() cost time: 4.591315031051636
_eval_classes_acc() cost time: 4.643529415130615
_eval_classes_acc() cost time: 4.518822431564331
_eval_classes_acc() cost time: 4.234830856323242
_eval_classes_acc() cost time: 4.642489910125732
_eval_classes_acc() cost time: 4.457664251327515
_eval_classes_acc() cost time: 4.408738374710083
_eval_classes_acc() cost time: 4.305479526519775
_eval_classes_acc() cost time: 4.604763507843018
_eval_classes_acc() cost time: 3.935046911239624
_eval_classes_acc() cost time: 4.606449127197266
_eval_classes_acc() cost time: 4.373676776885986
_eval_classes_acc() cost time: 4.610049247741699

100%|â–ˆâ–ˆâ–ˆâ–ˆâ–ˆâ–ˆâ–ˆâ–ˆâ–ˆâ–ˆ| 10/10 [1:17:12<00:00, 354.33s/it][A100%|â–ˆâ–ˆâ–ˆâ–ˆâ–ˆâ–ˆâ–ˆâ–ˆâ–ˆâ–ˆ| 10/10 [1:17:12<00:00, 463.21s/it]
 33%|â–ˆâ–ˆâ–ˆâ–Ž      | 1/3 [1:17:12<2:34:24, 4632.48s/it]_eval_classes_acc() cost time: 4.2081358432769775
dataset_name:CIFAR10, model_name:resnet18_nopretrain_32_32_3, attack_name:Blended, mutation_name:neuron_block
æˆåŠŸåˆ›å»ºæ–‡ä»¶å¤¹/data/mml/backdoor_detect/experiments/CIFAR10/resnet18_nopretrain_32_32_3/Blended/neuron_switch

  0%|          | 0/10 [00:00<?, ?it/s][A_eval_classes_acc() cost time: 4.506852388381958
_eval_classes_acc() cost time: 4.5325844287872314
_eval_classes_acc() cost time: 4.694778680801392
_eval_classes_acc() cost time: 4.751339435577393
_eval_classes_acc() cost time: 4.651673316955566
_eval_classes_acc() cost time: 4.563140392303467
_eval_classes_acc() cost time: 4.745697498321533
_eval_classes_acc() cost time: 4.7749550342559814
_eval_classes_acc() cost time: 4.42263650894165
_eval_classes_acc() cost time: 4.499608755111694
_eval_classes_acc() cost time: 4.73743200302124
_eval_classes_acc() cost time: 4.585233449935913
_eval_classes_acc() cost time: 4.675889730453491
_eval_classes_acc() cost time: 4.553247690200806
_eval_classes_acc() cost time: 4.3799803256988525
_eval_classes_acc() cost time: 4.436137914657593
_eval_classes_acc() cost time: 4.415124416351318
_eval_classes_acc() cost time: 4.458006381988525
_eval_classes_acc() cost time: 4.240105628967285
_eval_classes_acc() cost time: 4.180420160293579
_eval_classes_acc() cost time: 4.380028247833252
_eval_classes_acc() cost time: 4.208592414855957
_eval_classes_acc() cost time: 4.463873386383057
_eval_classes_acc() cost time: 4.128364086151123
_eval_classes_acc() cost time: 4.644327402114868
_eval_classes_acc() cost time: 4.449886083602905
_eval_classes_acc() cost time: 4.316162347793579
_eval_classes_acc() cost time: 4.085681200027466
_eval_classes_acc() cost time: 4.724897146224976
_eval_classes_acc() cost time: 4.007861137390137
_eval_classes_acc() cost time: 4.694255113601685
_eval_classes_acc() cost time: 4.532562017440796
_eval_classes_acc() cost time: 4.307620525360107
_eval_classes_acc() cost time: 4.5685014724731445
_eval_classes_acc() cost time: 4.560863733291626
_eval_classes_acc() cost time: 4.849226713180542
_eval_classes_acc() cost time: 4.92384147644043
_eval_classes_acc() cost time: 4.7635438442230225
_eval_classes_acc() cost time: 4.7111992835998535
_eval_classes_acc() cost time: 4.539933443069458
_eval_classes_acc() cost time: 4.867797613143921
_eval_classes_acc() cost time: 4.851012945175171
_eval_classes_acc() cost time: 4.96274733543396
_eval_classes_acc() cost time: 5.027513027191162
_eval_classes_acc() cost time: 4.747852087020874
_eval_classes_acc() cost time: 5.039711236953735
_eval_classes_acc() cost time: 4.931590795516968
_eval_classes_acc() cost time: 5.024962663650513
_eval_classes_acc() cost time: 4.805489778518677

 10%|â–ˆ         | 1/10 [04:16<38:30, 256.67s/it][A_eval_classes_acc() cost time: 5.038648843765259
_eval_classes_acc() cost time: 4.88151216506958
_eval_classes_acc() cost time: 4.88968300819397
_eval_classes_acc() cost time: 4.64731764793396
_eval_classes_acc() cost time: 4.960517168045044
_eval_classes_acc() cost time: 4.773897409439087
_eval_classes_acc() cost time: 4.587762832641602
_eval_classes_acc() cost time: 4.4468607902526855
_eval_classes_acc() cost time: 4.710238456726074
_eval_classes_acc() cost time: 5.215241193771362
_eval_classes_acc() cost time: 4.725641250610352
_eval_classes_acc() cost time: 4.609523057937622
_eval_classes_acc() cost time: 4.788105249404907
_eval_classes_acc() cost time: 4.686066627502441
_eval_classes_acc() cost time: 4.648408889770508
_eval_classes_acc() cost time: 4.685624122619629
_eval_classes_acc() cost time: 4.558953762054443
_eval_classes_acc() cost time: 12.32420039176941
_eval_classes_acc() cost time: 4.767276048660278
_eval_classes_acc() cost time: 4.693882942199707
_eval_classes_acc() cost time: 4.429997682571411
_eval_classes_acc() cost time: 4.533310174942017
_eval_classes_acc() cost time: 4.295668363571167
_eval_classes_acc() cost time: 4.349963426589966
_eval_classes_acc() cost time: 4.723435163497925
_eval_classes_acc() cost time: 4.443415880203247
_eval_classes_acc() cost time: 4.916422605514526
_eval_classes_acc() cost time: 4.90837550163269
_eval_classes_acc() cost time: 4.9396586418151855
_eval_classes_acc() cost time: 4.889820337295532
_eval_classes_acc() cost time: 4.92497181892395
_eval_classes_acc() cost time: 4.454887866973877
_eval_classes_acc() cost time: 4.803699970245361
_eval_classes_acc() cost time: 4.604978799819946
_eval_classes_acc() cost time: 3.9447922706604004
_eval_classes_acc() cost time: 4.421477317810059
_eval_classes_acc() cost time: 4.510255813598633
_eval_classes_acc() cost time: 4.6351377964019775
_eval_classes_acc() cost time: 4.8042685985565186
_eval_classes_acc() cost time: 4.809432506561279
_eval_classes_acc() cost time: 4.716273784637451
_eval_classes_acc() cost time: 4.768105983734131
_eval_classes_acc() cost time: 4.51583456993103
_eval_classes_acc() cost time: 4.5115110874176025
_eval_classes_acc() cost time: 4.6955132484436035
_eval_classes_acc() cost time: 4.17548942565918
_eval_classes_acc() cost time: 4.307492971420288
_eval_classes_acc() cost time: 4.27731466293335
_eval_classes_acc() cost time: 4.366470098495483
_eval_classes_acc() cost time: 4.388301610946655

 20%|â–ˆâ–ˆ        | 2/10 [08:43<35:01, 262.70s/it][A_eval_classes_acc() cost time: 4.625643014907837
_eval_classes_acc() cost time: 4.289898633956909
_eval_classes_acc() cost time: 4.467044353485107
_eval_classes_acc() cost time: 4.681311130523682
_eval_classes_acc() cost time: 5.1058735847473145
_eval_classes_acc() cost time: 4.763702392578125
_eval_classes_acc() cost time: 4.777040958404541
_eval_classes_acc() cost time: 4.846006155014038
_eval_classes_acc() cost time: 4.981578350067139
_eval_classes_acc() cost time: 5.084742784500122
_eval_classes_acc() cost time: 4.61365270614624
_eval_classes_acc() cost time: 4.761843204498291
_eval_classes_acc() cost time: 4.600530624389648
_eval_classes_acc() cost time: 4.339346885681152
_eval_classes_acc() cost time: 4.499097108840942
_eval_classes_acc() cost time: 4.48711895942688
_eval_classes_acc() cost time: 4.554992198944092
_eval_classes_acc() cost time: 4.50612998008728
_eval_classes_acc() cost time: 4.505010604858398
_eval_classes_acc() cost time: 4.464295148849487
_eval_classes_acc() cost time: 4.3827455043792725
_eval_classes_acc() cost time: 4.652055740356445
_eval_classes_acc() cost time: 4.646412134170532
_eval_classes_acc() cost time: 4.505431413650513
_eval_classes_acc() cost time: 4.688597917556763
_eval_classes_acc() cost time: 4.800003290176392
_eval_classes_acc() cost time: 4.884439468383789
_eval_classes_acc() cost time: 4.7744879722595215
_eval_classes_acc() cost time: 4.808083772659302
_eval_classes_acc() cost time: 4.527415990829468
_eval_classes_acc() cost time: 4.693015098571777
_eval_classes_acc() cost time: 4.643428802490234
_eval_classes_acc() cost time: 4.29027795791626
_eval_classes_acc() cost time: 4.195925951004028
_eval_classes_acc() cost time: 4.315054655075073
_eval_classes_acc() cost time: 4.446190118789673
_eval_classes_acc() cost time: 4.430276870727539
_eval_classes_acc() cost time: 5.032312631607056
_eval_classes_acc() cost time: 4.379400968551636
_eval_classes_acc() cost time: 4.619230508804321
_eval_classes_acc() cost time: 4.464086532592773
_eval_classes_acc() cost time: 4.76474928855896
_eval_classes_acc() cost time: 4.4987733364105225
_eval_classes_acc() cost time: 4.291115760803223
_eval_classes_acc() cost time: 4.722944498062134
_eval_classes_acc() cost time: 4.403823375701904
_eval_classes_acc() cost time: 4.609323501586914
_eval_classes_acc() cost time: 4.351136207580566
_eval_classes_acc() cost time: 4.616058588027954
_eval_classes_acc() cost time: 4.248440980911255

 30%|â–ˆâ–ˆâ–ˆ       | 3/10 [12:59<30:18, 259.77s/it][A_eval_classes_acc() cost time: 4.66522216796875
_eval_classes_acc() cost time: 4.225289821624756
_eval_classes_acc() cost time: 4.646890640258789
_eval_classes_acc() cost time: 4.314453601837158
_eval_classes_acc() cost time: 4.704959392547607
_eval_classes_acc() cost time: 4.5688865184783936
_eval_classes_acc() cost time: 4.590587377548218
_eval_classes_acc() cost time: 4.33445930480957
_eval_classes_acc() cost time: 4.745712518692017
_eval_classes_acc() cost time: 4.5531394481658936
_eval_classes_acc() cost time: 4.735672950744629
_eval_classes_acc() cost time: 5.060134172439575
_eval_classes_acc() cost time: 4.868309259414673
_eval_classes_acc() cost time: 4.9225568771362305
_eval_classes_acc() cost time: 4.782644987106323
_eval_classes_acc() cost time: 4.757919549942017
_eval_classes_acc() cost time: 4.608078241348267
_eval_classes_acc() cost time: 4.645528554916382
_eval_classes_acc() cost time: 4.866417646408081
_eval_classes_acc() cost time: 4.7987284660339355
_eval_classes_acc() cost time: 4.900535345077515
_eval_classes_acc() cost time: 4.715402841567993
_eval_classes_acc() cost time: 4.786202430725098
_eval_classes_acc() cost time: 4.664781093597412
_eval_classes_acc() cost time: 4.982138395309448
_eval_classes_acc() cost time: 4.968576192855835
_eval_classes_acc() cost time: 4.940509080886841
_eval_classes_acc() cost time: 4.9182305335998535
_eval_classes_acc() cost time: 4.632978677749634
_eval_classes_acc() cost time: 4.487607955932617
_eval_classes_acc() cost time: 4.869916677474976
_eval_classes_acc() cost time: 10.207172393798828
_eval_classes_acc() cost time: 7.443358421325684
_eval_classes_acc() cost time: 4.78135085105896
_eval_classes_acc() cost time: 4.898559331893921
_eval_classes_acc() cost time: 5.051225900650024
_eval_classes_acc() cost time: 4.8828582763671875
_eval_classes_acc() cost time: 4.960917234420776
_eval_classes_acc() cost time: 4.765260934829712
_eval_classes_acc() cost time: 4.9549560546875
_eval_classes_acc() cost time: 4.855097770690918
_eval_classes_acc() cost time: 4.9046406745910645
_eval_classes_acc() cost time: 4.880831241607666
_eval_classes_acc() cost time: 4.811056613922119
_eval_classes_acc() cost time: 4.937362194061279
_eval_classes_acc() cost time: 4.860321044921875
_eval_classes_acc() cost time: 4.952962636947632
_eval_classes_acc() cost time: 4.810131072998047
_eval_classes_acc() cost time: 4.992061138153076
_eval_classes_acc() cost time: 4.4917237758636475

 40%|â–ˆâ–ˆâ–ˆâ–ˆ      | 4/10 [17:35<26:36, 266.02s/it][A_eval_classes_acc() cost time: 4.605276584625244
_eval_classes_acc() cost time: 4.38862681388855
_eval_classes_acc() cost time: 4.619506359100342
_eval_classes_acc() cost time: 4.426525831222534
_eval_classes_acc() cost time: 4.300970554351807
_eval_classes_acc() cost time: 4.683345556259155
_eval_classes_acc() cost time: 4.613281488418579
_eval_classes_acc() cost time: 4.51197361946106
_eval_classes_acc() cost time: 4.7713212966918945
_eval_classes_acc() cost time: 4.9364094734191895
_eval_classes_acc() cost time: 4.766222238540649
_eval_classes_acc() cost time: 4.819304943084717
_eval_classes_acc() cost time: 4.744122743606567
_eval_classes_acc() cost time: 4.506542921066284
_eval_classes_acc() cost time: 5.152103900909424
_eval_classes_acc() cost time: 4.912417411804199
_eval_classes_acc() cost time: 4.737549781799316
_eval_classes_acc() cost time: 4.764545440673828
_eval_classes_acc() cost time: 4.569572448730469
_eval_classes_acc() cost time: 4.825413227081299
_eval_classes_acc() cost time: 4.642279386520386
_eval_classes_acc() cost time: 4.924496412277222
_eval_classes_acc() cost time: 4.788594484329224
_eval_classes_acc() cost time: 4.859369993209839
_eval_classes_acc() cost time: 4.6091179847717285
_eval_classes_acc() cost time: 4.763484954833984
_eval_classes_acc() cost time: 4.535448312759399
_eval_classes_acc() cost time: 4.630269289016724
_eval_classes_acc() cost time: 4.170379161834717
_eval_classes_acc() cost time: 4.574418306350708
_eval_classes_acc() cost time: 4.512413263320923
_eval_classes_acc() cost time: 4.168843507766724
_eval_classes_acc() cost time: 3.8976688385009766
_eval_classes_acc() cost time: 4.60167932510376
_eval_classes_acc() cost time: 4.504025459289551
_eval_classes_acc() cost time: 4.179456472396851
_eval_classes_acc() cost time: 4.647687911987305
_eval_classes_acc() cost time: 4.32601523399353
_eval_classes_acc() cost time: 4.739625930786133
_eval_classes_acc() cost time: 4.2495715618133545
_eval_classes_acc() cost time: 4.479307651519775
_eval_classes_acc() cost time: 4.471132278442383
_eval_classes_acc() cost time: 4.292659044265747
_eval_classes_acc() cost time: 4.117337703704834
_eval_classes_acc() cost time: 4.357801914215088
_eval_classes_acc() cost time: 4.395507335662842
_eval_classes_acc() cost time: 4.6629319190979
_eval_classes_acc() cost time: 4.657850503921509
_eval_classes_acc() cost time: 4.659533262252808
_eval_classes_acc() cost time: 4.401396751403809

 50%|â–ˆâ–ˆâ–ˆâ–ˆâ–ˆ     | 5/10 [21:49<21:48, 261.74s/it][A_eval_classes_acc() cost time: 4.330306529998779
_eval_classes_acc() cost time: 4.234233379364014
_eval_classes_acc() cost time: 4.4992921352386475
_eval_classes_acc() cost time: 4.553532361984253
_eval_classes_acc() cost time: 4.257850885391235
_eval_classes_acc() cost time: 4.199972867965698
_eval_classes_acc() cost time: 4.6298065185546875
_eval_classes_acc() cost time: 4.376680850982666
_eval_classes_acc() cost time: 4.555795431137085
_eval_classes_acc() cost time: 3.973879814147949
_eval_classes_acc() cost time: 4.6400792598724365
_eval_classes_acc() cost time: 4.4643943309783936
_eval_classes_acc() cost time: 4.661083459854126
_eval_classes_acc() cost time: 4.068637371063232
_eval_classes_acc() cost time: 4.622469663619995
_eval_classes_acc() cost time: 4.422852516174316
_eval_classes_acc() cost time: 4.448521852493286
_eval_classes_acc() cost time: 4.565340042114258
_eval_classes_acc() cost time: 4.720722436904907
_eval_classes_acc() cost time: 4.408260822296143
_eval_classes_acc() cost time: 5.012134313583374
_eval_classes_acc() cost time: 4.727145671844482
_eval_classes_acc() cost time: 4.712613105773926
_eval_classes_acc() cost time: 4.3335182666778564
_eval_classes_acc() cost time: 4.820218801498413
_eval_classes_acc() cost time: 4.599193572998047
_eval_classes_acc() cost time: 4.404712438583374
_eval_classes_acc() cost time: 4.141535758972168
_eval_classes_acc() cost time: 4.352389335632324
_eval_classes_acc() cost time: 4.372124433517456
_eval_classes_acc() cost time: 4.13424825668335
_eval_classes_acc() cost time: 3.851583242416382
_eval_classes_acc() cost time: 3.991922616958618
_eval_classes_acc() cost time: 4.232406854629517
_eval_classes_acc() cost time: 4.321404218673706
_eval_classes_acc() cost time: 4.427349090576172
_eval_classes_acc() cost time: 4.417848348617554
_eval_classes_acc() cost time: 4.433483839035034
_eval_classes_acc() cost time: 4.204559803009033
_eval_classes_acc() cost time: 4.488629579544067
_eval_classes_acc() cost time: 4.606310606002808
_eval_classes_acc() cost time: 4.636263608932495
_eval_classes_acc() cost time: 4.424325227737427
_eval_classes_acc() cost time: 4.248192071914673
_eval_classes_acc() cost time: 4.37567925453186
_eval_classes_acc() cost time: 4.270289897918701
_eval_classes_acc() cost time: 4.223178148269653
_eval_classes_acc() cost time: 12.585403203964233
_eval_classes_acc() cost time: 4.28847074508667
_eval_classes_acc() cost time: 4.676958084106445

 60%|â–ˆâ–ˆâ–ˆâ–ˆâ–ˆâ–ˆ    | 6/10 [26:10<17:25, 261.34s/it][A_eval_classes_acc() cost time: 4.560130834579468
_eval_classes_acc() cost time: 4.599836349487305
_eval_classes_acc() cost time: 4.527971029281616
_eval_classes_acc() cost time: 4.398427724838257
_eval_classes_acc() cost time: 4.691680192947388
_eval_classes_acc() cost time: 4.603414058685303
_eval_classes_acc() cost time: 4.491665840148926
_eval_classes_acc() cost time: 4.2293689250946045
_eval_classes_acc() cost time: 4.343919992446899
_eval_classes_acc() cost time: 4.112167596817017
_eval_classes_acc() cost time: 4.874616622924805
_eval_classes_acc() cost time: 4.417735815048218
_eval_classes_acc() cost time: 4.833824157714844
_eval_classes_acc() cost time: 4.439759731292725
_eval_classes_acc() cost time: 4.3578009605407715
_eval_classes_acc() cost time: 4.080132722854614
_eval_classes_acc() cost time: 4.702412128448486
_eval_classes_acc() cost time: 4.377924203872681
_eval_classes_acc() cost time: 4.712430477142334
_eval_classes_acc() cost time: 4.432490825653076
_eval_classes_acc() cost time: 4.621725559234619
_eval_classes_acc() cost time: 3.963142156600952
_eval_classes_acc() cost time: 4.426125764846802
_eval_classes_acc() cost time: 3.988906145095825
_eval_classes_acc() cost time: 4.591903924942017
_eval_classes_acc() cost time: 4.608845472335815
_eval_classes_acc() cost time: 4.479287147521973
_eval_classes_acc() cost time: 4.341353416442871
_eval_classes_acc() cost time: 4.465736627578735
_eval_classes_acc() cost time: 4.558614730834961
_eval_classes_acc() cost time: 4.659708023071289
_eval_classes_acc() cost time: 4.518845796585083
_eval_classes_acc() cost time: 4.7608277797698975
_eval_classes_acc() cost time: 4.402200698852539
_eval_classes_acc() cost time: 4.237949848175049
_eval_classes_acc() cost time: 4.445162057876587
_eval_classes_acc() cost time: 4.569382190704346
_eval_classes_acc() cost time: 4.824354648590088
_eval_classes_acc() cost time: 4.604481935501099
_eval_classes_acc() cost time: 4.673020124435425
_eval_classes_acc() cost time: 4.286880254745483
_eval_classes_acc() cost time: 4.292423486709595
_eval_classes_acc() cost time: 4.538333177566528
_eval_classes_acc() cost time: 4.701138019561768
_eval_classes_acc() cost time: 4.2554848194122314
_eval_classes_acc() cost time: 4.507578611373901
_eval_classes_acc() cost time: 4.534855842590332
_eval_classes_acc() cost time: 4.9650819301605225
_eval_classes_acc() cost time: 4.7873828411102295
_eval_classes_acc() cost time: 4.8590381145477295

 70%|â–ˆâ–ˆâ–ˆâ–ˆâ–ˆâ–ˆâ–ˆ   | 7/10 [30:23<12:56, 258.70s/it][A_eval_classes_acc() cost time: 4.69818377494812
_eval_classes_acc() cost time: 4.907729625701904
_eval_classes_acc() cost time: 4.744817018508911
_eval_classes_acc() cost time: 4.570510625839233
_eval_classes_acc() cost time: 4.7577409744262695
_eval_classes_acc() cost time: 4.62701940536499
_eval_classes_acc() cost time: 4.643584489822388
_eval_classes_acc() cost time: 4.644973039627075
_eval_classes_acc() cost time: 5.060020446777344
_eval_classes_acc() cost time: 4.895617961883545
_eval_classes_acc() cost time: 4.895155668258667
_eval_classes_acc() cost time: 4.73067045211792
_eval_classes_acc() cost time: 4.758305788040161
_eval_classes_acc() cost time: 4.447866678237915
_eval_classes_acc() cost time: 4.723339080810547
_eval_classes_acc() cost time: 4.431185007095337
_eval_classes_acc() cost time: 4.687245845794678
_eval_classes_acc() cost time: 4.481196165084839
_eval_classes_acc() cost time: 4.852187395095825
_eval_classes_acc() cost time: 4.969955682754517
_eval_classes_acc() cost time: 4.743880033493042
_eval_classes_acc() cost time: 4.650291204452515
_eval_classes_acc() cost time: 4.470735788345337
_eval_classes_acc() cost time: 4.529746055603027
_eval_classes_acc() cost time: 4.152008771896362
_eval_classes_acc() cost time: 4.615747451782227
_eval_classes_acc() cost time: 4.504802227020264
_eval_classes_acc() cost time: 4.609888553619385
_eval_classes_acc() cost time: 4.508090257644653
_eval_classes_acc() cost time: 4.583966970443726
_eval_classes_acc() cost time: 4.241607904434204
_eval_classes_acc() cost time: 4.7527916431427
_eval_classes_acc() cost time: 4.280942440032959
_eval_classes_acc() cost time: 4.739342212677002
_eval_classes_acc() cost time: 4.2094502449035645
_eval_classes_acc() cost time: 4.48060941696167
_eval_classes_acc() cost time: 4.209118127822876
_eval_classes_acc() cost time: 4.380205154418945
_eval_classes_acc() cost time: 4.443741083145142
_eval_classes_acc() cost time: 4.4647040367126465
_eval_classes_acc() cost time: 4.49556303024292
_eval_classes_acc() cost time: 4.497576713562012
_eval_classes_acc() cost time: 4.3963727951049805
_eval_classes_acc() cost time: 4.61796498298645
_eval_classes_acc() cost time: 4.346064567565918
_eval_classes_acc() cost time: 4.590663433074951
_eval_classes_acc() cost time: 4.646830320358276
_eval_classes_acc() cost time: 5.028688192367554
_eval_classes_acc() cost time: 4.788102149963379
_eval_classes_acc() cost time: 4.722037076950073

 80%|â–ˆâ–ˆâ–ˆâ–ˆâ–ˆâ–ˆâ–ˆâ–ˆ  | 8/10 [34:42<08:37, 258.89s/it][A_eval_classes_acc() cost time: 4.866087436676025
_eval_classes_acc() cost time: 4.647778511047363
_eval_classes_acc() cost time: 4.603844881057739
_eval_classes_acc() cost time: 4.6193952560424805
_eval_classes_acc() cost time: 4.850321531295776
_eval_classes_acc() cost time: 4.708117723464966
_eval_classes_acc() cost time: 4.503662347793579
_eval_classes_acc() cost time: 4.44460916519165
_eval_classes_acc() cost time: 4.66713809967041
_eval_classes_acc() cost time: 4.741902589797974
_eval_classes_acc() cost time: 4.937576770782471
_eval_classes_acc() cost time: 4.708041667938232
_eval_classes_acc() cost time: 9.805011987686157
_eval_classes_acc() cost time: 7.435827970504761
_eval_classes_acc() cost time: 4.521221160888672
_eval_classes_acc() cost time: 4.5702338218688965
_eval_classes_acc() cost time: 4.467376708984375
_eval_classes_acc() cost time: 4.8220374584198
_eval_classes_acc() cost time: 4.505937099456787
_eval_classes_acc() cost time: 4.535459280014038
_eval_classes_acc() cost time: 4.496699810028076
_eval_classes_acc() cost time: 4.585307598114014
_eval_classes_acc() cost time: 4.410686731338501
_eval_classes_acc() cost time: 4.648270845413208
_eval_classes_acc() cost time: 4.023823261260986
_eval_classes_acc() cost time: 4.226282119750977
_eval_classes_acc() cost time: 3.8930060863494873
_eval_classes_acc() cost time: 4.627125263214111
_eval_classes_acc() cost time: 4.101423025131226
_eval_classes_acc() cost time: 4.578945875167847
_eval_classes_acc() cost time: 3.919456720352173
_eval_classes_acc() cost time: 4.3871729373931885
_eval_classes_acc() cost time: 4.197795867919922
_eval_classes_acc() cost time: 4.625794410705566
_eval_classes_acc() cost time: 4.406265497207642
_eval_classes_acc() cost time: 4.500318765640259
_eval_classes_acc() cost time: 4.205780506134033
_eval_classes_acc() cost time: 4.400099039077759
_eval_classes_acc() cost time: 4.4479289054870605
_eval_classes_acc() cost time: 4.481373310089111
_eval_classes_acc() cost time: 4.19605827331543
_eval_classes_acc() cost time: 4.926041603088379
_eval_classes_acc() cost time: 4.574876308441162
_eval_classes_acc() cost time: 4.252278566360474
_eval_classes_acc() cost time: 4.23648738861084
_eval_classes_acc() cost time: 4.443890333175659
_eval_classes_acc() cost time: 4.1212077140808105
_eval_classes_acc() cost time: 4.474921226501465
_eval_classes_acc() cost time: 4.278397560119629
_eval_classes_acc() cost time: 4.169421672821045

 90%|â–ˆâ–ˆâ–ˆâ–ˆâ–ˆâ–ˆâ–ˆâ–ˆâ–ˆ | 9/10 [39:00<04:18, 258.66s/it][A_eval_classes_acc() cost time: 4.320698022842407
_eval_classes_acc() cost time: 4.348246335983276
_eval_classes_acc() cost time: 4.336933612823486
_eval_classes_acc() cost time: 4.601577281951904
_eval_classes_acc() cost time: 4.084995985031128
_eval_classes_acc() cost time: 4.279648303985596
_eval_classes_acc() cost time: 4.565202713012695
_eval_classes_acc() cost time: 4.28879189491272
_eval_classes_acc() cost time: 4.303445816040039
_eval_classes_acc() cost time: 4.58177375793457
_eval_classes_acc() cost time: 4.095789670944214
_eval_classes_acc() cost time: 4.235344648361206
_eval_classes_acc() cost time: 4.205786943435669
_eval_classes_acc() cost time: 4.4430060386657715
_eval_classes_acc() cost time: 4.500974893569946
_eval_classes_acc() cost time: 4.612227439880371
_eval_classes_acc() cost time: 4.343520879745483
_eval_classes_acc() cost time: 3.802682399749756
_eval_classes_acc() cost time: 4.092149019241333
_eval_classes_acc() cost time: 4.130753040313721
_eval_classes_acc() cost time: 4.560656309127808
_eval_classes_acc() cost time: 4.528949499130249
_eval_classes_acc() cost time: 4.525640964508057
_eval_classes_acc() cost time: 4.568698406219482
_eval_classes_acc() cost time: 4.4653613567352295
_eval_classes_acc() cost time: 4.283226728439331
_eval_classes_acc() cost time: 4.624562501907349
_eval_classes_acc() cost time: 4.210384368896484
_eval_classes_acc() cost time: 4.384725570678711
_eval_classes_acc() cost time: 4.2537147998809814
_eval_classes_acc() cost time: 4.367751836776733
_eval_classes_acc() cost time: 4.094457149505615
_eval_classes_acc() cost time: 4.555249452590942
_eval_classes_acc() cost time: 4.398486614227295
_eval_classes_acc() cost time: 4.502474308013916
_eval_classes_acc() cost time: 4.321047306060791
_eval_classes_acc() cost time: 4.448065757751465
_eval_classes_acc() cost time: 4.1460113525390625
_eval_classes_acc() cost time: 4.577081680297852
_eval_classes_acc() cost time: 4.457850456237793
_eval_classes_acc() cost time: 4.457262992858887
_eval_classes_acc() cost time: 4.212786912918091
_eval_classes_acc() cost time: 4.199557304382324
_eval_classes_acc() cost time: 4.338379144668579
_eval_classes_acc() cost time: 4.389228820800781
_eval_classes_acc() cost time: 4.5871007442474365
_eval_classes_acc() cost time: 4.642319440841675
_eval_classes_acc() cost time: 4.553709268569946
_eval_classes_acc() cost time: 4.4775168895721436
_eval_classes_acc() cost time: 3.9508659839630127

100%|â–ˆâ–ˆâ–ˆâ–ˆâ–ˆâ–ˆâ–ˆâ–ˆâ–ˆâ–ˆ| 10/10 [43:09<00:00, 255.65s/it][A100%|â–ˆâ–ˆâ–ˆâ–ˆâ–ˆâ–ˆâ–ˆâ–ˆâ–ˆâ–ˆ| 10/10 [43:09<00:00, 258.98s/it]
 67%|â–ˆâ–ˆâ–ˆâ–ˆâ–ˆâ–ˆâ–‹   | 2/3 [2:00:22<57:10, 3430.99s/it]  _eval_classes_acc() cost time: 4.220646858215332
dataset_name:CIFAR10, model_name:resnet18_nopretrain_32_32_3, attack_name:Blended, mutation_name:neuron_switch
æˆåŠŸåˆ›å»ºæ–‡ä»¶å¤¹/data/mml/backdoor_detect/experiments/CIFAR10/resnet18_nopretrain_32_32_3/Blended/weight_shuffle

  0%|          | 0/10 [00:00<?, ?it/s][A_eval_classes_acc() cost time: 4.246478080749512
_eval_classes_acc() cost time: 4.706294775009155
_eval_classes_acc() cost time: 4.176278829574585
_eval_classes_acc() cost time: 4.984403848648071
_eval_classes_acc() cost time: 4.582154035568237
_eval_classes_acc() cost time: 4.6617302894592285
_eval_classes_acc() cost time: 4.547427177429199
_eval_classes_acc() cost time: 4.6843907833099365
_eval_classes_acc() cost time: 4.455891132354736
_eval_classes_acc() cost time: 4.6242969036102295
_eval_classes_acc() cost time: 4.247109889984131
_eval_classes_acc() cost time: 4.43262243270874
_eval_classes_acc() cost time: 4.476522922515869
_eval_classes_acc() cost time: 4.5419957637786865
_eval_classes_acc() cost time: 4.442683935165405
_eval_classes_acc() cost time: 4.6355061531066895
_eval_classes_acc() cost time: 4.548006296157837
_eval_classes_acc() cost time: 4.76399302482605
_eval_classes_acc() cost time: 4.6292405128479
_eval_classes_acc() cost time: 4.846828937530518
_eval_classes_acc() cost time: 4.686729669570923
_eval_classes_acc() cost time: 4.9640045166015625
_eval_classes_acc() cost time: 4.796118259429932
_eval_classes_acc() cost time: 4.922382593154907
_eval_classes_acc() cost time: 4.781078577041626
_eval_classes_acc() cost time: 4.822019338607788
_eval_classes_acc() cost time: 4.929602146148682
_eval_classes_acc() cost time: 4.795499563217163
_eval_classes_acc() cost time: 5.050030708312988
_eval_classes_acc() cost time: 11.557493209838867
_eval_classes_acc() cost time: 5.876232624053955
_eval_classes_acc() cost time: 4.972304821014404
_eval_classes_acc() cost time: 4.827477931976318
_eval_classes_acc() cost time: 5.014256477355957
_eval_classes_acc() cost time: 4.897021770477295
_eval_classes_acc() cost time: 4.763438701629639
_eval_classes_acc() cost time: 5.018291234970093
_eval_classes_acc() cost time: 4.862162113189697
_eval_classes_acc() cost time: 4.9385986328125
_eval_classes_acc() cost time: 4.786689519882202
_eval_classes_acc() cost time: 4.846578359603882
_eval_classes_acc() cost time: 4.871277570724487
_eval_classes_acc() cost time: 4.599203586578369
_eval_classes_acc() cost time: 4.669437408447266
_eval_classes_acc() cost time: 4.505652904510498
_eval_classes_acc() cost time: 4.630234956741333
_eval_classes_acc() cost time: 4.324329853057861
_eval_classes_acc() cost time: 4.520904541015625
_eval_classes_acc() cost time: 4.424336671829224

 10%|â–ˆ         | 1/10 [04:30<40:31, 270.15s/it][A_eval_classes_acc() cost time: 4.726332187652588
_eval_classes_acc() cost time: 4.517360210418701
_eval_classes_acc() cost time: 4.723568916320801
_eval_classes_acc() cost time: 4.052708864212036
_eval_classes_acc() cost time: 4.63956880569458
_eval_classes_acc() cost time: 4.393696308135986
_eval_classes_acc() cost time: 4.530916213989258
_eval_classes_acc() cost time: 4.43911075592041
_eval_classes_acc() cost time: 4.607466459274292
_eval_classes_acc() cost time: 4.501415491104126
_eval_classes_acc() cost time: 4.619270086288452
_eval_classes_acc() cost time: 4.49314546585083
_eval_classes_acc() cost time: 4.358217239379883
_eval_classes_acc() cost time: 4.43011212348938
_eval_classes_acc() cost time: 4.6531524658203125
_eval_classes_acc() cost time: 4.331594705581665
_eval_classes_acc() cost time: 4.683257579803467
_eval_classes_acc() cost time: 4.541372776031494
_eval_classes_acc() cost time: 4.671145439147949
_eval_classes_acc() cost time: 4.372486352920532
_eval_classes_acc() cost time: 4.678462028503418
_eval_classes_acc() cost time: 4.2698140144348145
_eval_classes_acc() cost time: 4.6546196937561035
_eval_classes_acc() cost time: 4.360201597213745
_eval_classes_acc() cost time: 4.672826290130615
_eval_classes_acc() cost time: 4.416848659515381
_eval_classes_acc() cost time: 4.682030439376831
_eval_classes_acc() cost time: 4.619096279144287
_eval_classes_acc() cost time: 4.75507664680481
_eval_classes_acc() cost time: 4.293724060058594
_eval_classes_acc() cost time: 4.731603622436523
_eval_classes_acc() cost time: 4.586231470108032
_eval_classes_acc() cost time: 4.633528232574463
_eval_classes_acc() cost time: 4.497308731079102
_eval_classes_acc() cost time: 4.651965379714966
_eval_classes_acc() cost time: 4.671756982803345
_eval_classes_acc() cost time: 4.476538896560669
_eval_classes_acc() cost time: 4.601824522018433
_eval_classes_acc() cost time: 4.490858316421509
_eval_classes_acc() cost time: 4.664083480834961
_eval_classes_acc() cost time: 4.48327374458313
_eval_classes_acc() cost time: 4.885027647018433
_eval_classes_acc() cost time: 4.8771984577178955
_eval_classes_acc() cost time: 4.9618611335754395
_eval_classes_acc() cost time: 4.8330607414245605
_eval_classes_acc() cost time: 4.893266916275024
_eval_classes_acc() cost time: 5.0071892738342285
_eval_classes_acc() cost time: 4.752411127090454
_eval_classes_acc() cost time: 4.825786828994751
_eval_classes_acc() cost time: 4.616271018981934

 20%|â–ˆâ–ˆ        | 2/10 [08:44<34:48, 261.02s/it][A_eval_classes_acc() cost time: 4.684212923049927
_eval_classes_acc() cost time: 4.497091054916382
_eval_classes_acc() cost time: 4.598237991333008
_eval_classes_acc() cost time: 4.415528297424316
_eval_classes_acc() cost time: 4.617677688598633
_eval_classes_acc() cost time: 4.345688104629517
_eval_classes_acc() cost time: 4.573896408081055
_eval_classes_acc() cost time: 4.488104343414307
_eval_classes_acc() cost time: 4.5584330558776855
_eval_classes_acc() cost time: 4.332839488983154
_eval_classes_acc() cost time: 4.751838445663452
_eval_classes_acc() cost time: 4.3247339725494385
_eval_classes_acc() cost time: 4.8156797885894775
_eval_classes_acc() cost time: 4.4956066608428955
_eval_classes_acc() cost time: 4.642745018005371
_eval_classes_acc() cost time: 4.625171184539795
_eval_classes_acc() cost time: 4.4165427684783936
_eval_classes_acc() cost time: 4.687281370162964
_eval_classes_acc() cost time: 4.475856781005859
_eval_classes_acc() cost time: 4.515443325042725
_eval_classes_acc() cost time: 4.12512469291687
_eval_classes_acc() cost time: 5.125646591186523
_eval_classes_acc() cost time: 4.717925786972046
_eval_classes_acc() cost time: 4.422240257263184
_eval_classes_acc() cost time: 4.669497013092041
_eval_classes_acc() cost time: 4.492946147918701
_eval_classes_acc() cost time: 4.562642812728882
_eval_classes_acc() cost time: 4.351524591445923
_eval_classes_acc() cost time: 4.689915657043457
_eval_classes_acc() cost time: 4.579195976257324
_eval_classes_acc() cost time: 4.6297430992126465
_eval_classes_acc() cost time: 4.848232746124268
_eval_classes_acc() cost time: 4.624361991882324
_eval_classes_acc() cost time: 4.809820175170898
_eval_classes_acc() cost time: 4.749755144119263
_eval_classes_acc() cost time: 5.022751092910767
_eval_classes_acc() cost time: 4.895837783813477
_eval_classes_acc() cost time: 4.982681512832642
_eval_classes_acc() cost time: 4.657388210296631
_eval_classes_acc() cost time: 4.617499351501465
_eval_classes_acc() cost time: 4.6546900272369385
_eval_classes_acc() cost time: 4.549470663070679
_eval_classes_acc() cost time: 4.701647996902466
_eval_classes_acc() cost time: 4.738139867782593
_eval_classes_acc() cost time: 4.9750752449035645
_eval_classes_acc() cost time: 13.21902346611023
_eval_classes_acc() cost time: 4.592142581939697
_eval_classes_acc() cost time: 4.731501579284668
_eval_classes_acc() cost time: 4.544694423675537
_eval_classes_acc() cost time: 4.835834264755249

 30%|â–ˆâ–ˆâ–ˆ       | 3/10 [13:10<30:40, 262.97s/it][A_eval_classes_acc() cost time: 4.6050474643707275
_eval_classes_acc() cost time: 4.866142272949219
_eval_classes_acc() cost time: 4.60500168800354
_eval_classes_acc() cost time: 4.6716790199279785
_eval_classes_acc() cost time: 4.471222639083862
_eval_classes_acc() cost time: 4.752293586730957
_eval_classes_acc() cost time: 4.5316245555877686
_eval_classes_acc() cost time: 4.575208425521851
_eval_classes_acc() cost time: 4.584603309631348
_eval_classes_acc() cost time: 4.647253751754761
_eval_classes_acc() cost time: 4.3128886222839355
_eval_classes_acc() cost time: 4.705514192581177
_eval_classes_acc() cost time: 4.247174501419067
_eval_classes_acc() cost time: 4.771783828735352
_eval_classes_acc() cost time: 4.539748668670654
_eval_classes_acc() cost time: 4.626030445098877
_eval_classes_acc() cost time: 4.276352882385254
_eval_classes_acc() cost time: 4.5933616161346436
_eval_classes_acc() cost time: 4.084097385406494
_eval_classes_acc() cost time: 4.633804082870483
_eval_classes_acc() cost time: 4.121002674102783
_eval_classes_acc() cost time: 4.524808168411255
_eval_classes_acc() cost time: 4.82453989982605
_eval_classes_acc() cost time: 4.420149564743042
_eval_classes_acc() cost time: 4.598233938217163
_eval_classes_acc() cost time: 3.8336496353149414
_eval_classes_acc() cost time: 4.398958921432495
_eval_classes_acc() cost time: 4.206986427307129
_eval_classes_acc() cost time: 4.510164260864258
_eval_classes_acc() cost time: 4.502150297164917
_eval_classes_acc() cost time: 4.645734786987305
_eval_classes_acc() cost time: 3.9679877758026123
_eval_classes_acc() cost time: 4.3372955322265625
_eval_classes_acc() cost time: 3.940486192703247
_eval_classes_acc() cost time: 4.755423307418823
_eval_classes_acc() cost time: 4.490001916885376
_eval_classes_acc() cost time: 4.488276958465576
_eval_classes_acc() cost time: 4.400315761566162
_eval_classes_acc() cost time: 4.411022663116455
_eval_classes_acc() cost time: 4.107389688491821
_eval_classes_acc() cost time: 4.633734226226807
_eval_classes_acc() cost time: 4.54041051864624
_eval_classes_acc() cost time: 4.699894428253174
_eval_classes_acc() cost time: 4.531618595123291
_eval_classes_acc() cost time: 4.7074806690216064
_eval_classes_acc() cost time: 4.428285598754883
_eval_classes_acc() cost time: 4.656465530395508
_eval_classes_acc() cost time: 4.695488214492798
_eval_classes_acc() cost time: 4.642899513244629
_eval_classes_acc() cost time: 4.637579679489136

 40%|â–ˆâ–ˆâ–ˆâ–ˆ      | 4/10 [17:20<25:48, 258.02s/it][A_eval_classes_acc() cost time: 4.401805877685547
_eval_classes_acc() cost time: 4.61423921585083
_eval_classes_acc() cost time: 4.485255479812622
_eval_classes_acc() cost time: 4.609244108200073
_eval_classes_acc() cost time: 4.5649683475494385
_eval_classes_acc() cost time: 4.697101593017578
_eval_classes_acc() cost time: 4.582536697387695
_eval_classes_acc() cost time: 4.539001941680908
_eval_classes_acc() cost time: 4.4013991355896
_eval_classes_acc() cost time: 4.580975294113159
_eval_classes_acc() cost time: 4.546054840087891
_eval_classes_acc() cost time: 5.0224769115448
_eval_classes_acc() cost time: 4.855923652648926
_eval_classes_acc() cost time: 4.829984188079834
_eval_classes_acc() cost time: 4.566321611404419
_eval_classes_acc() cost time: 4.746621370315552
_eval_classes_acc() cost time: 4.406951904296875
_eval_classes_acc() cost time: 4.444045543670654
_eval_classes_acc() cost time: 4.323897838592529
_eval_classes_acc() cost time: 4.7553486824035645
_eval_classes_acc() cost time: 4.514146327972412
_eval_classes_acc() cost time: 4.9615864753723145
_eval_classes_acc() cost time: 4.902956008911133
_eval_classes_acc() cost time: 5.076937198638916
_eval_classes_acc() cost time: 4.691147089004517
_eval_classes_acc() cost time: 4.599743127822876
_eval_classes_acc() cost time: 4.644054651260376
_eval_classes_acc() cost time: 4.50756049156189
_eval_classes_acc() cost time: 4.6585094928741455
_eval_classes_acc() cost time: 4.371195077896118
_eval_classes_acc() cost time: 4.638861417770386
_eval_classes_acc() cost time: 4.41853928565979
_eval_classes_acc() cost time: 4.467954635620117
_eval_classes_acc() cost time: 4.194063901901245
_eval_classes_acc() cost time: 4.5856077671051025
_eval_classes_acc() cost time: 4.09637975692749
_eval_classes_acc() cost time: 4.561689376831055
_eval_classes_acc() cost time: 4.55860447883606
_eval_classes_acc() cost time: 4.6227312088012695
_eval_classes_acc() cost time: 4.494080305099487
_eval_classes_acc() cost time: 4.831841945648193
_eval_classes_acc() cost time: 4.532229900360107
_eval_classes_acc() cost time: 4.686381578445435
_eval_classes_acc() cost time: 4.554653882980347
_eval_classes_acc() cost time: 4.7821972370147705
_eval_classes_acc() cost time: 4.443506240844727
_eval_classes_acc() cost time: 4.796362638473511
_eval_classes_acc() cost time: 4.523767948150635
_eval_classes_acc() cost time: 4.668712139129639
_eval_classes_acc() cost time: 4.407320261001587

 50%|â–ˆâ–ˆâ–ˆâ–ˆâ–ˆ     | 5/10 [21:35<21:24, 256.90s/it][A_eval_classes_acc() cost time: 4.703198671340942
_eval_classes_acc() cost time: 4.328035354614258
_eval_classes_acc() cost time: 4.587674856185913
_eval_classes_acc() cost time: 4.208414793014526
_eval_classes_acc() cost time: 4.666460037231445
_eval_classes_acc() cost time: 4.180856704711914
_eval_classes_acc() cost time: 4.318806171417236
_eval_classes_acc() cost time: 4.026463031768799
_eval_classes_acc() cost time: 4.595947027206421
_eval_classes_acc() cost time: 4.413837671279907
_eval_classes_acc() cost time: 4.629562139511108
_eval_classes_acc() cost time: 4.3619225025177
_eval_classes_acc() cost time: 11.579517602920532
_eval_classes_acc() cost time: 5.413142204284668
_eval_classes_acc() cost time: 4.33418345451355
_eval_classes_acc() cost time: 4.583765506744385
_eval_classes_acc() cost time: 4.306344985961914
_eval_classes_acc() cost time: 4.625714302062988
_eval_classes_acc() cost time: 4.196696043014526
_eval_classes_acc() cost time: 4.348264932632446
_eval_classes_acc() cost time: 4.247788190841675
_eval_classes_acc() cost time: 4.6012396812438965
_eval_classes_acc() cost time: 3.9215164184570312
_eval_classes_acc() cost time: 4.642334938049316
_eval_classes_acc() cost time: 4.660458087921143
_eval_classes_acc() cost time: 4.20844292640686
_eval_classes_acc() cost time: 3.983076333999634
_eval_classes_acc() cost time: 4.513361692428589
_eval_classes_acc() cost time: 3.956768274307251
_eval_classes_acc() cost time: 4.7156593799591064
_eval_classes_acc() cost time: 4.411027431488037
_eval_classes_acc() cost time: 4.486602544784546
_eval_classes_acc() cost time: 4.458958864212036
_eval_classes_acc() cost time: 4.631912708282471
_eval_classes_acc() cost time: 4.184567213058472
_eval_classes_acc() cost time: 4.644889831542969
_eval_classes_acc() cost time: 4.137200832366943
_eval_classes_acc() cost time: 4.526240825653076
_eval_classes_acc() cost time: 4.170525550842285
_eval_classes_acc() cost time: 4.4868810176849365
_eval_classes_acc() cost time: 4.592109203338623
_eval_classes_acc() cost time: 4.838637590408325
_eval_classes_acc() cost time: 4.42619252204895
_eval_classes_acc() cost time: 4.651797771453857
_eval_classes_acc() cost time: 4.24640154838562
_eval_classes_acc() cost time: 4.550706148147583
_eval_classes_acc() cost time: 4.483241558074951
_eval_classes_acc() cost time: 4.5659379959106445
_eval_classes_acc() cost time: 4.57211971282959
_eval_classes_acc() cost time: 4.607074975967407

 60%|â–ˆâ–ˆâ–ˆâ–ˆâ–ˆâ–ˆ    | 6/10 [25:52<17:07, 256.96s/it][A_eval_classes_acc() cost time: 4.460033893585205
_eval_classes_acc() cost time: 4.741492748260498
_eval_classes_acc() cost time: 4.352245807647705
_eval_classes_acc() cost time: 4.909478187561035
_eval_classes_acc() cost time: 4.436789274215698
_eval_classes_acc() cost time: 4.943096160888672
_eval_classes_acc() cost time: 4.747981309890747
_eval_classes_acc() cost time: 4.847181081771851
_eval_classes_acc() cost time: 4.498934030532837
_eval_classes_acc() cost time: 4.5448219776153564
_eval_classes_acc() cost time: 4.221902847290039
_eval_classes_acc() cost time: 4.701579570770264
_eval_classes_acc() cost time: 4.1061928272247314
_eval_classes_acc() cost time: 4.694950819015503
_eval_classes_acc() cost time: 4.214349985122681
_eval_classes_acc() cost time: 4.548991680145264
_eval_classes_acc() cost time: 3.9639689922332764
_eval_classes_acc() cost time: 4.558612823486328
_eval_classes_acc() cost time: 4.218973875045776
_eval_classes_acc() cost time: 4.622812747955322
_eval_classes_acc() cost time: 4.3886399269104
_eval_classes_acc() cost time: 4.815866708755493
_eval_classes_acc() cost time: 4.480303049087524
_eval_classes_acc() cost time: 4.366575479507446
_eval_classes_acc() cost time: 4.255805492401123
_eval_classes_acc() cost time: 4.506526708602905
_eval_classes_acc() cost time: 4.37468409538269
_eval_classes_acc() cost time: 4.560570001602173
_eval_classes_acc() cost time: 4.631157875061035
_eval_classes_acc() cost time: 4.446293354034424
_eval_classes_acc() cost time: 4.551937580108643
_eval_classes_acc() cost time: 4.416753768920898
_eval_classes_acc() cost time: 4.357223749160767
_eval_classes_acc() cost time: 4.698369741439819
_eval_classes_acc() cost time: 4.479899644851685
_eval_classes_acc() cost time: 4.697072267532349
_eval_classes_acc() cost time: 4.276139736175537
_eval_classes_acc() cost time: 4.608466863632202
_eval_classes_acc() cost time: 4.530572175979614
_eval_classes_acc() cost time: 4.611619710922241
_eval_classes_acc() cost time: 4.539118528366089
_eval_classes_acc() cost time: 4.877988815307617
_eval_classes_acc() cost time: 4.637126684188843
_eval_classes_acc() cost time: 4.43049693107605
_eval_classes_acc() cost time: 4.49742579460144
_eval_classes_acc() cost time: 4.582251787185669
_eval_classes_acc() cost time: 4.436922311782837
_eval_classes_acc() cost time: 4.853019714355469
_eval_classes_acc() cost time: 4.6282267570495605
_eval_classes_acc() cost time: 5.287590265274048

 70%|â–ˆâ–ˆâ–ˆâ–ˆâ–ˆâ–ˆâ–ˆ   | 7/10 [30:04<12:45, 255.29s/it][A_eval_classes_acc() cost time: 4.831648826599121
_eval_classes_acc() cost time: 5.044193744659424
_eval_classes_acc() cost time: 4.81366753578186
_eval_classes_acc() cost time: 4.984813213348389
_eval_classes_acc() cost time: 4.893445014953613
_eval_classes_acc() cost time: 4.888481140136719
_eval_classes_acc() cost time: 5.035398483276367
_eval_classes_acc() cost time: 4.850127220153809
_eval_classes_acc() cost time: 4.886982202529907
_eval_classes_acc() cost time: 4.7646448612213135
_eval_classes_acc() cost time: 4.924121379852295
_eval_classes_acc() cost time: 4.736888885498047
_eval_classes_acc() cost time: 4.804077625274658
_eval_classes_acc() cost time: 4.503582239151001
_eval_classes_acc() cost time: 4.599957227706909
_eval_classes_acc() cost time: 3.9634053707122803
_eval_classes_acc() cost time: 4.6186511516571045
_eval_classes_acc() cost time: 3.962273597717285
_eval_classes_acc() cost time: 4.622791051864624
_eval_classes_acc() cost time: 4.432327747344971
_eval_classes_acc() cost time: 4.5186686515808105
_eval_classes_acc() cost time: 4.448390960693359
_eval_classes_acc() cost time: 4.534715890884399
_eval_classes_acc() cost time: 4.171531677246094
_eval_classes_acc() cost time: 4.691393852233887
_eval_classes_acc() cost time: 4.232076406478882
_eval_classes_acc() cost time: 4.823625326156616
_eval_classes_acc() cost time: 4.025691270828247
_eval_classes_acc() cost time: 4.681277513504028
_eval_classes_acc() cost time: 7.734623193740845
_eval_classes_acc() cost time: 9.105474948883057
_eval_classes_acc() cost time: 4.634237289428711
_eval_classes_acc() cost time: 4.533618211746216
_eval_classes_acc() cost time: 4.68001651763916
_eval_classes_acc() cost time: 4.552165746688843
_eval_classes_acc() cost time: 4.702423095703125
_eval_classes_acc() cost time: 4.386807918548584
_eval_classes_acc() cost time: 4.535845994949341
_eval_classes_acc() cost time: 4.415777921676636
_eval_classes_acc() cost time: 4.642615079879761
_eval_classes_acc() cost time: 4.320909738540649
_eval_classes_acc() cost time: 4.699596166610718
_eval_classes_acc() cost time: 4.49925684928894
_eval_classes_acc() cost time: 4.594646692276001
_eval_classes_acc() cost time: 4.281131029129028
_eval_classes_acc() cost time: 4.586594104766846
_eval_classes_acc() cost time: 4.292416572570801
_eval_classes_acc() cost time: 4.670430660247803
_eval_classes_acc() cost time: 4.248078346252441
_eval_classes_acc() cost time: 4.6291892528533936

 80%|â–ˆâ–ˆâ–ˆâ–ˆâ–ˆâ–ˆâ–ˆâ–ˆ  | 8/10 [34:25<08:34, 257.21s/it][A_eval_classes_acc() cost time: 4.088852882385254
_eval_classes_acc() cost time: 4.595067739486694
_eval_classes_acc() cost time: 4.507500648498535
_eval_classes_acc() cost time: 4.62770414352417
_eval_classes_acc() cost time: 4.098729133605957
_eval_classes_acc() cost time: 4.6955578327178955
_eval_classes_acc() cost time: 4.632352352142334
_eval_classes_acc() cost time: 4.864120721817017
_eval_classes_acc() cost time: 4.526987552642822
_eval_classes_acc() cost time: 4.555236101150513
_eval_classes_acc() cost time: 3.9159185886383057
_eval_classes_acc() cost time: 5.160511493682861
_eval_classes_acc() cost time: 4.335234880447388
_eval_classes_acc() cost time: 4.573139905929565
_eval_classes_acc() cost time: 4.532623767852783
_eval_classes_acc() cost time: 4.599971532821655
_eval_classes_acc() cost time: 4.469584941864014
_eval_classes_acc() cost time: 4.73899507522583
_eval_classes_acc() cost time: 4.278146266937256
_eval_classes_acc() cost time: 4.627294540405273
_eval_classes_acc() cost time: 4.151649475097656
_eval_classes_acc() cost time: 4.682933568954468
_eval_classes_acc() cost time: 4.506829738616943
_eval_classes_acc() cost time: 4.496968984603882
_eval_classes_acc() cost time: 4.34862494468689
_eval_classes_acc() cost time: 4.596928834915161
_eval_classes_acc() cost time: 4.3190529346466064
_eval_classes_acc() cost time: 4.681049108505249
_eval_classes_acc() cost time: 4.366856336593628
_eval_classes_acc() cost time: 4.717739582061768
_eval_classes_acc() cost time: 4.441684246063232
_eval_classes_acc() cost time: 4.610089063644409
_eval_classes_acc() cost time: 4.105865478515625
_eval_classes_acc() cost time: 4.197082757949829
_eval_classes_acc() cost time: 4.5924248695373535
_eval_classes_acc() cost time: 4.000020265579224
_eval_classes_acc() cost time: 4.773231506347656
_eval_classes_acc() cost time: 4.629464864730835
_eval_classes_acc() cost time: 4.643420696258545
_eval_classes_acc() cost time: 4.487169981002808
_eval_classes_acc() cost time: 4.442387342453003
_eval_classes_acc() cost time: 4.276671886444092
_eval_classes_acc() cost time: 4.600836753845215
_eval_classes_acc() cost time: 4.4994142055511475
_eval_classes_acc() cost time: 4.622569799423218
_eval_classes_acc() cost time: 4.532108306884766
_eval_classes_acc() cost time: 4.528643846511841
_eval_classes_acc() cost time: 4.494133710861206
_eval_classes_acc() cost time: 4.613971710205078
_eval_classes_acc() cost time: 4.256261825561523

 90%|â–ˆâ–ˆâ–ˆâ–ˆâ–ˆâ–ˆâ–ˆâ–ˆâ–ˆ | 9/10 [38:32<04:13, 253.84s/it][A_eval_classes_acc() cost time: 4.579614877700806
_eval_classes_acc() cost time: 4.506551027297974
_eval_classes_acc() cost time: 4.716214179992676
_eval_classes_acc() cost time: 3.7433555126190186
_eval_classes_acc() cost time: 4.678986549377441
_eval_classes_acc() cost time: 4.0233049392700195
_eval_classes_acc() cost time: 4.640810489654541
_eval_classes_acc() cost time: 4.492133617401123
_eval_classes_acc() cost time: 4.619305372238159
_eval_classes_acc() cost time: 3.999361753463745
_eval_classes_acc() cost time: 4.60830283164978
_eval_classes_acc() cost time: 4.136006593704224
_eval_classes_acc() cost time: 4.6617748737335205
_eval_classes_acc() cost time: 4.54240870475769
_eval_classes_acc() cost time: 4.466477632522583
_eval_classes_acc() cost time: 4.361911058425903
_eval_classes_acc() cost time: 4.582919597625732
_eval_classes_acc() cost time: 4.286256790161133
_eval_classes_acc() cost time: 4.482424974441528
_eval_classes_acc() cost time: 4.127872943878174
_eval_classes_acc() cost time: 4.557897329330444
_eval_classes_acc() cost time: 4.379058361053467
_eval_classes_acc() cost time: 4.286136865615845
_eval_classes_acc() cost time: 4.525697946548462
_eval_classes_acc() cost time: 4.2595274448394775
_eval_classes_acc() cost time: 4.657691955566406
_eval_classes_acc() cost time: 4.197827577590942
_eval_classes_acc() cost time: 4.71462869644165
_eval_classes_acc() cost time: 4.463109016418457
_eval_classes_acc() cost time: 4.4653472900390625
_eval_classes_acc() cost time: 4.197729110717773
_eval_classes_acc() cost time: 4.440229654312134
_eval_classes_acc() cost time: 4.196340799331665
_eval_classes_acc() cost time: 4.198312997817993
_eval_classes_acc() cost time: 4.155416488647461
_eval_classes_acc() cost time: 4.5406482219696045
_eval_classes_acc() cost time: 4.4887003898620605
_eval_classes_acc() cost time: 4.412800312042236
_eval_classes_acc() cost time: 4.255522012710571
_eval_classes_acc() cost time: 4.32566237449646
_eval_classes_acc() cost time: 4.306392192840576
_eval_classes_acc() cost time: 4.507055997848511
_eval_classes_acc() cost time: 4.235061168670654
_eval_classes_acc() cost time: 4.601846933364868
_eval_classes_acc() cost time: 4.283775091171265
_eval_classes_acc() cost time: 4.09084677696228
_eval_classes_acc() cost time: 4.176328659057617
_eval_classes_acc() cost time: 4.131126642227173
_eval_classes_acc() cost time: 4.23591685295105
_eval_classes_acc() cost time: 8.720775365829468

100%|â–ˆâ–ˆâ–ˆâ–ˆâ–ˆâ–ˆâ–ˆâ–ˆâ–ˆâ–ˆ| 10/10 [42:47<00:00, 254.19s/it][A100%|â–ˆâ–ˆâ–ˆâ–ˆâ–ˆâ–ˆâ–ˆâ–ˆâ–ˆâ–ˆ| 10/10 [42:47<00:00, 256.71s/it]
100%|â–ˆâ–ˆâ–ˆâ–ˆâ–ˆâ–ˆâ–ˆâ–ˆâ–ˆâ–ˆ| 3/3 [2:43:09<00:00, 3036.58s/it]100%|â–ˆâ–ˆâ–ˆâ–ˆâ–ˆâ–ˆâ–ˆâ–ˆâ–ˆâ–ˆ| 3/3 [2:43:09<00:00, 3263.22s/it]
_eval_classes_acc() cost time: 8.06188678741455
dataset_name:CIFAR10, model_name:resnet18_nopretrain_32_32_3, attack_name:Blended, mutation_name:weight_shuffle
