  0%|          | 0/3 [00:00<?, ?it/s]æ–‡ä»¶å¤¹/data/mml/backdoor_detect/experiments/CIFAR10/resnet18_nopretrain_32_32_3/IAD/neuron_blockå·²ç»å­˜åœ¨!

  0%|          | 0/10 [00:00<?, ?it/s][A_eval_classes_acc() cost time: 6.3900978565216064
_eval_classes_acc() cost time: 5.147228240966797
_eval_classes_acc() cost time: 4.741139650344849
_eval_classes_acc() cost time: 4.851682901382446
_eval_classes_acc() cost time: 5.5529844760894775
_eval_classes_acc() cost time: 5.570929050445557
_eval_classes_acc() cost time: 4.519807815551758
_eval_classes_acc() cost time: 4.540105104446411
_eval_classes_acc() cost time: 4.752554893493652
_eval_classes_acc() cost time: 5.436096906661987
_eval_classes_acc() cost time: 5.651591062545776
_eval_classes_acc() cost time: 4.74699854850769
_eval_classes_acc() cost time: 3.9462368488311768
_eval_classes_acc() cost time: 5.412920713424683
_eval_classes_acc() cost time: 5.526936769485474
_eval_classes_acc() cost time: 3.836996078491211
_eval_classes_acc() cost time: 5.597590923309326
_eval_classes_acc() cost time: 5.944541692733765
_eval_classes_acc() cost time: 5.008421897888184
_eval_classes_acc() cost time: 3.86482310295105
_eval_classes_acc() cost time: 3.705718517303467
_eval_classes_acc() cost time: 3.487800121307373
_eval_classes_acc() cost time: 3.6909666061401367
_eval_classes_acc() cost time: 3.831141471862793
_eval_classes_acc() cost time: 3.6848833560943604
_eval_classes_acc() cost time: 3.7362477779388428
_eval_classes_acc() cost time: 3.4784064292907715
_eval_classes_acc() cost time: 3.7485761642456055
_eval_classes_acc() cost time: 3.6794071197509766
_eval_classes_acc() cost time: 3.4411730766296387
_eval_classes_acc() cost time: 3.648581027984619
_eval_classes_acc() cost time: 3.3953404426574707
_eval_classes_acc() cost time: 3.6421449184417725
_eval_classes_acc() cost time: 3.415722370147705
_eval_classes_acc() cost time: 3.821094512939453
_eval_classes_acc() cost time: 3.933307647705078
_eval_classes_acc() cost time: 3.6519739627838135
_eval_classes_acc() cost time: 3.844341516494751
_eval_classes_acc() cost time: 3.6981961727142334
_eval_classes_acc() cost time: 4.215421676635742
_eval_classes_acc() cost time: 3.770427942276001
_eval_classes_acc() cost time: 3.3857243061065674
_eval_classes_acc() cost time: 3.6439852714538574
_eval_classes_acc() cost time: 3.521578311920166
_eval_classes_acc() cost time: 3.5915720462799072
_eval_classes_acc() cost time: 3.607172966003418
_eval_classes_acc() cost time: 3.4165453910827637
_eval_classes_acc() cost time: 3.6394712924957275
_eval_classes_acc() cost time: 3.3277974128723145

 10%|â–ˆ         | 1/10 [03:48<34:17, 228.67s/it][A_eval_classes_acc() cost time: 3.66754150390625
_eval_classes_acc() cost time: 3.478208065032959
_eval_classes_acc() cost time: 3.524885654449463
_eval_classes_acc() cost time: 3.945531129837036
_eval_classes_acc() cost time: 3.6124260425567627
_eval_classes_acc() cost time: 4.000670909881592
_eval_classes_acc() cost time: 3.9467692375183105
_eval_classes_acc() cost time: 3.6267683506011963
_eval_classes_acc() cost time: 3.9506001472473145
_eval_classes_acc() cost time: 3.920644521713257
_eval_classes_acc() cost time: 3.603261709213257
_eval_classes_acc() cost time: 3.901777982711792
_eval_classes_acc() cost time: 3.7899229526519775
_eval_classes_acc() cost time: 3.5907630920410156
_eval_classes_acc() cost time: 3.749908447265625
_eval_classes_acc() cost time: 3.5473735332489014
_eval_classes_acc() cost time: 3.5882580280303955
_eval_classes_acc() cost time: 3.692312717437744
_eval_classes_acc() cost time: 3.542311906814575
_eval_classes_acc() cost time: 3.82494854927063
_eval_classes_acc() cost time: 3.7406935691833496
_eval_classes_acc() cost time: 3.4751293659210205
_eval_classes_acc() cost time: 3.6798622608184814
_eval_classes_acc() cost time: 3.390646457672119
_eval_classes_acc() cost time: 3.6501028537750244
_eval_classes_acc() cost time: 3.820108652114868
_eval_classes_acc() cost time: 3.6277666091918945
_eval_classes_acc() cost time: 3.888878107070923
_eval_classes_acc() cost time: 3.9268381595611572
_eval_classes_acc() cost time: 3.6790952682495117
_eval_classes_acc() cost time: 3.820526599884033
_eval_classes_acc() cost time: 3.8769192695617676
_eval_classes_acc() cost time: 3.7230563163757324
_eval_classes_acc() cost time: 3.7420740127563477
_eval_classes_acc() cost time: 3.875964879989624
_eval_classes_acc() cost time: 3.6637444496154785
_eval_classes_acc() cost time: 3.684678554534912
_eval_classes_acc() cost time: 5.223665952682495
_eval_classes_acc() cost time: 4.5472571849823
_eval_classes_acc() cost time: 4.2206127643585205
_eval_classes_acc() cost time: 5.036940097808838
_eval_classes_acc() cost time: 5.8391358852386475
_eval_classes_acc() cost time: 5.31796407699585
_eval_classes_acc() cost time: 4.293150424957275
_eval_classes_acc() cost time: 4.61089301109314
_eval_classes_acc() cost time: 5.53478741645813
_eval_classes_acc() cost time: 5.793794870376587
_eval_classes_acc() cost time: 5.382171630859375
_eval_classes_acc() cost time: 5.190811395645142
_eval_classes_acc() cost time: 4.289195775985718

 20%|â–ˆâ–ˆ        | 2/10 [07:36<30:24, 228.02s/it][A_eval_classes_acc() cost time: 4.439370632171631
_eval_classes_acc() cost time: 5.148210287094116
_eval_classes_acc() cost time: 5.530706405639648
_eval_classes_acc() cost time: 5.705507516860962
_eval_classes_acc() cost time: 5.320646047592163
_eval_classes_acc() cost time: 4.541114330291748
_eval_classes_acc() cost time: 4.1790080070495605
_eval_classes_acc() cost time: 5.726030588150024
_eval_classes_acc() cost time: 5.938888311386108
_eval_classes_acc() cost time: 5.79789662361145
_eval_classes_acc() cost time: 5.153048515319824
_eval_classes_acc() cost time: 3.7745370864868164
_eval_classes_acc() cost time: 5.023280143737793
_eval_classes_acc() cost time: 5.462745428085327
_eval_classes_acc() cost time: 5.7364373207092285
_eval_classes_acc() cost time: 5.135910749435425
_eval_classes_acc() cost time: 4.671360969543457
_eval_classes_acc() cost time: 4.393826484680176
_eval_classes_acc() cost time: 4.625891923904419
_eval_classes_acc() cost time: 5.657505750656128
_eval_classes_acc() cost time: 5.586479663848877
_eval_classes_acc() cost time: 5.122629404067993
_eval_classes_acc() cost time: 4.742356538772583
_eval_classes_acc() cost time: 4.733684062957764
_eval_classes_acc() cost time: 4.618061542510986
_eval_classes_acc() cost time: 5.21705436706543
_eval_classes_acc() cost time: 5.981399774551392
_eval_classes_acc() cost time: 5.483192205429077
_eval_classes_acc() cost time: 4.981965780258179
_eval_classes_acc() cost time: 4.142860174179077
_eval_classes_acc() cost time: 4.724135875701904
_eval_classes_acc() cost time: 5.617239713668823
_eval_classes_acc() cost time: 5.884784936904907
_eval_classes_acc() cost time: 5.121328830718994
_eval_classes_acc() cost time: 4.5082621574401855
_eval_classes_acc() cost time: 4.660780429840088
_eval_classes_acc() cost time: 5.52839732170105
_eval_classes_acc() cost time: 5.903934001922607
_eval_classes_acc() cost time: 5.4839253425598145
_eval_classes_acc() cost time: 4.775465965270996
_eval_classes_acc() cost time: 4.61049222946167
_eval_classes_acc() cost time: 4.826471328735352
_eval_classes_acc() cost time: 5.069726228713989
_eval_classes_acc() cost time: 5.3817009925842285
_eval_classes_acc() cost time: 5.879347085952759
_eval_classes_acc() cost time: 5.328913450241089
_eval_classes_acc() cost time: 4.648288249969482
_eval_classes_acc() cost time: 4.499821424484253
_eval_classes_acc() cost time: 4.706606388092041
_eval_classes_acc() cost time: 5.141969919204712

 30%|â–ˆâ–ˆâ–ˆ       | 3/10 [12:20<29:36, 253.78s/it][A_eval_classes_acc() cost time: 5.60266375541687
_eval_classes_acc() cost time: 5.349215745925903
_eval_classes_acc() cost time: 4.671826601028442
_eval_classes_acc() cost time: 4.054942607879639
_eval_classes_acc() cost time: 4.94444727897644
_eval_classes_acc() cost time: 5.739950180053711
_eval_classes_acc() cost time: 5.39812445640564
_eval_classes_acc() cost time: 4.626108169555664
_eval_classes_acc() cost time: 4.208357095718384
_eval_classes_acc() cost time: 5.354007244110107
_eval_classes_acc() cost time: 6.224291563034058
_eval_classes_acc() cost time: 5.799310684204102
_eval_classes_acc() cost time: 5.31035041809082
_eval_classes_acc() cost time: 4.703185558319092
_eval_classes_acc() cost time: 4.233907222747803
_eval_classes_acc() cost time: 5.146578550338745
_eval_classes_acc() cost time: 5.639727830886841
_eval_classes_acc() cost time: 5.79423189163208
_eval_classes_acc() cost time: 5.288679361343384
_eval_classes_acc() cost time: 4.452694654464722
_eval_classes_acc() cost time: 4.267897844314575
_eval_classes_acc() cost time: 4.626842021942139
_eval_classes_acc() cost time: 5.7608513832092285
_eval_classes_acc() cost time: 5.682554721832275
_eval_classes_acc() cost time: 5.290570259094238
_eval_classes_acc() cost time: 4.49942421913147
_eval_classes_acc() cost time: 4.312058925628662
_eval_classes_acc() cost time: 5.212882041931152
_eval_classes_acc() cost time: 5.911929130554199
_eval_classes_acc() cost time: 5.694245100021362
_eval_classes_acc() cost time: 5.192256450653076
_eval_classes_acc() cost time: 4.46683144569397
_eval_classes_acc() cost time: 4.216890335083008
_eval_classes_acc() cost time: 5.342115640640259
_eval_classes_acc() cost time: 5.784831285476685
_eval_classes_acc() cost time: 5.617326736450195
_eval_classes_acc() cost time: 5.3211829662323
_eval_classes_acc() cost time: 5.027143955230713
_eval_classes_acc() cost time: 3.9429006576538086
_eval_classes_acc() cost time: 4.879581689834595
_eval_classes_acc() cost time: 5.564035177230835
_eval_classes_acc() cost time: 5.963756561279297
_eval_classes_acc() cost time: 5.559736251831055
_eval_classes_acc() cost time: 4.910118341445923
_eval_classes_acc() cost time: 4.661682605743408
_eval_classes_acc() cost time: 4.583033800125122
_eval_classes_acc() cost time: 5.208827972412109
_eval_classes_acc() cost time: 5.557286024093628
_eval_classes_acc() cost time: 6.000112295150757
_eval_classes_acc() cost time: 5.49554967880249

 40%|â–ˆâ–ˆâ–ˆâ–ˆ      | 4/10 [17:05<26:36, 266.14s/it][A_eval_classes_acc() cost time: 4.4187541007995605
_eval_classes_acc() cost time: 4.378924369812012
_eval_classes_acc() cost time: 5.187621831893921
_eval_classes_acc() cost time: 5.59678053855896
_eval_classes_acc() cost time: 5.7997941970825195
_eval_classes_acc() cost time: 4.9817633628845215
_eval_classes_acc() cost time: 4.494008541107178
_eval_classes_acc() cost time: 4.591866493225098
_eval_classes_acc() cost time: 5.657863616943359
_eval_classes_acc() cost time: 6.2010087966918945
_eval_classes_acc() cost time: 5.987539291381836
_eval_classes_acc() cost time: 5.524645090103149
_eval_classes_acc() cost time: 4.619218349456787
_eval_classes_acc() cost time: 4.552875995635986
_eval_classes_acc() cost time: 4.57263445854187
_eval_classes_acc() cost time: 5.644316911697388
_eval_classes_acc() cost time: 5.867429971694946
_eval_classes_acc() cost time: 6.318940877914429
_eval_classes_acc() cost time: 6.019091606140137
_eval_classes_acc() cost time: 5.855988264083862
_eval_classes_acc() cost time: 5.176249742507935
_eval_classes_acc() cost time: 4.447050094604492
_eval_classes_acc() cost time: 4.507482051849365
_eval_classes_acc() cost time: 5.270734548568726
_eval_classes_acc() cost time: 5.935025691986084
_eval_classes_acc() cost time: 5.502453804016113
_eval_classes_acc() cost time: 4.801096200942993
_eval_classes_acc() cost time: 4.210225343704224
_eval_classes_acc() cost time: 4.593060255050659
_eval_classes_acc() cost time: 5.355601787567139
_eval_classes_acc() cost time: 5.618887901306152
_eval_classes_acc() cost time: 4.867067337036133
_eval_classes_acc() cost time: 3.984971284866333
_eval_classes_acc() cost time: 5.058538436889648
_eval_classes_acc() cost time: 5.590909957885742
_eval_classes_acc() cost time: 5.537693738937378
_eval_classes_acc() cost time: 5.093165159225464
_eval_classes_acc() cost time: 4.49363374710083
_eval_classes_acc() cost time: 4.288804292678833
_eval_classes_acc() cost time: 5.129904508590698
_eval_classes_acc() cost time: 5.872442722320557
_eval_classes_acc() cost time: 5.50828742980957
_eval_classes_acc() cost time: 4.9789879322052
_eval_classes_acc() cost time: 4.683157682418823
_eval_classes_acc() cost time: 4.319736480712891
_eval_classes_acc() cost time: 5.267666816711426
_eval_classes_acc() cost time: 5.924200773239136
_eval_classes_acc() cost time: 5.334646224975586
_eval_classes_acc() cost time: 5.014965772628784
_eval_classes_acc() cost time: 4.511850595474243

 50%|â–ˆâ–ˆâ–ˆâ–ˆâ–ˆ     | 5/10 [21:50<22:44, 272.84s/it][A_eval_classes_acc() cost time: 4.249065160751343
_eval_classes_acc() cost time: 5.170300722122192
_eval_classes_acc() cost time: 5.93447208404541
_eval_classes_acc() cost time: 5.510820388793945
_eval_classes_acc() cost time: 4.881383895874023
_eval_classes_acc() cost time: 3.8632218837738037
_eval_classes_acc() cost time: 4.890093088150024
_eval_classes_acc() cost time: 5.899204254150391
_eval_classes_acc() cost time: 5.884833574295044
_eval_classes_acc() cost time: 5.6683831214904785
_eval_classes_acc() cost time: 4.464428901672363
_eval_classes_acc() cost time: 4.5561487674713135
_eval_classes_acc() cost time: 5.39102578163147
_eval_classes_acc() cost time: 6.008256196975708
_eval_classes_acc() cost time: 5.602904796600342
_eval_classes_acc() cost time: 5.366759300231934
_eval_classes_acc() cost time: 4.735329866409302
_eval_classes_acc() cost time: 4.483881235122681
_eval_classes_acc() cost time: 5.41984748840332
_eval_classes_acc() cost time: 5.958970069885254
_eval_classes_acc() cost time: 5.482666254043579
_eval_classes_acc() cost time: 5.463653326034546
_eval_classes_acc() cost time: 5.158749341964722
_eval_classes_acc() cost time: 4.475355386734009
_eval_classes_acc() cost time: 4.752013206481934
_eval_classes_acc() cost time: 5.592725992202759
_eval_classes_acc() cost time: 5.805192232131958
_eval_classes_acc() cost time: 5.673971652984619
_eval_classes_acc() cost time: 5.287121295928955
_eval_classes_acc() cost time: 4.54396915435791
_eval_classes_acc() cost time: 4.205845594406128
_eval_classes_acc() cost time: 4.994210720062256
_eval_classes_acc() cost time: 5.542090177536011
_eval_classes_acc() cost time: 5.579062223434448
_eval_classes_acc() cost time: 5.26259708404541
_eval_classes_acc() cost time: 4.469955682754517
_eval_classes_acc() cost time: 4.239439249038696
_eval_classes_acc() cost time: 5.140584707260132
_eval_classes_acc() cost time: 6.080587863922119
_eval_classes_acc() cost time: 5.423444509506226
_eval_classes_acc() cost time: 4.65090274810791
_eval_classes_acc() cost time: 4.054369926452637
_eval_classes_acc() cost time: 5.162376165390015
_eval_classes_acc() cost time: 5.767251968383789
_eval_classes_acc() cost time: 4.907611131668091
_eval_classes_acc() cost time: 4.328427314758301
_eval_classes_acc() cost time: 4.415459394454956
_eval_classes_acc() cost time: 5.602000713348389
_eval_classes_acc() cost time: 5.409093141555786
_eval_classes_acc() cost time: 4.728642463684082

 60%|â–ˆâ–ˆâ–ˆâ–ˆâ–ˆâ–ˆ    | 6/10 [26:33<18:25, 276.26s/it][A_eval_classes_acc() cost time: 4.475173473358154
_eval_classes_acc() cost time: 4.750712871551514
_eval_classes_acc() cost time: 5.642184257507324
_eval_classes_acc() cost time: 5.847449541091919
_eval_classes_acc() cost time: 4.627429246902466
_eval_classes_acc() cost time: 4.5433361530303955
_eval_classes_acc() cost time: 5.578154802322388
_eval_classes_acc() cost time: 5.5116963386535645
_eval_classes_acc() cost time: 5.206696510314941
_eval_classes_acc() cost time: 5.002105951309204
_eval_classes_acc() cost time: 4.016335725784302
_eval_classes_acc() cost time: 4.79981803894043
_eval_classes_acc() cost time: 5.584343671798706
_eval_classes_acc() cost time: 5.647508382797241
_eval_classes_acc() cost time: 4.939864873886108
_eval_classes_acc() cost time: 4.437278985977173
_eval_classes_acc() cost time: 4.4181249141693115
_eval_classes_acc() cost time: 5.301103115081787
_eval_classes_acc() cost time: 5.7211339473724365
_eval_classes_acc() cost time: 5.331746578216553
_eval_classes_acc() cost time: 4.42405104637146
_eval_classes_acc() cost time: 4.517270565032959
_eval_classes_acc() cost time: 5.289474010467529
_eval_classes_acc() cost time: 5.7108235359191895
_eval_classes_acc() cost time: 4.666409015655518
_eval_classes_acc() cost time: 4.4226648807525635
_eval_classes_acc() cost time: 5.013276100158691
_eval_classes_acc() cost time: 5.361365079879761
_eval_classes_acc() cost time: 5.381533622741699
_eval_classes_acc() cost time: 4.596038103103638
_eval_classes_acc() cost time: 4.440640926361084
_eval_classes_acc() cost time: 4.742296934127808
_eval_classes_acc() cost time: 5.493605613708496
_eval_classes_acc() cost time: 5.558354616165161
_eval_classes_acc() cost time: 4.711323261260986
_eval_classes_acc() cost time: 4.282153844833374
_eval_classes_acc() cost time: 4.808531284332275
_eval_classes_acc() cost time: 5.267975807189941
_eval_classes_acc() cost time: 5.61772346496582
_eval_classes_acc() cost time: 4.739635467529297
_eval_classes_acc() cost time: 4.332922697067261
_eval_classes_acc() cost time: 4.743286371231079
_eval_classes_acc() cost time: 5.579164981842041
_eval_classes_acc() cost time: 5.626075506210327
_eval_classes_acc() cost time: 5.421870946884155
_eval_classes_acc() cost time: 4.473590850830078
_eval_classes_acc() cost time: 4.548265218734741
_eval_classes_acc() cost time: 5.684691667556763
_eval_classes_acc() cost time: 5.351989030838013
_eval_classes_acc() cost time: 4.914044618606567

 70%|â–ˆâ–ˆâ–ˆâ–ˆâ–ˆâ–ˆâ–ˆ   | 7/10 [31:09<13:48, 276.17s/it][A_eval_classes_acc() cost time: 4.21376895904541
_eval_classes_acc() cost time: 4.8864967823028564
_eval_classes_acc() cost time: 5.7289793491363525
_eval_classes_acc() cost time: 5.682994365692139
_eval_classes_acc() cost time: 4.885269641876221
_eval_classes_acc() cost time: 4.515918493270874
_eval_classes_acc() cost time: 5.375838756561279
_eval_classes_acc() cost time: 4.531130313873291
_eval_classes_acc() cost time: 5.177042722702026
_eval_classes_acc() cost time: 5.806980848312378
_eval_classes_acc() cost time: 5.507561683654785
_eval_classes_acc() cost time: 4.85693097114563
_eval_classes_acc() cost time: 4.406813621520996
_eval_classes_acc() cost time: 4.945809602737427
_eval_classes_acc() cost time: 5.547315835952759
_eval_classes_acc() cost time: 5.914374828338623
_eval_classes_acc() cost time: 5.002233028411865
_eval_classes_acc() cost time: 4.737917184829712
_eval_classes_acc() cost time: 4.349247455596924
_eval_classes_acc() cost time: 4.463349103927612
_eval_classes_acc() cost time: 5.394426584243774
_eval_classes_acc() cost time: 5.520431756973267
_eval_classes_acc() cost time: 4.757198810577393
_eval_classes_acc() cost time: 4.354306936264038
_eval_classes_acc() cost time: 4.291213274002075
_eval_classes_acc() cost time: 5.287479877471924
_eval_classes_acc() cost time: 5.73664116859436
_eval_classes_acc() cost time: 5.36729621887207
_eval_classes_acc() cost time: 4.978870153427124
_eval_classes_acc() cost time: 4.506751775741577
_eval_classes_acc() cost time: 4.249515771865845
_eval_classes_acc() cost time: 5.343522071838379
_eval_classes_acc() cost time: 5.60968017578125
_eval_classes_acc() cost time: 5.123161554336548
_eval_classes_acc() cost time: 4.6336164474487305
_eval_classes_acc() cost time: 4.2928383350372314
_eval_classes_acc() cost time: 5.169575214385986
_eval_classes_acc() cost time: 5.847790718078613
_eval_classes_acc() cost time: 5.109179496765137
_eval_classes_acc() cost time: 4.639583587646484
_eval_classes_acc() cost time: 4.631285667419434
_eval_classes_acc() cost time: 4.547544717788696
_eval_classes_acc() cost time: 5.457064628601074
_eval_classes_acc() cost time: 5.432119846343994
_eval_classes_acc() cost time: 5.124040603637695
_eval_classes_acc() cost time: 4.285517930984497
_eval_classes_acc() cost time: 4.353538990020752
_eval_classes_acc() cost time: 4.98965311050415
_eval_classes_acc() cost time: 5.7602434158325195
_eval_classes_acc() cost time: 5.403026342391968

 80%|â–ˆâ–ˆâ–ˆâ–ˆâ–ˆâ–ˆâ–ˆâ–ˆ  | 8/10 [35:49<09:15, 277.56s/it][A_eval_classes_acc() cost time: 4.997873306274414
_eval_classes_acc() cost time: 4.340557813644409
_eval_classes_acc() cost time: 4.529958963394165
_eval_classes_acc() cost time: 5.840561628341675
_eval_classes_acc() cost time: 5.035701751708984
_eval_classes_acc() cost time: 4.362001895904541
_eval_classes_acc() cost time: 4.508471965789795
_eval_classes_acc() cost time: 4.918238162994385
_eval_classes_acc() cost time: 5.583832263946533
_eval_classes_acc() cost time: 5.2911057472229
_eval_classes_acc() cost time: 5.051378488540649
_eval_classes_acc() cost time: 4.374491930007935
_eval_classes_acc() cost time: 5.232654333114624
_eval_classes_acc() cost time: 4.998526096343994
_eval_classes_acc() cost time: 5.639250755310059
_eval_classes_acc() cost time: 5.749735355377197
_eval_classes_acc() cost time: 4.81484580039978
_eval_classes_acc() cost time: 4.0473339557647705
_eval_classes_acc() cost time: 4.899801015853882
_eval_classes_acc() cost time: 5.753575325012207
_eval_classes_acc() cost time: 5.175109148025513
_eval_classes_acc() cost time: 4.476037263870239
_eval_classes_acc() cost time: 4.333767652511597
_eval_classes_acc() cost time: 4.997499942779541
_eval_classes_acc() cost time: 5.839172124862671
_eval_classes_acc() cost time: 5.499578237533569
_eval_classes_acc() cost time: 4.577863693237305
_eval_classes_acc() cost time: 4.030901670455933
_eval_classes_acc() cost time: 4.723210334777832
_eval_classes_acc() cost time: 5.5935218334198
_eval_classes_acc() cost time: 5.478265047073364
_eval_classes_acc() cost time: 4.871941328048706
_eval_classes_acc() cost time: 3.983348846435547
_eval_classes_acc() cost time: 4.942589044570923
_eval_classes_acc() cost time: 5.542476177215576
_eval_classes_acc() cost time: 5.6300859451293945
_eval_classes_acc() cost time: 4.918692350387573
_eval_classes_acc() cost time: 4.538816690444946
_eval_classes_acc() cost time: 4.316215515136719
_eval_classes_acc() cost time: 4.840855598449707
_eval_classes_acc() cost time: 5.8805153369903564
_eval_classes_acc() cost time: 5.5925514698028564
_eval_classes_acc() cost time: 4.676573038101196
_eval_classes_acc() cost time: 4.041846990585327
_eval_classes_acc() cost time: 5.2042131423950195
_eval_classes_acc() cost time: 5.878746271133423
_eval_classes_acc() cost time: 5.197323560714722
_eval_classes_acc() cost time: 4.554041862487793
_eval_classes_acc() cost time: 4.290773153305054
_eval_classes_acc() cost time: 4.7773308753967285

 90%|â–ˆâ–ˆâ–ˆâ–ˆâ–ˆâ–ˆâ–ˆâ–ˆâ–ˆ | 9/10 [40:27<04:37, 277.53s/it][A_eval_classes_acc() cost time: 5.700693130493164
_eval_classes_acc() cost time: 5.210927248001099
_eval_classes_acc() cost time: 4.60413384437561
_eval_classes_acc() cost time: 4.524580001831055
_eval_classes_acc() cost time: 4.467795133590698
_eval_classes_acc() cost time: 5.024626016616821
_eval_classes_acc() cost time: 5.4402265548706055
_eval_classes_acc() cost time: 5.568929672241211
_eval_classes_acc() cost time: 5.144944429397583
_eval_classes_acc() cost time: 4.435561656951904
_eval_classes_acc() cost time: 4.332082509994507
_eval_classes_acc() cost time: 5.0411317348480225
_eval_classes_acc() cost time: 5.798598527908325
_eval_classes_acc() cost time: 5.477628469467163
_eval_classes_acc() cost time: 4.850716590881348
_eval_classes_acc() cost time: 4.79687762260437
_eval_classes_acc() cost time: 4.526316165924072
_eval_classes_acc() cost time: 6.383209705352783
_eval_classes_acc() cost time: 5.670608997344971
_eval_classes_acc() cost time: 5.024879693984985
_eval_classes_acc() cost time: 4.131800889968872
_eval_classes_acc() cost time: 4.87460994720459
_eval_classes_acc() cost time: 5.714493989944458
_eval_classes_acc() cost time: 5.9396443367004395
_eval_classes_acc() cost time: 5.49392294883728
_eval_classes_acc() cost time: 4.886640310287476
_eval_classes_acc() cost time: 4.591471910476685
_eval_classes_acc() cost time: 4.79722261428833
_eval_classes_acc() cost time: 5.902580738067627
_eval_classes_acc() cost time: 5.457435607910156
_eval_classes_acc() cost time: 4.761908054351807
_eval_classes_acc() cost time: 4.507822275161743
_eval_classes_acc() cost time: 4.573981285095215
_eval_classes_acc() cost time: 4.8687403202056885
_eval_classes_acc() cost time: 5.426755428314209
_eval_classes_acc() cost time: 5.59229850769043
_eval_classes_acc() cost time: 4.897876024246216
_eval_classes_acc() cost time: 4.557197332382202
_eval_classes_acc() cost time: 4.613240718841553
_eval_classes_acc() cost time: 4.776069641113281
_eval_classes_acc() cost time: 5.874276638031006
_eval_classes_acc() cost time: 5.719071388244629
_eval_classes_acc() cost time: 5.117839097976685
_eval_classes_acc() cost time: 4.835784673690796
_eval_classes_acc() cost time: 4.4836015701293945
_eval_classes_acc() cost time: 4.783965587615967
_eval_classes_acc() cost time: 5.331356525421143
_eval_classes_acc() cost time: 5.682289361953735
_eval_classes_acc() cost time: 5.093860387802124
_eval_classes_acc() cost time: 4.536632537841797

100%|â–ˆâ–ˆâ–ˆâ–ˆâ–ˆâ–ˆâ–ˆâ–ˆâ–ˆâ–ˆ| 10/10 [45:07<00:00, 278.18s/it][A100%|â–ˆâ–ˆâ–ˆâ–ˆâ–ˆâ–ˆâ–ˆâ–ˆâ–ˆâ–ˆ| 10/10 [45:07<00:00, 270.70s/it]
 33%|â–ˆâ–ˆâ–ˆâ–Ž      | 1/3 [45:07<1:30:14, 2707.14s/it]_eval_classes_acc() cost time: 4.341704607009888
dataset_name:CIFAR10, model_name:resnet18_nopretrain_32_32_3, attack_name:IAD, mutation_name:neuron_block
æˆåŠŸåˆ›å»ºæ–‡ä»¶å¤¹/data/mml/backdoor_detect/experiments/CIFAR10/resnet18_nopretrain_32_32_3/IAD/neuron_switch

  0%|          | 0/10 [00:00<?, ?it/s][A_eval_classes_acc() cost time: 4.759150743484497
_eval_classes_acc() cost time: 5.489302396774292
_eval_classes_acc() cost time: 5.650432586669922
_eval_classes_acc() cost time: 5.279701232910156
_eval_classes_acc() cost time: 4.947640419006348
_eval_classes_acc() cost time: 4.471041917800903
_eval_classes_acc() cost time: 4.72443151473999
_eval_classes_acc() cost time: 5.189535856246948
_eval_classes_acc() cost time: 5.762978792190552
_eval_classes_acc() cost time: 5.66274356842041
_eval_classes_acc() cost time: 5.068227052688599
_eval_classes_acc() cost time: 4.248492956161499
_eval_classes_acc() cost time: 4.6122887134552
_eval_classes_acc() cost time: 5.5876383781433105
_eval_classes_acc() cost time: 5.89152979850769
_eval_classes_acc() cost time: 5.3029820919036865
_eval_classes_acc() cost time: 4.787093162536621
_eval_classes_acc() cost time: 4.462437868118286
_eval_classes_acc() cost time: 5.247579097747803
_eval_classes_acc() cost time: 5.8592143058776855
_eval_classes_acc() cost time: 5.587164878845215
_eval_classes_acc() cost time: 5.167710304260254
_eval_classes_acc() cost time: 4.571408033370972
_eval_classes_acc() cost time: 4.325390100479126
_eval_classes_acc() cost time: 5.023782253265381
_eval_classes_acc() cost time: 5.856689214706421
_eval_classes_acc() cost time: 5.422714710235596
_eval_classes_acc() cost time: 3.787160634994507
_eval_classes_acc() cost time: 3.4161007404327393
_eval_classes_acc() cost time: 3.6811466217041016
_eval_classes_acc() cost time: 3.728205680847168
_eval_classes_acc() cost time: 3.5134809017181396
_eval_classes_acc() cost time: 3.6248621940612793
_eval_classes_acc() cost time: 3.9361331462860107
_eval_classes_acc() cost time: 3.725789785385132
_eval_classes_acc() cost time: 3.7116944789886475
_eval_classes_acc() cost time: 3.678478956222534
_eval_classes_acc() cost time: 3.5018537044525146
_eval_classes_acc() cost time: 3.657715082168579
_eval_classes_acc() cost time: 3.527414560317993
_eval_classes_acc() cost time: 3.6936068534851074
_eval_classes_acc() cost time: 3.6838061809539795
_eval_classes_acc() cost time: 3.5588269233703613
_eval_classes_acc() cost time: 3.772001028060913
_eval_classes_acc() cost time: 3.703758478164673
_eval_classes_acc() cost time: 3.453207492828369
_eval_classes_acc() cost time: 3.765620470046997
_eval_classes_acc() cost time: 3.524531126022339
_eval_classes_acc() cost time: 3.5525643825531006

 10%|â–ˆ         | 1/10 [04:09<37:26, 249.65s/it][A_eval_classes_acc() cost time: 3.7438833713531494
_eval_classes_acc() cost time: 3.574169635772705
_eval_classes_acc() cost time: 3.7266080379486084
_eval_classes_acc() cost time: 3.7079031467437744
_eval_classes_acc() cost time: 3.539743185043335
_eval_classes_acc() cost time: 3.6756317615509033
_eval_classes_acc() cost time: 3.6805126667022705
_eval_classes_acc() cost time: 3.4053354263305664
_eval_classes_acc() cost time: 3.703599691390991
_eval_classes_acc() cost time: 3.3987510204315186
_eval_classes_acc() cost time: 3.680436134338379
_eval_classes_acc() cost time: 3.6459364891052246
_eval_classes_acc() cost time: 3.379767417907715
_eval_classes_acc() cost time: 3.688368558883667
_eval_classes_acc() cost time: 3.3776655197143555
_eval_classes_acc() cost time: 3.7439820766448975
_eval_classes_acc() cost time: 3.7651455402374268
_eval_classes_acc() cost time: 3.513489007949829
_eval_classes_acc() cost time: 3.8146917819976807
_eval_classes_acc() cost time: 3.769044876098633
_eval_classes_acc() cost time: 3.4238250255584717
_eval_classes_acc() cost time: 3.6902363300323486
_eval_classes_acc() cost time: 3.652724266052246
_eval_classes_acc() cost time: 3.427110433578491
_eval_classes_acc() cost time: 3.7420809268951416
_eval_classes_acc() cost time: 3.373077154159546
_eval_classes_acc() cost time: 3.730302095413208
_eval_classes_acc() cost time: 3.6864125728607178
_eval_classes_acc() cost time: 3.5699076652526855
_eval_classes_acc() cost time: 3.824514389038086
_eval_classes_acc() cost time: 3.895504951477051
_eval_classes_acc() cost time: 3.6259467601776123
_eval_classes_acc() cost time: 3.8684346675872803
_eval_classes_acc() cost time: 3.6049323081970215
_eval_classes_acc() cost time: 3.4977080821990967
_eval_classes_acc() cost time: 3.793778657913208
_eval_classes_acc() cost time: 3.4824836254119873
_eval_classes_acc() cost time: 3.9602394104003906
_eval_classes_acc() cost time: 3.8529608249664307
_eval_classes_acc() cost time: 4.291673898696899
_eval_classes_acc() cost time: 3.952941417694092
_eval_classes_acc() cost time: 3.7225239276885986
_eval_classes_acc() cost time: 3.5017998218536377
_eval_classes_acc() cost time: 3.6808624267578125
_eval_classes_acc() cost time: 3.392610788345337
_eval_classes_acc() cost time: 3.6636500358581543
_eval_classes_acc() cost time: 3.5082919597625732
_eval_classes_acc() cost time: 3.50465989112854
_eval_classes_acc() cost time: 3.6359076499938965
_eval_classes_acc() cost time: 3.447690010070801

 20%|â–ˆâ–ˆ        | 2/10 [07:38<30:03, 225.44s/it][A_eval_classes_acc() cost time: 3.664478302001953
_eval_classes_acc() cost time: 3.319124937057495
_eval_classes_acc() cost time: 3.625793695449829
_eval_classes_acc() cost time: 3.6571192741394043
_eval_classes_acc() cost time: 3.5033154487609863
_eval_classes_acc() cost time: 3.6789681911468506
_eval_classes_acc() cost time: 3.3779938220977783
_eval_classes_acc() cost time: 3.6415183544158936
_eval_classes_acc() cost time: 3.6379642486572266
_eval_classes_acc() cost time: 3.4077913761138916
_eval_classes_acc() cost time: 3.6299068927764893
_eval_classes_acc() cost time: 3.563161849975586
_eval_classes_acc() cost time: 3.664337635040283
_eval_classes_acc() cost time: 3.7695634365081787
_eval_classes_acc() cost time: 3.597578287124634
_eval_classes_acc() cost time: 3.717374324798584
_eval_classes_acc() cost time: 3.814091682434082
_eval_classes_acc() cost time: 3.5849969387054443
_eval_classes_acc() cost time: 3.9246504306793213
_eval_classes_acc() cost time: 3.92149019241333
_eval_classes_acc() cost time: 3.527515172958374
_eval_classes_acc() cost time: 3.7626543045043945
_eval_classes_acc() cost time: 3.6992604732513428
_eval_classes_acc() cost time: 3.594320297241211
_eval_classes_acc() cost time: 3.8002805709838867
_eval_classes_acc() cost time: 3.7387099266052246
_eval_classes_acc() cost time: 3.590369462966919
_eval_classes_acc() cost time: 3.8709871768951416
_eval_classes_acc() cost time: 3.846558094024658
_eval_classes_acc() cost time: 3.466683864593506
_eval_classes_acc() cost time: 3.688584566116333
_eval_classes_acc() cost time: 3.4782793521881104
_eval_classes_acc() cost time: 3.6149775981903076
_eval_classes_acc() cost time: 3.672550916671753
_eval_classes_acc() cost time: 3.428189992904663
_eval_classes_acc() cost time: 3.6655609607696533
_eval_classes_acc() cost time: 3.5846316814422607
_eval_classes_acc() cost time: 3.3988213539123535
_eval_classes_acc() cost time: 3.643444061279297
_eval_classes_acc() cost time: 3.3578438758850098
_eval_classes_acc() cost time: 3.708017349243164
_eval_classes_acc() cost time: 3.5610554218292236
_eval_classes_acc() cost time: 3.423844337463379
_eval_classes_acc() cost time: 3.6728360652923584
_eval_classes_acc() cost time: 3.3746418952941895
_eval_classes_acc() cost time: 3.713186264038086
_eval_classes_acc() cost time: 3.6890742778778076
_eval_classes_acc() cost time: 3.4992642402648926
_eval_classes_acc() cost time: 3.704176187515259
_eval_classes_acc() cost time: 3.481724262237549

 30%|â–ˆâ–ˆâ–ˆ       | 3/10 [11:06<25:22, 217.57s/it][A_eval_classes_acc() cost time: 3.5921823978424072
_eval_classes_acc() cost time: 3.6534440517425537
_eval_classes_acc() cost time: 3.512038469314575
_eval_classes_acc() cost time: 3.7180449962615967
_eval_classes_acc() cost time: 3.639159679412842
_eval_classes_acc() cost time: 3.461501121520996
_eval_classes_acc() cost time: 4.270881175994873
_eval_classes_acc() cost time: 4.132184743881226
_eval_classes_acc() cost time: 3.8414695262908936
_eval_classes_acc() cost time: 3.4787471294403076
_eval_classes_acc() cost time: 3.697214365005493
_eval_classes_acc() cost time: 3.835021734237671
_eval_classes_acc() cost time: 3.5103821754455566
_eval_classes_acc() cost time: 3.8607301712036133
_eval_classes_acc() cost time: 3.8717010021209717
_eval_classes_acc() cost time: 3.618607997894287
_eval_classes_acc() cost time: 3.7475242614746094
_eval_classes_acc() cost time: 3.7680258750915527
_eval_classes_acc() cost time: 3.3905413150787354
_eval_classes_acc() cost time: 3.750761032104492
_eval_classes_acc() cost time: 3.818756341934204
_eval_classes_acc() cost time: 3.5250189304351807
_eval_classes_acc() cost time: 3.7185709476470947
_eval_classes_acc() cost time: 3.571122407913208
_eval_classes_acc() cost time: 3.517634868621826
_eval_classes_acc() cost time: 3.6610584259033203
_eval_classes_acc() cost time: 3.419178009033203
_eval_classes_acc() cost time: 3.6506783962249756
_eval_classes_acc() cost time: 3.694939374923706
_eval_classes_acc() cost time: 3.414032220840454
_eval_classes_acc() cost time: 3.877020835876465
_eval_classes_acc() cost time: 3.7262680530548096
_eval_classes_acc() cost time: 3.6589136123657227
_eval_classes_acc() cost time: 3.762986421585083
_eval_classes_acc() cost time: 3.4787633419036865
_eval_classes_acc() cost time: 3.630331516265869
_eval_classes_acc() cost time: 3.7067413330078125
_eval_classes_acc() cost time: 3.5302035808563232
_eval_classes_acc() cost time: 3.697824239730835
_eval_classes_acc() cost time: 3.720308542251587
_eval_classes_acc() cost time: 3.5374348163604736
_eval_classes_acc() cost time: 3.782308578491211
_eval_classes_acc() cost time: 3.672508478164673
_eval_classes_acc() cost time: 3.576589822769165
_eval_classes_acc() cost time: 3.703099489212036
_eval_classes_acc() cost time: 3.5677196979522705
_eval_classes_acc() cost time: 3.5856595039367676
_eval_classes_acc() cost time: 3.71256685256958
_eval_classes_acc() cost time: 3.574549674987793
_eval_classes_acc() cost time: 3.75909686088562

 40%|â–ˆâ–ˆâ–ˆâ–ˆ      | 4/10 [14:37<21:29, 214.91s/it][A_eval_classes_acc() cost time: 3.63273549079895
_eval_classes_acc() cost time: 3.4947593212127686
_eval_classes_acc() cost time: 3.639996290206909
_eval_classes_acc() cost time: 3.7028965950012207
_eval_classes_acc() cost time: 3.4481711387634277
_eval_classes_acc() cost time: 3.6773829460144043
_eval_classes_acc() cost time: 3.4375126361846924
_eval_classes_acc() cost time: 3.6714704036712646
_eval_classes_acc() cost time: 3.6164679527282715
_eval_classes_acc() cost time: 3.4593803882598877
_eval_classes_acc() cost time: 3.6472110748291016
_eval_classes_acc() cost time: 3.626957654953003
_eval_classes_acc() cost time: 3.854069948196411
_eval_classes_acc() cost time: 3.4189724922180176
_eval_classes_acc() cost time: 3.6196160316467285
_eval_classes_acc() cost time: 3.668173313140869
_eval_classes_acc() cost time: 3.411297559738159
_eval_classes_acc() cost time: 3.6688406467437744
_eval_classes_acc() cost time: 3.415605306625366
_eval_classes_acc() cost time: 3.681305170059204
_eval_classes_acc() cost time: 3.6967051029205322
_eval_classes_acc() cost time: 3.476351261138916
_eval_classes_acc() cost time: 3.6800613403320312
_eval_classes_acc() cost time: 3.447979688644409
_eval_classes_acc() cost time: 3.6502790451049805
_eval_classes_acc() cost time: 3.627218008041382
_eval_classes_acc() cost time: 3.4985876083374023
_eval_classes_acc() cost time: 4.400655508041382
_eval_classes_acc() cost time: 3.454249382019043
_eval_classes_acc() cost time: 3.6546502113342285
_eval_classes_acc() cost time: 3.529444456100464
_eval_classes_acc() cost time: 3.553342819213867
_eval_classes_acc() cost time: 3.64656925201416
_eval_classes_acc() cost time: 3.464015483856201
_eval_classes_acc() cost time: 3.6470155715942383
_eval_classes_acc() cost time: 3.505033493041992
_eval_classes_acc() cost time: 3.538706064224243
_eval_classes_acc() cost time: 3.757429599761963
_eval_classes_acc() cost time: 3.577495574951172
_eval_classes_acc() cost time: 3.6440348625183105
_eval_classes_acc() cost time: 3.69618558883667
_eval_classes_acc() cost time: 3.5295298099517822
_eval_classes_acc() cost time: 3.7823843955993652
_eval_classes_acc() cost time: 3.8296055793762207
_eval_classes_acc() cost time: 3.547532320022583
_eval_classes_acc() cost time: 3.931953191757202
_eval_classes_acc() cost time: 3.9799113273620605
_eval_classes_acc() cost time: 3.504448413848877
_eval_classes_acc() cost time: 3.7067198753356934
_eval_classes_acc() cost time: 3.706918954849243

 50%|â–ˆâ–ˆâ–ˆâ–ˆâ–ˆ     | 5/10 [18:04<17:40, 212.18s/it][A_eval_classes_acc() cost time: 3.4969418048858643
_eval_classes_acc() cost time: 3.653531551361084
_eval_classes_acc() cost time: 3.4328553676605225
_eval_classes_acc() cost time: 3.7104127407073975
_eval_classes_acc() cost time: 3.620598077774048
_eval_classes_acc() cost time: 3.500457286834717
_eval_classes_acc() cost time: 3.725067615509033
_eval_classes_acc() cost time: 3.4490749835968018
_eval_classes_acc() cost time: 3.6244056224823
_eval_classes_acc() cost time: 3.691382884979248
_eval_classes_acc() cost time: 3.5856547355651855
_eval_classes_acc() cost time: 3.7552337646484375
_eval_classes_acc() cost time: 3.717911720275879
_eval_classes_acc() cost time: 3.5191659927368164
_eval_classes_acc() cost time: 3.716728925704956
_eval_classes_acc() cost time: 3.451213836669922
_eval_classes_acc() cost time: 3.5794241428375244
_eval_classes_acc() cost time: 3.689079523086548
_eval_classes_acc() cost time: 3.7351465225219727
_eval_classes_acc() cost time: 3.706977128982544
_eval_classes_acc() cost time: 3.821143388748169
_eval_classes_acc() cost time: 3.4962313175201416
_eval_classes_acc() cost time: 3.673469066619873
_eval_classes_acc() cost time: 3.6975395679473877
_eval_classes_acc() cost time: 3.416572332382202
_eval_classes_acc() cost time: 3.7347524166107178
_eval_classes_acc() cost time: 3.7253878116607666
_eval_classes_acc() cost time: 3.490328073501587
_eval_classes_acc() cost time: 3.68149471282959
_eval_classes_acc() cost time: 3.5319793224334717
_eval_classes_acc() cost time: 3.5967910289764404
_eval_classes_acc() cost time: 3.625908851623535
_eval_classes_acc() cost time: 3.4474165439605713
_eval_classes_acc() cost time: 3.707533359527588
_eval_classes_acc() cost time: 3.4555318355560303
_eval_classes_acc() cost time: 3.7211341857910156
_eval_classes_acc() cost time: 3.6666431427001953
_eval_classes_acc() cost time: 3.4664580821990967
_eval_classes_acc() cost time: 3.6665759086608887
_eval_classes_acc() cost time: 3.590846061706543
_eval_classes_acc() cost time: 3.752324104309082
_eval_classes_acc() cost time: 4.095297336578369
_eval_classes_acc() cost time: 3.6638264656066895
_eval_classes_acc() cost time: 3.9161388874053955
_eval_classes_acc() cost time: 3.5674667358398438
_eval_classes_acc() cost time: 3.503894805908203
_eval_classes_acc() cost time: 3.7407948970794678
_eval_classes_acc() cost time: 3.4413766860961914
_eval_classes_acc() cost time: 3.6316633224487305
_eval_classes_acc() cost time: 3.8030762672424316

 60%|â–ˆâ–ˆâ–ˆâ–ˆâ–ˆâ–ˆ    | 6/10 [21:33<14:04, 211.14s/it][A_eval_classes_acc() cost time: 3.4243786334991455
_eval_classes_acc() cost time: 3.8959386348724365
_eval_classes_acc() cost time: 3.7225632667541504
_eval_classes_acc() cost time: 3.537993907928467
_eval_classes_acc() cost time: 3.712409734725952
_eval_classes_acc() cost time: 3.556474447250366
_eval_classes_acc() cost time: 3.5731804370880127
_eval_classes_acc() cost time: 3.726808547973633
_eval_classes_acc() cost time: 3.4725074768066406
_eval_classes_acc() cost time: 3.7353897094726562
_eval_classes_acc() cost time: 3.774836540222168
_eval_classes_acc() cost time: 3.3767316341400146
_eval_classes_acc() cost time: 3.7333767414093018
_eval_classes_acc() cost time: 3.440234422683716
_eval_classes_acc() cost time: 3.6414129734039307
_eval_classes_acc() cost time: 3.682176351547241
_eval_classes_acc() cost time: 3.464297294616699
_eval_classes_acc() cost time: 3.710278272628784
_eval_classes_acc() cost time: 3.537954092025757
_eval_classes_acc() cost time: 3.7563910484313965
_eval_classes_acc() cost time: 3.7450811862945557
_eval_classes_acc() cost time: 3.618194580078125
_eval_classes_acc() cost time: 3.6735787391662598
_eval_classes_acc() cost time: 3.673863649368286
_eval_classes_acc() cost time: 3.4411065578460693
_eval_classes_acc() cost time: 3.698519706726074
_eval_classes_acc() cost time: 3.45386004447937
_eval_classes_acc() cost time: 3.739284038543701
_eval_classes_acc() cost time: 3.6948513984680176
_eval_classes_acc() cost time: 3.4778060913085938
_eval_classes_acc() cost time: 3.7585341930389404
_eval_classes_acc() cost time: 3.7722368240356445
_eval_classes_acc() cost time: 3.4567184448242188
_eval_classes_acc() cost time: 3.710815906524658
_eval_classes_acc() cost time: 3.490809440612793
_eval_classes_acc() cost time: 3.6352555751800537
_eval_classes_acc() cost time: 3.6897356510162354
_eval_classes_acc() cost time: 3.389893054962158
_eval_classes_acc() cost time: 3.669490098953247
_eval_classes_acc() cost time: 3.522489309310913
_eval_classes_acc() cost time: 3.6047515869140625
_eval_classes_acc() cost time: 3.733074188232422
_eval_classes_acc() cost time: 3.4062345027923584
_eval_classes_acc() cost time: 3.6370227336883545
_eval_classes_acc() cost time: 3.6939821243286133
_eval_classes_acc() cost time: 3.5460870265960693
_eval_classes_acc() cost time: 3.668008327484131
_eval_classes_acc() cost time: 3.618724822998047
_eval_classes_acc() cost time: 3.596618890762329
_eval_classes_acc() cost time: 3.8831396102905273

 70%|â–ˆâ–ˆâ–ˆâ–ˆâ–ˆâ–ˆâ–ˆ   | 7/10 [25:01<10:30, 210.22s/it][A_eval_classes_acc() cost time: 3.5930368900299072
_eval_classes_acc() cost time: 3.931983709335327
_eval_classes_acc() cost time: 4.2540435791015625
_eval_classes_acc() cost time: 3.718312978744507
_eval_classes_acc() cost time: 3.8955862522125244
_eval_classes_acc() cost time: 3.4652762413024902
_eval_classes_acc() cost time: 3.700422763824463
_eval_classes_acc() cost time: 3.6777868270874023
_eval_classes_acc() cost time: 3.388845443725586
_eval_classes_acc() cost time: 3.6826469898223877
_eval_classes_acc() cost time: 3.45459246635437
_eval_classes_acc() cost time: 3.7004330158233643
_eval_classes_acc() cost time: 3.666735887527466
_eval_classes_acc() cost time: 3.504918336868286
_eval_classes_acc() cost time: 3.716248035430908
_eval_classes_acc() cost time: 3.6465201377868652
_eval_classes_acc() cost time: 3.4521100521087646
_eval_classes_acc() cost time: 3.7356672286987305
_eval_classes_acc() cost time: 3.4985101222991943
_eval_classes_acc() cost time: 3.6981375217437744
_eval_classes_acc() cost time: 3.7017407417297363
_eval_classes_acc() cost time: 3.4904215335845947
_eval_classes_acc() cost time: 3.710770845413208
_eval_classes_acc() cost time: 3.6219518184661865
_eval_classes_acc() cost time: 3.448739528656006
_eval_classes_acc() cost time: 3.71976900100708
_eval_classes_acc() cost time: 3.6290111541748047
_eval_classes_acc() cost time: 3.5085320472717285
_eval_classes_acc() cost time: 3.646357536315918
_eval_classes_acc() cost time: 3.5943241119384766
_eval_classes_acc() cost time: 3.542076826095581
_eval_classes_acc() cost time: 3.8754820823669434
_eval_classes_acc() cost time: 3.6434009075164795
_eval_classes_acc() cost time: 3.6831014156341553
_eval_classes_acc() cost time: 3.8677210807800293
_eval_classes_acc() cost time: 3.5369157791137695
_eval_classes_acc() cost time: 3.788226842880249
_eval_classes_acc() cost time: 3.9697036743164062
_eval_classes_acc() cost time: 3.617079019546509
_eval_classes_acc() cost time: 3.860787868499756
_eval_classes_acc() cost time: 3.6708202362060547
_eval_classes_acc() cost time: 3.5461232662200928
_eval_classes_acc() cost time: 3.712122917175293
_eval_classes_acc() cost time: 3.5525684356689453
_eval_classes_acc() cost time: 3.5633704662323
_eval_classes_acc() cost time: 3.681488275527954
_eval_classes_acc() cost time: 3.6044983863830566
_eval_classes_acc() cost time: 3.697042942047119
_eval_classes_acc() cost time: 3.7362258434295654
_eval_classes_acc() cost time: 3.881798267364502

 80%|â–ˆâ–ˆâ–ˆâ–ˆâ–ˆâ–ˆâ–ˆâ–ˆ  | 8/10 [28:31<07:00, 210.11s/it][A_eval_classes_acc() cost time: 3.983304977416992
_eval_classes_acc() cost time: 3.506984233856201
_eval_classes_acc() cost time: 3.7593390941619873
_eval_classes_acc() cost time: 3.776256799697876
_eval_classes_acc() cost time: 3.363349199295044
_eval_classes_acc() cost time: 3.686147689819336
_eval_classes_acc() cost time: 3.8131000995635986
_eval_classes_acc() cost time: 3.6823248863220215
_eval_classes_acc() cost time: 3.830411434173584
_eval_classes_acc() cost time: 3.7661168575286865
_eval_classes_acc() cost time: 3.611729383468628
_eval_classes_acc() cost time: 3.930007219314575
_eval_classes_acc() cost time: 3.919806718826294
_eval_classes_acc() cost time: 4.1599016189575195
_eval_classes_acc() cost time: 4.014591217041016
_eval_classes_acc() cost time: 3.960874080657959
_eval_classes_acc() cost time: 3.8459272384643555
_eval_classes_acc() cost time: 4.035252094268799
_eval_classes_acc() cost time: 3.9903411865234375
_eval_classes_acc() cost time: 3.6940155029296875
_eval_classes_acc() cost time: 3.8641819953918457
_eval_classes_acc() cost time: 4.1465559005737305
_eval_classes_acc() cost time: 3.9915225505828857
_eval_classes_acc() cost time: 3.9117486476898193
_eval_classes_acc() cost time: 4.066424608230591
_eval_classes_acc() cost time: 4.083651542663574
_eval_classes_acc() cost time: 3.864490270614624
_eval_classes_acc() cost time: 3.9671759605407715
_eval_classes_acc() cost time: 4.10077166557312
_eval_classes_acc() cost time: 4.117070198059082
_eval_classes_acc() cost time: 3.810504913330078
_eval_classes_acc() cost time: 3.9354896545410156
_eval_classes_acc() cost time: 4.063930988311768
_eval_classes_acc() cost time: 3.8349573612213135
_eval_classes_acc() cost time: 3.749636173248291
_eval_classes_acc() cost time: 4.032752513885498
_eval_classes_acc() cost time: 3.8767919540405273
_eval_classes_acc() cost time: 3.7925150394439697
_eval_classes_acc() cost time: 4.031627178192139
_eval_classes_acc() cost time: 4.008895635604858
_eval_classes_acc() cost time: 3.799105644226074
_eval_classes_acc() cost time: 4.100042104721069
_eval_classes_acc() cost time: 4.096884250640869
_eval_classes_acc() cost time: 3.8014872074127197
_eval_classes_acc() cost time: 3.7536168098449707
_eval_classes_acc() cost time: 4.048219680786133
_eval_classes_acc() cost time: 4.079743146896362
_eval_classes_acc() cost time: 3.8903393745422363
_eval_classes_acc() cost time: 3.949005126953125
_eval_classes_acc() cost time: 4.097946405410767

 90%|â–ˆâ–ˆâ–ˆâ–ˆâ–ˆâ–ˆâ–ˆâ–ˆâ–ˆ | 9/10 [32:14<03:34, 214.10s/it][A_eval_classes_acc() cost time: 3.8952553272247314
_eval_classes_acc() cost time: 3.7761762142181396
_eval_classes_acc() cost time: 4.009570598602295
_eval_classes_acc() cost time: 3.9575393199920654
_eval_classes_acc() cost time: 3.675610303878784
_eval_classes_acc() cost time: 3.976006269454956
_eval_classes_acc() cost time: 3.952921152114868
_eval_classes_acc() cost time: 3.685354471206665
_eval_classes_acc() cost time: 3.974949598312378
_eval_classes_acc() cost time: 4.032750129699707
_eval_classes_acc() cost time: 3.675518035888672
_eval_classes_acc() cost time: 3.943725347518921
_eval_classes_acc() cost time: 4.03271484375
_eval_classes_acc() cost time: 3.859652519226074
_eval_classes_acc() cost time: 3.9795334339141846
_eval_classes_acc() cost time: 4.048592567443848
_eval_classes_acc() cost time: 3.893578290939331
_eval_classes_acc() cost time: 3.789830207824707
_eval_classes_acc() cost time: 4.053051471710205
_eval_classes_acc() cost time: 4.063236713409424
_eval_classes_acc() cost time: 3.8910038471221924
_eval_classes_acc() cost time: 3.939558267593384
_eval_classes_acc() cost time: 4.0905680656433105
_eval_classes_acc() cost time: 3.7515079975128174
_eval_classes_acc() cost time: 3.777677536010742
_eval_classes_acc() cost time: 4.10931658744812
_eval_classes_acc() cost time: 3.8248209953308105
_eval_classes_acc() cost time: 3.7160704135894775
_eval_classes_acc() cost time: 4.000385761260986
_eval_classes_acc() cost time: 4.01456880569458
_eval_classes_acc() cost time: 3.6786389350891113
_eval_classes_acc() cost time: 4.069211483001709
_eval_classes_acc() cost time: 4.055616140365601
_eval_classes_acc() cost time: 3.9331440925598145
_eval_classes_acc() cost time: 4.2599711418151855
_eval_classes_acc() cost time: 4.02188515663147
_eval_classes_acc() cost time: 3.906306743621826
_eval_classes_acc() cost time: 4.060505390167236
_eval_classes_acc() cost time: 3.691014051437378
_eval_classes_acc() cost time: 3.9511187076568604
_eval_classes_acc() cost time: 4.05011248588562
_eval_classes_acc() cost time: 3.786292314529419
_eval_classes_acc() cost time: 3.900053024291992
_eval_classes_acc() cost time: 4.060189962387085
_eval_classes_acc() cost time: 3.928337574005127
_eval_classes_acc() cost time: 3.8494818210601807
_eval_classes_acc() cost time: 4.128756046295166
_eval_classes_acc() cost time: 4.046391248703003
_eval_classes_acc() cost time: 3.829618453979492
_eval_classes_acc() cost time: 3.996988296508789

100%|â–ˆâ–ˆâ–ˆâ–ˆâ–ˆâ–ˆâ–ˆâ–ˆâ–ˆâ–ˆ| 10/10 [35:59<00:00, 217.31s/it][A100%|â–ˆâ–ˆâ–ˆâ–ˆâ–ˆâ–ˆâ–ˆâ–ˆâ–ˆâ–ˆ| 10/10 [35:59<00:00, 215.92s/it]
 67%|â–ˆâ–ˆâ–ˆâ–ˆâ–ˆâ–ˆâ–‹   | 2/3 [1:21:06<39:44, 2384.89s/it]_eval_classes_acc() cost time: 4.1213603019714355
dataset_name:CIFAR10, model_name:resnet18_nopretrain_32_32_3, attack_name:IAD, mutation_name:neuron_switch
æˆåŠŸåˆ›å»ºæ–‡ä»¶å¤¹/data/mml/backdoor_detect/experiments/CIFAR10/resnet18_nopretrain_32_32_3/IAD/weight_shuffle

  0%|          | 0/10 [00:00<?, ?it/s][A_eval_classes_acc() cost time: 4.125665187835693
_eval_classes_acc() cost time: 3.794316291809082
_eval_classes_acc() cost time: 4.047094821929932
_eval_classes_acc() cost time: 4.075297117233276
_eval_classes_acc() cost time: 3.864569902420044
_eval_classes_acc() cost time: 3.9159185886383057
_eval_classes_acc() cost time: 4.007734775543213
_eval_classes_acc() cost time: 4.104755401611328
_eval_classes_acc() cost time: 3.7526919841766357
_eval_classes_acc() cost time: 3.9476847648620605
_eval_classes_acc() cost time: 4.023416996002197
_eval_classes_acc() cost time: 3.680332899093628
_eval_classes_acc() cost time: 4.016436815261841
_eval_classes_acc() cost time: 3.985844612121582
_eval_classes_acc() cost time: 3.8121531009674072
_eval_classes_acc() cost time: 3.8931469917297363
_eval_classes_acc() cost time: 4.049740791320801
_eval_classes_acc() cost time: 3.8880035877227783
_eval_classes_acc() cost time: 3.8338522911071777
_eval_classes_acc() cost time: 4.066804647445679
_eval_classes_acc() cost time: 4.044804811477661
_eval_classes_acc() cost time: 3.8944573402404785
_eval_classes_acc() cost time: 3.9359469413757324
_eval_classes_acc() cost time: 4.1020965576171875
_eval_classes_acc() cost time: 3.901872158050537
_eval_classes_acc() cost time: 3.88936710357666
_eval_classes_acc() cost time: 4.109848976135254
_eval_classes_acc() cost time: 4.048396110534668
_eval_classes_acc() cost time: 3.7950832843780518
_eval_classes_acc() cost time: 3.890580415725708
_eval_classes_acc() cost time: 4.1201934814453125
_eval_classes_acc() cost time: 3.932804822921753
_eval_classes_acc() cost time: 3.8056280612945557
_eval_classes_acc() cost time: 4.141158580780029
_eval_classes_acc() cost time: 4.0314648151397705
_eval_classes_acc() cost time: 3.800143003463745
_eval_classes_acc() cost time: 4.041297197341919
_eval_classes_acc() cost time: 4.0725953578948975
_eval_classes_acc() cost time: 3.8704755306243896
_eval_classes_acc() cost time: 3.855753183364868
_eval_classes_acc() cost time: 4.098127365112305
_eval_classes_acc() cost time: 4.032647132873535
_eval_classes_acc() cost time: 3.8145453929901123
_eval_classes_acc() cost time: 4.032050132751465
_eval_classes_acc() cost time: 4.024972438812256
_eval_classes_acc() cost time: 3.893388509750366
_eval_classes_acc() cost time: 3.888298749923706
_eval_classes_acc() cost time: 4.018724203109741
_eval_classes_acc() cost time: 3.81219744682312

 10%|â–ˆ         | 1/10 [03:44<33:37, 224.21s/it][A_eval_classes_acc() cost time: 3.775377035140991
_eval_classes_acc() cost time: 4.11168098449707
_eval_classes_acc() cost time: 4.19424033164978
_eval_classes_acc() cost time: 4.233881235122681
_eval_classes_acc() cost time: 4.001198053359985
_eval_classes_acc() cost time: 3.7179160118103027
_eval_classes_acc() cost time: 4.004392623901367
_eval_classes_acc() cost time: 4.119852542877197
_eval_classes_acc() cost time: 3.763061761856079
_eval_classes_acc() cost time: 3.979989528656006
_eval_classes_acc() cost time: 4.0603859424591064
_eval_classes_acc() cost time: 3.8074309825897217
_eval_classes_acc() cost time: 3.8481974601745605
_eval_classes_acc() cost time: 4.061310529708862
_eval_classes_acc() cost time: 3.701215982437134
_eval_classes_acc() cost time: 3.831369161605835
_eval_classes_acc() cost time: 4.1713621616363525
_eval_classes_acc() cost time: 3.991764545440674
_eval_classes_acc() cost time: 3.8586530685424805
_eval_classes_acc() cost time: 4.182629823684692
_eval_classes_acc() cost time: 4.0838611125946045
_eval_classes_acc() cost time: 3.78999924659729
_eval_classes_acc() cost time: 3.976315975189209
_eval_classes_acc() cost time: 4.036037921905518
_eval_classes_acc() cost time: 3.836819887161255
_eval_classes_acc() cost time: 3.8800036907196045
_eval_classes_acc() cost time: 4.108663558959961
_eval_classes_acc() cost time: 4.046731472015381
_eval_classes_acc() cost time: 3.6849985122680664
_eval_classes_acc() cost time: 3.9390077590942383
_eval_classes_acc() cost time: 3.915764570236206
_eval_classes_acc() cost time: 3.544814109802246
_eval_classes_acc() cost time: 3.9163036346435547
_eval_classes_acc() cost time: 3.8882405757904053
_eval_classes_acc() cost time: 3.6205289363861084
_eval_classes_acc() cost time: 3.801774740219116
_eval_classes_acc() cost time: 3.797424077987671
_eval_classes_acc() cost time: 3.5283656120300293
_eval_classes_acc() cost time: 3.9220337867736816
_eval_classes_acc() cost time: 3.949944019317627
_eval_classes_acc() cost time: 3.523983955383301
_eval_classes_acc() cost time: 3.733705520629883
_eval_classes_acc() cost time: 3.6970784664154053
_eval_classes_acc() cost time: 3.4747824668884277
_eval_classes_acc() cost time: 3.695244789123535
_eval_classes_acc() cost time: 3.5789272785186768
_eval_classes_acc() cost time: 3.575406551361084
_eval_classes_acc() cost time: 3.674936294555664
_eval_classes_acc() cost time: 3.497286081314087
_eval_classes_acc() cost time: 3.747999429702759

 20%|â–ˆâ–ˆ        | 2/10 [07:23<29:31, 221.46s/it][A_eval_classes_acc() cost time: 3.6060094833374023
_eval_classes_acc() cost time: 3.5481574535369873
_eval_classes_acc() cost time: 3.694345235824585
_eval_classes_acc() cost time: 3.514622688293457
_eval_classes_acc() cost time: 4.419191122055054
_eval_classes_acc() cost time: 3.751537561416626
_eval_classes_acc() cost time: 3.4305121898651123
_eval_classes_acc() cost time: 3.741575002670288
_eval_classes_acc() cost time: 3.564227342605591
_eval_classes_acc() cost time: 3.4904720783233643
_eval_classes_acc() cost time: 3.704655408859253
_eval_classes_acc() cost time: 3.417428493499756
_eval_classes_acc() cost time: 3.694201707839966
_eval_classes_acc() cost time: 3.7543866634368896
_eval_classes_acc() cost time: 3.4717674255371094
_eval_classes_acc() cost time: 3.675861120223999
_eval_classes_acc() cost time: 3.5160350799560547
_eval_classes_acc() cost time: 3.655468463897705
_eval_classes_acc() cost time: 3.7312026023864746
_eval_classes_acc() cost time: 4.175922155380249
_eval_classes_acc() cost time: 4.40735125541687
_eval_classes_acc() cost time: 3.8925817012786865
_eval_classes_acc() cost time: 3.8595328330993652
_eval_classes_acc() cost time: 4.048595190048218
_eval_classes_acc() cost time: 4.066912889480591
_eval_classes_acc() cost time: 3.900254249572754
_eval_classes_acc() cost time: 3.919501543045044
_eval_classes_acc() cost time: 4.13987135887146
_eval_classes_acc() cost time: 4.053286075592041
_eval_classes_acc() cost time: 3.83449387550354
_eval_classes_acc() cost time: 4.015159845352173
_eval_classes_acc() cost time: 4.025278806686401
_eval_classes_acc() cost time: 3.8914570808410645
_eval_classes_acc() cost time: 3.9341821670532227
_eval_classes_acc() cost time: 4.078414440155029
_eval_classes_acc() cost time: 4.044630289077759
_eval_classes_acc() cost time: 3.8654167652130127
_eval_classes_acc() cost time: 4.072859525680542
_eval_classes_acc() cost time: 4.082629442214966
_eval_classes_acc() cost time: 3.757032871246338
_eval_classes_acc() cost time: 3.80511212348938
_eval_classes_acc() cost time: 4.120581150054932
_eval_classes_acc() cost time: 4.101233720779419
_eval_classes_acc() cost time: 3.888686418533325
_eval_classes_acc() cost time: 4.02389669418335
_eval_classes_acc() cost time: 4.1180500984191895
_eval_classes_acc() cost time: 3.8057966232299805
_eval_classes_acc() cost time: 3.9761805534362793
_eval_classes_acc() cost time: 4.029102802276611
_eval_classes_acc() cost time: 4.145879030227661

 30%|â–ˆâ–ˆâ–ˆ       | 3/10 [11:03<25:44, 220.66s/it][A_eval_classes_acc() cost time: 3.843904733657837
_eval_classes_acc() cost time: 4.032511472702026
_eval_classes_acc() cost time: 4.156545400619507
_eval_classes_acc() cost time: 3.8184661865234375
_eval_classes_acc() cost time: 3.70527982711792
_eval_classes_acc() cost time: 3.7448132038116455
_eval_classes_acc() cost time: 3.4345719814300537
_eval_classes_acc() cost time: 3.7647972106933594
_eval_classes_acc() cost time: 3.6928491592407227
_eval_classes_acc() cost time: 3.5653696060180664
_eval_classes_acc() cost time: 3.7074217796325684
_eval_classes_acc() cost time: 3.5509092807769775
_eval_classes_acc() cost time: 3.668729066848755
_eval_classes_acc() cost time: 3.7539820671081543
_eval_classes_acc() cost time: 3.544489860534668
_eval_classes_acc() cost time: 3.7073633670806885
_eval_classes_acc() cost time: 3.868975877761841
_eval_classes_acc() cost time: 3.693448781967163
_eval_classes_acc() cost time: 3.75187087059021
_eval_classes_acc() cost time: 3.781207799911499
_eval_classes_acc() cost time: 3.6626455783843994
_eval_classes_acc() cost time: 3.6316041946411133
_eval_classes_acc() cost time: 3.748795986175537
_eval_classes_acc() cost time: 3.4387423992156982
_eval_classes_acc() cost time: 3.686462879180908
_eval_classes_acc() cost time: 3.6902778148651123
_eval_classes_acc() cost time: 3.665405750274658
_eval_classes_acc() cost time: 3.9121904373168945
_eval_classes_acc() cost time: 3.856853485107422
_eval_classes_acc() cost time: 3.6923060417175293
_eval_classes_acc() cost time: 3.7957308292388916
_eval_classes_acc() cost time: 3.9840147495269775
_eval_classes_acc() cost time: 3.3995320796966553
_eval_classes_acc() cost time: 3.7054519653320312
_eval_classes_acc() cost time: 3.778292417526245
_eval_classes_acc() cost time: 3.5657496452331543
_eval_classes_acc() cost time: 3.7192177772521973
_eval_classes_acc() cost time: 3.7408087253570557
_eval_classes_acc() cost time: 3.3691093921661377
_eval_classes_acc() cost time: 3.736936569213867
_eval_classes_acc() cost time: 3.4523942470550537
_eval_classes_acc() cost time: 3.883997678756714
_eval_classes_acc() cost time: 4.014321327209473
_eval_classes_acc() cost time: 4.390718221664429
_eval_classes_acc() cost time: 3.725193977355957
_eval_classes_acc() cost time: 3.4947221279144287
_eval_classes_acc() cost time: 3.7441658973693848
_eval_classes_acc() cost time: 3.7468526363372803
_eval_classes_acc() cost time: 3.4569363594055176
_eval_classes_acc() cost time: 3.6771202087402344

 40%|â–ˆâ–ˆâ–ˆâ–ˆ      | 4/10 [14:36<21:46, 217.73s/it][A_eval_classes_acc() cost time: 3.5908360481262207
_eval_classes_acc() cost time: 3.4774582386016846
_eval_classes_acc() cost time: 3.6297354698181152
_eval_classes_acc() cost time: 3.4275169372558594
_eval_classes_acc() cost time: 3.664804220199585
_eval_classes_acc() cost time: 3.6362929344177246
_eval_classes_acc() cost time: 3.488879442214966
_eval_classes_acc() cost time: 3.7184576988220215
_eval_classes_acc() cost time: 3.387577772140503
_eval_classes_acc() cost time: 3.7045812606811523
_eval_classes_acc() cost time: 3.7205982208251953
_eval_classes_acc() cost time: 3.55794358253479
_eval_classes_acc() cost time: 3.754636764526367
_eval_classes_acc() cost time: 3.5442075729370117
_eval_classes_acc() cost time: 3.6419994831085205
_eval_classes_acc() cost time: 3.830195903778076
_eval_classes_acc() cost time: 3.4464738368988037
_eval_classes_acc() cost time: 3.70881724357605
_eval_classes_acc() cost time: 3.7450006008148193
_eval_classes_acc() cost time: 3.52714467048645
_eval_classes_acc() cost time: 3.8496224880218506
_eval_classes_acc() cost time: 3.748206615447998
_eval_classes_acc() cost time: 3.5722601413726807
_eval_classes_acc() cost time: 3.6707653999328613
_eval_classes_acc() cost time: 3.6413965225219727
_eval_classes_acc() cost time: 3.488455295562744
_eval_classes_acc() cost time: 3.7147274017333984
_eval_classes_acc() cost time: 3.5681092739105225
_eval_classes_acc() cost time: 3.603872060775757
_eval_classes_acc() cost time: 3.72088360786438
_eval_classes_acc() cost time: 3.4541194438934326
_eval_classes_acc() cost time: 3.641209363937378
_eval_classes_acc() cost time: 3.4790289402008057
_eval_classes_acc() cost time: 3.51882266998291
_eval_classes_acc() cost time: 3.7604241371154785
_eval_classes_acc() cost time: 3.458357334136963
_eval_classes_acc() cost time: 3.734529972076416
_eval_classes_acc() cost time: 3.702192544937134
_eval_classes_acc() cost time: 3.4702978134155273
_eval_classes_acc() cost time: 3.7170417308807373
_eval_classes_acc() cost time: 3.5223445892333984
_eval_classes_acc() cost time: 3.696824312210083
_eval_classes_acc() cost time: 3.7415692806243896
_eval_classes_acc() cost time: 3.4935803413391113
_eval_classes_acc() cost time: 3.6719918251037598
_eval_classes_acc() cost time: 3.57425856590271
_eval_classes_acc() cost time: 3.5476276874542236
_eval_classes_acc() cost time: 3.643517255783081
_eval_classes_acc() cost time: 3.4192426204681396
_eval_classes_acc() cost time: 3.677661418914795

 50%|â–ˆâ–ˆâ–ˆâ–ˆâ–ˆ     | 5/10 [18:05<17:52, 214.50s/it][A_eval_classes_acc() cost time: 3.673445463180542
_eval_classes_acc() cost time: 3.4497787952423096
_eval_classes_acc() cost time: 3.697375774383545
_eval_classes_acc() cost time: 3.4850351810455322
_eval_classes_acc() cost time: 3.6368534564971924
_eval_classes_acc() cost time: 3.697190999984741
_eval_classes_acc() cost time: 3.483659029006958
_eval_classes_acc() cost time: 3.6673736572265625
_eval_classes_acc() cost time: 3.4349448680877686
_eval_classes_acc() cost time: 3.655931234359741
_eval_classes_acc() cost time: 3.6891417503356934
_eval_classes_acc() cost time: 3.476426362991333
_eval_classes_acc() cost time: 3.705965042114258
_eval_classes_acc() cost time: 3.796025276184082
_eval_classes_acc() cost time: 3.7436840534210205
_eval_classes_acc() cost time: 4.467936992645264
_eval_classes_acc() cost time: 3.426154375076294
_eval_classes_acc() cost time: 3.828958034515381
_eval_classes_acc() cost time: 3.5499298572540283
_eval_classes_acc() cost time: 3.6936123371124268
_eval_classes_acc() cost time: 3.814504861831665
_eval_classes_acc() cost time: 3.6944100856781006
_eval_classes_acc() cost time: 3.9180703163146973
_eval_classes_acc() cost time: 3.7925050258636475
_eval_classes_acc() cost time: 3.464179039001465
_eval_classes_acc() cost time: 3.8127310276031494
_eval_classes_acc() cost time: 3.7157397270202637
_eval_classes_acc() cost time: 3.514742136001587
_eval_classes_acc() cost time: 3.760072946548462
_eval_classes_acc() cost time: 3.726186990737915
_eval_classes_acc() cost time: 3.5137217044830322
_eval_classes_acc() cost time: 3.744643211364746
_eval_classes_acc() cost time: 3.599212646484375
_eval_classes_acc() cost time: 3.570197105407715
_eval_classes_acc() cost time: 3.719221830368042
_eval_classes_acc() cost time: 3.4950127601623535
_eval_classes_acc() cost time: 3.7233617305755615
_eval_classes_acc() cost time: 3.623783588409424
_eval_classes_acc() cost time: 3.5605409145355225
_eval_classes_acc() cost time: 3.7194020748138428
_eval_classes_acc() cost time: 3.5730292797088623
_eval_classes_acc() cost time: 3.522284984588623
_eval_classes_acc() cost time: 3.7721598148345947
_eval_classes_acc() cost time: 3.5070102214813232
_eval_classes_acc() cost time: 3.704853057861328
_eval_classes_acc() cost time: 3.6161179542541504
_eval_classes_acc() cost time: 3.5511844158172607
_eval_classes_acc() cost time: 3.741687536239624
_eval_classes_acc() cost time: 3.698880910873413
_eval_classes_acc() cost time: 3.5097336769104004

 60%|â–ˆâ–ˆâ–ˆâ–ˆâ–ˆâ–ˆ    | 6/10 [21:34<14:10, 212.72s/it][A_eval_classes_acc() cost time: 3.7578341960906982
_eval_classes_acc() cost time: 3.4804821014404297
_eval_classes_acc() cost time: 3.6958372592926025
_eval_classes_acc() cost time: 3.766472101211548
_eval_classes_acc() cost time: 3.427293300628662
_eval_classes_acc() cost time: 3.859687089920044
_eval_classes_acc() cost time: 3.93497896194458
_eval_classes_acc() cost time: 3.4895076751708984
_eval_classes_acc() cost time: 3.667295455932617
_eval_classes_acc() cost time: 3.7677557468414307
_eval_classes_acc() cost time: 4.040074348449707
_eval_classes_acc() cost time: 3.6421597003936768
_eval_classes_acc() cost time: 3.4673280715942383
_eval_classes_acc() cost time: 3.6896259784698486
_eval_classes_acc() cost time: 3.6760756969451904
_eval_classes_acc() cost time: 3.429222583770752
_eval_classes_acc() cost time: 3.690072536468506
_eval_classes_acc() cost time: 3.4587762355804443
_eval_classes_acc() cost time: 3.6766436100006104
_eval_classes_acc() cost time: 3.7110023498535156
_eval_classes_acc() cost time: 3.4416630268096924
_eval_classes_acc() cost time: 3.6725244522094727
_eval_classes_acc() cost time: 3.3496780395507812
_eval_classes_acc() cost time: 3.7367022037506104
_eval_classes_acc() cost time: 4.221473217010498
_eval_classes_acc() cost time: 3.9485414028167725
_eval_classes_acc() cost time: 3.778660535812378
_eval_classes_acc() cost time: 3.4883320331573486
_eval_classes_acc() cost time: 3.851116418838501
_eval_classes_acc() cost time: 3.99700665473938
_eval_classes_acc() cost time: 3.6946773529052734
_eval_classes_acc() cost time: 3.819495677947998
_eval_classes_acc() cost time: 3.8062491416931152
_eval_classes_acc() cost time: 3.399724245071411
_eval_classes_acc() cost time: 3.7095372676849365
_eval_classes_acc() cost time: 3.7502057552337646
_eval_classes_acc() cost time: 3.4751687049865723
_eval_classes_acc() cost time: 3.7075939178466797
_eval_classes_acc() cost time: 3.552821159362793
_eval_classes_acc() cost time: 3.6454951763153076
_eval_classes_acc() cost time: 3.6783952713012695
_eval_classes_acc() cost time: 3.528825521469116
_eval_classes_acc() cost time: 3.7546184062957764
_eval_classes_acc() cost time: 3.7535643577575684
_eval_classes_acc() cost time: 3.4637598991394043
_eval_classes_acc() cost time: 3.698971748352051
_eval_classes_acc() cost time: 3.5132009983062744
_eval_classes_acc() cost time: 3.787534236907959
_eval_classes_acc() cost time: 3.768827199935913
_eval_classes_acc() cost time: 3.5120527744293213

 70%|â–ˆâ–ˆâ–ˆâ–ˆâ–ˆâ–ˆâ–ˆ   | 7/10 [25:03<10:34, 211.59s/it][A_eval_classes_acc() cost time: 3.718682289123535
_eval_classes_acc() cost time: 3.484698534011841
_eval_classes_acc() cost time: 3.624418020248413
_eval_classes_acc() cost time: 3.7033395767211914
_eval_classes_acc() cost time: 3.658050537109375
_eval_classes_acc() cost time: 3.8283400535583496
_eval_classes_acc() cost time: 3.889277696609497
_eval_classes_acc() cost time: 3.8225021362304688
_eval_classes_acc() cost time: 3.8592512607574463
_eval_classes_acc() cost time: 3.8665201663970947
_eval_classes_acc() cost time: 3.4229679107666016
_eval_classes_acc() cost time: 3.746187448501587
_eval_classes_acc() cost time: 3.6908161640167236
_eval_classes_acc() cost time: 3.4924776554107666
_eval_classes_acc() cost time: 3.6822516918182373
_eval_classes_acc() cost time: 3.692681312561035
_eval_classes_acc() cost time: 3.8486461639404297
_eval_classes_acc() cost time: 3.8303444385528564
_eval_classes_acc() cost time: 3.5328893661499023
_eval_classes_acc() cost time: 3.801431894302368
_eval_classes_acc() cost time: 3.878865957260132
_eval_classes_acc() cost time: 3.5712833404541016
_eval_classes_acc() cost time: 3.688528537750244
_eval_classes_acc() cost time: 3.584925413131714
_eval_classes_acc() cost time: 3.6111977100372314
_eval_classes_acc() cost time: 3.7822964191436768
_eval_classes_acc() cost time: 3.5258989334106445
_eval_classes_acc() cost time: 3.719435214996338
_eval_classes_acc() cost time: 3.8234353065490723
_eval_classes_acc() cost time: 3.4135265350341797
_eval_classes_acc() cost time: 3.7652549743652344
_eval_classes_acc() cost time: 3.427556037902832
_eval_classes_acc() cost time: 3.609919786453247
_eval_classes_acc() cost time: 3.7100682258605957
_eval_classes_acc() cost time: 3.479311227798462
_eval_classes_acc() cost time: 3.6408777236938477
_eval_classes_acc() cost time: 3.606677532196045
_eval_classes_acc() cost time: 3.5015830993652344
_eval_classes_acc() cost time: 3.6940500736236572
_eval_classes_acc() cost time: 3.3568756580352783
_eval_classes_acc() cost time: 3.7135982513427734
_eval_classes_acc() cost time: 3.760322093963623
_eval_classes_acc() cost time: 4.303246259689331
_eval_classes_acc() cost time: 3.532607078552246
_eval_classes_acc() cost time: 3.5255630016326904
_eval_classes_acc() cost time: 3.6925978660583496
_eval_classes_acc() cost time: 3.5195603370666504
_eval_classes_acc() cost time: 3.6153085231781006
_eval_classes_acc() cost time: 3.896477699279785
_eval_classes_acc() cost time: 3.650564193725586

 80%|â–ˆâ–ˆâ–ˆâ–ˆâ–ˆâ–ˆâ–ˆâ–ˆ  | 8/10 [28:32<07:01, 210.68s/it][A_eval_classes_acc() cost time: 3.6880927085876465
_eval_classes_acc() cost time: 3.807999849319458
_eval_classes_acc() cost time: 3.5131285190582275
_eval_classes_acc() cost time: 3.677304267883301
_eval_classes_acc() cost time: 3.722583293914795
_eval_classes_acc() cost time: 3.529280424118042
_eval_classes_acc() cost time: 3.8291871547698975
_eval_classes_acc() cost time: 3.682419776916504
_eval_classes_acc() cost time: 3.5338926315307617
_eval_classes_acc() cost time: 3.8260715007781982
_eval_classes_acc() cost time: 3.821894884109497
_eval_classes_acc() cost time: 3.547994613647461
_eval_classes_acc() cost time: 3.859388589859009
_eval_classes_acc() cost time: 3.8992135524749756
_eval_classes_acc() cost time: 3.558793544769287
_eval_classes_acc() cost time: 4.001360177993774
_eval_classes_acc() cost time: 3.9708850383758545
_eval_classes_acc() cost time: 3.7804617881774902
_eval_classes_acc() cost time: 3.623882293701172
_eval_classes_acc() cost time: 3.739875316619873
_eval_classes_acc() cost time: 3.5040793418884277
_eval_classes_acc() cost time: 3.7240116596221924
_eval_classes_acc() cost time: 3.820528507232666
_eval_classes_acc() cost time: 3.549880027770996
_eval_classes_acc() cost time: 3.7189793586730957
_eval_classes_acc() cost time: 3.4986765384674072
_eval_classes_acc() cost time: 3.5859720706939697
_eval_classes_acc() cost time: 3.7202651500701904
_eval_classes_acc() cost time: 3.555644989013672
_eval_classes_acc() cost time: 3.7959647178649902
_eval_classes_acc() cost time: 3.7798211574554443
_eval_classes_acc() cost time: 3.5387322902679443
_eval_classes_acc() cost time: 3.68713116645813
_eval_classes_acc() cost time: 3.4951682090759277
_eval_classes_acc() cost time: 3.7335143089294434
_eval_classes_acc() cost time: 3.696592330932617
_eval_classes_acc() cost time: 3.518066167831421
_eval_classes_acc() cost time: 3.793384313583374
_eval_classes_acc() cost time: 3.745486259460449
_eval_classes_acc() cost time: 3.44541335105896
_eval_classes_acc() cost time: 3.661573648452759
_eval_classes_acc() cost time: 3.449481725692749
_eval_classes_acc() cost time: 3.549800395965576
_eval_classes_acc() cost time: 3.6448380947113037
_eval_classes_acc() cost time: 3.508808135986328
_eval_classes_acc() cost time: 3.7002336978912354
_eval_classes_acc() cost time: 3.6439363956451416
_eval_classes_acc() cost time: 3.5334136486053467
_eval_classes_acc() cost time: 3.7018656730651855
_eval_classes_acc() cost time: 3.4761056900024414

 90%|â–ˆâ–ˆâ–ˆâ–ˆâ–ˆâ–ˆâ–ˆâ–ˆâ–ˆ | 9/10 [32:01<03:30, 210.10s/it][A_eval_classes_acc() cost time: 3.684774160385132
_eval_classes_acc() cost time: 3.66379976272583
_eval_classes_acc() cost time: 3.44351863861084
_eval_classes_acc() cost time: 3.827718734741211
_eval_classes_acc() cost time: 3.4728994369506836
_eval_classes_acc() cost time: 3.7053956985473633
_eval_classes_acc() cost time: 3.7530767917633057
_eval_classes_acc() cost time: 3.451014280319214
_eval_classes_acc() cost time: 4.0129172801971436
_eval_classes_acc() cost time: 4.624369382858276
_eval_classes_acc() cost time: 3.7025527954101562
_eval_classes_acc() cost time: 3.720764636993408
_eval_classes_acc() cost time: 3.482461929321289
_eval_classes_acc() cost time: 3.6413235664367676
_eval_classes_acc() cost time: 3.4480903148651123
_eval_classes_acc() cost time: 3.7178735733032227
_eval_classes_acc() cost time: 3.705509901046753
_eval_classes_acc() cost time: 3.5177793502807617
_eval_classes_acc() cost time: 3.664414644241333
_eval_classes_acc() cost time: 3.680922746658325
_eval_classes_acc() cost time: 3.553769826889038
_eval_classes_acc() cost time: 3.684828996658325
_eval_classes_acc() cost time: 3.408611536026001
_eval_classes_acc() cost time: 3.682551383972168
_eval_classes_acc() cost time: 3.6435317993164062
_eval_classes_acc() cost time: 3.4302117824554443
_eval_classes_acc() cost time: 3.687349557876587
_eval_classes_acc() cost time: 3.423323631286621
_eval_classes_acc() cost time: 3.6550796031951904
_eval_classes_acc() cost time: 3.6428112983703613
_eval_classes_acc() cost time: 3.4526124000549316
_eval_classes_acc() cost time: 3.63889741897583
_eval_classes_acc() cost time: 3.4736990928649902
_eval_classes_acc() cost time: 3.673081159591675
_eval_classes_acc() cost time: 3.7140798568725586
_eval_classes_acc() cost time: 3.401412010192871
_eval_classes_acc() cost time: 3.745926856994629
_eval_classes_acc() cost time: 3.5430355072021484
_eval_classes_acc() cost time: 3.5674893856048584
_eval_classes_acc() cost time: 3.7564444541931152
_eval_classes_acc() cost time: 3.5905251502990723
_eval_classes_acc() cost time: 3.845806360244751
_eval_classes_acc() cost time: 3.7598133087158203
_eval_classes_acc() cost time: 3.4141924381256104
_eval_classes_acc() cost time: 3.8739991188049316
_eval_classes_acc() cost time: 3.7600796222686768
_eval_classes_acc() cost time: 3.4171621799468994
_eval_classes_acc() cost time: 3.808586359024048
_eval_classes_acc() cost time: 3.773775339126587
_eval_classes_acc() cost time: 3.554008960723877

100%|â–ˆâ–ˆâ–ˆâ–ˆâ–ˆâ–ˆâ–ˆâ–ˆâ–ˆâ–ˆ| 10/10 [35:30<00:00, 209.67s/it][A100%|â–ˆâ–ˆâ–ˆâ–ˆâ–ˆâ–ˆâ–ˆâ–ˆâ–ˆâ–ˆ| 10/10 [35:30<00:00, 213.02s/it]
100%|â–ˆâ–ˆâ–ˆâ–ˆâ–ˆâ–ˆâ–ˆâ–ˆâ–ˆâ–ˆ| 3/3 [1:56:36<00:00, 2268.67s/it]100%|â–ˆâ–ˆâ–ˆâ–ˆâ–ˆâ–ˆâ–ˆâ–ˆâ–ˆâ–ˆ| 3/3 [1:56:36<00:00, 2332.28s/it]
_eval_classes_acc() cost time: 3.7023379802703857
dataset_name:CIFAR10, model_name:resnet18_nopretrain_32_32_3, attack_name:IAD, mutation_name:weight_shuffle
