  0%|          | 0/3 [00:00<?, ?it/s]æ–‡ä»¶å¤¹/data/mml/backdoor_detect/experiments/CIFAR10/resnet18_nopretrain_32_32_3/LabelConsistent/neuron_blockå·²ç»å­˜åœ¨!

  0%|          | 0/10 [00:00<?, ?it/s][A_eval_classes_acc() cost time: 7.104989767074585
_eval_classes_acc() cost time: 6.144113063812256
_eval_classes_acc() cost time: 6.140973806381226
_eval_classes_acc() cost time: 5.998822212219238
_eval_classes_acc() cost time: 5.906487226486206
_eval_classes_acc() cost time: 6.117060422897339
_eval_classes_acc() cost time: 6.358220815658569
_eval_classes_acc() cost time: 6.296270132064819
_eval_classes_acc() cost time: 6.208073854446411
_eval_classes_acc() cost time: 6.277143716812134
_eval_classes_acc() cost time: 6.250648498535156
_eval_classes_acc() cost time: 6.123305082321167
_eval_classes_acc() cost time: 6.2624921798706055
_eval_classes_acc() cost time: 6.0673205852508545
_eval_classes_acc() cost time: 6.089968919754028
_eval_classes_acc() cost time: 6.114089727401733
_eval_classes_acc() cost time: 5.962045669555664
_eval_classes_acc() cost time: 6.292381286621094
_eval_classes_acc() cost time: 6.149381160736084
_eval_classes_acc() cost time: 6.281521797180176
_eval_classes_acc() cost time: 6.900609254837036
_eval_classes_acc() cost time: 6.151069641113281
_eval_classes_acc() cost time: 6.20576810836792
_eval_classes_acc() cost time: 6.16577410697937
_eval_classes_acc() cost time: 6.296034097671509
_eval_classes_acc() cost time: 6.282350301742554
_eval_classes_acc() cost time: 5.960069179534912
_eval_classes_acc() cost time: 5.915477514266968
_eval_classes_acc() cost time: 5.886976003646851
_eval_classes_acc() cost time: 7.069596767425537
_eval_classes_acc() cost time: 6.988547325134277
_eval_classes_acc() cost time: 6.220434188842773
_eval_classes_acc() cost time: 6.214081287384033
_eval_classes_acc() cost time: 6.202457904815674
_eval_classes_acc() cost time: 6.228586673736572
_eval_classes_acc() cost time: 6.0678019523620605
_eval_classes_acc() cost time: 6.3087158203125
_eval_classes_acc() cost time: 5.935961484909058
_eval_classes_acc() cost time: 5.841365098953247
_eval_classes_acc() cost time: 5.950003385543823
_eval_classes_acc() cost time: 5.897096157073975
_eval_classes_acc() cost time: 5.808409214019775
_eval_classes_acc() cost time: 5.848794221878052
_eval_classes_acc() cost time: 6.128350734710693
_eval_classes_acc() cost time: 6.1910178661346436
_eval_classes_acc() cost time: 6.191744089126587
_eval_classes_acc() cost time: 5.954470634460449
_eval_classes_acc() cost time: 5.858989238739014
_eval_classes_acc() cost time: 6.314517498016357

 10%|â–ˆ         | 1/10 [05:38<50:46, 338.54s/it][A_eval_classes_acc() cost time: 6.228282928466797
_eval_classes_acc() cost time: 6.15505838394165
_eval_classes_acc() cost time: 5.910973072052002
_eval_classes_acc() cost time: 5.964282035827637
_eval_classes_acc() cost time: 5.808777570724487
_eval_classes_acc() cost time: 5.786923408508301
_eval_classes_acc() cost time: 5.922044277191162
_eval_classes_acc() cost time: 5.791892051696777
_eval_classes_acc() cost time: 5.791117429733276
_eval_classes_acc() cost time: 5.835568428039551
_eval_classes_acc() cost time: 6.01798939704895
_eval_classes_acc() cost time: 6.065746307373047
_eval_classes_acc() cost time: 6.3579137325286865
_eval_classes_acc() cost time: 6.359484672546387
_eval_classes_acc() cost time: 6.249408721923828
_eval_classes_acc() cost time: 6.216507911682129
_eval_classes_acc() cost time: 6.010347843170166
_eval_classes_acc() cost time: 5.95199990272522
_eval_classes_acc() cost time: 6.201760530471802
_eval_classes_acc() cost time: 6.155332326889038
_eval_classes_acc() cost time: 6.12446665763855
_eval_classes_acc() cost time: 6.1915810108184814
_eval_classes_acc() cost time: 6.112116575241089
_eval_classes_acc() cost time: 6.2441935539245605
_eval_classes_acc() cost time: 6.151225566864014
_eval_classes_acc() cost time: 6.236307621002197
_eval_classes_acc() cost time: 6.702228546142578
_eval_classes_acc() cost time: 7.629275560379028
_eval_classes_acc() cost time: 6.175258636474609
_eval_classes_acc() cost time: 6.249117136001587
_eval_classes_acc() cost time: 6.221081018447876
_eval_classes_acc() cost time: 6.219398260116577
_eval_classes_acc() cost time: 6.142865419387817
_eval_classes_acc() cost time: 6.1567230224609375
_eval_classes_acc() cost time: 6.200701713562012
_eval_classes_acc() cost time: 6.45564341545105
_eval_classes_acc() cost time: 6.228706359863281
_eval_classes_acc() cost time: 6.2684526443481445
_eval_classes_acc() cost time: 5.9571990966796875
_eval_classes_acc() cost time: 5.941382884979248
_eval_classes_acc() cost time: 6.362979888916016
_eval_classes_acc() cost time: 6.304580211639404
_eval_classes_acc() cost time: 6.307635307312012
_eval_classes_acc() cost time: 6.168999433517456
_eval_classes_acc() cost time: 6.06744122505188
_eval_classes_acc() cost time: 6.211137771606445
_eval_classes_acc() cost time: 6.120039463043213
_eval_classes_acc() cost time: 5.982397794723511
_eval_classes_acc() cost time: 6.022475004196167
_eval_classes_acc() cost time: 6.084017038345337

 20%|â–ˆâ–ˆ        | 2/10 [11:13<44:53, 336.69s/it][A_eval_classes_acc() cost time: 6.1580164432525635
_eval_classes_acc() cost time: 5.957619905471802
_eval_classes_acc() cost time: 6.1858837604522705
_eval_classes_acc() cost time: 6.291938781738281
_eval_classes_acc() cost time: 6.262635707855225
_eval_classes_acc() cost time: 6.224674224853516
_eval_classes_acc() cost time: 6.254929065704346
_eval_classes_acc() cost time: 6.021687746047974
_eval_classes_acc() cost time: 6.0124921798706055
_eval_classes_acc() cost time: 5.969932794570923
_eval_classes_acc() cost time: 6.109740972518921
_eval_classes_acc() cost time: 6.0289411544799805
_eval_classes_acc() cost time: 6.223932266235352
_eval_classes_acc() cost time: 6.158324241638184
_eval_classes_acc() cost time: 6.229739665985107
_eval_classes_acc() cost time: 6.190392732620239
_eval_classes_acc() cost time: 6.209131479263306
_eval_classes_acc() cost time: 6.2448625564575195
_eval_classes_acc() cost time: 6.198313236236572
_eval_classes_acc() cost time: 6.27023458480835
_eval_classes_acc() cost time: 8.976205110549927
_eval_classes_acc() cost time: 6.305117130279541
_eval_classes_acc() cost time: 6.067707061767578
_eval_classes_acc() cost time: 5.966765403747559
_eval_classes_acc() cost time: 5.962841510772705
_eval_classes_acc() cost time: 5.995934963226318
_eval_classes_acc() cost time: 6.144374370574951
_eval_classes_acc() cost time: 6.211822032928467
_eval_classes_acc() cost time: 6.169377565383911
_eval_classes_acc() cost time: 6.278710842132568
_eval_classes_acc() cost time: 6.222190618515015
_eval_classes_acc() cost time: 6.293409824371338
_eval_classes_acc() cost time: 6.257489919662476
_eval_classes_acc() cost time: 6.243302583694458
_eval_classes_acc() cost time: 6.273550748825073
_eval_classes_acc() cost time: 6.271222829818726
_eval_classes_acc() cost time: 5.886962890625
_eval_classes_acc() cost time: 5.91748309135437
_eval_classes_acc() cost time: 6.2758872509002686
_eval_classes_acc() cost time: 6.255415201187134
_eval_classes_acc() cost time: 6.161396026611328
_eval_classes_acc() cost time: 6.338594675064087
_eval_classes_acc() cost time: 6.273804426193237
_eval_classes_acc() cost time: 6.276674270629883
_eval_classes_acc() cost time: 6.270535230636597
_eval_classes_acc() cost time: 6.248857021331787
_eval_classes_acc() cost time: 5.950085163116455
_eval_classes_acc() cost time: 5.905240774154663
_eval_classes_acc() cost time: 5.86444091796875
_eval_classes_acc() cost time: 6.270268678665161

 30%|â–ˆâ–ˆâ–ˆ       | 3/10 [16:55<39:33, 339.04s/it][A_eval_classes_acc() cost time: 6.423976421356201
_eval_classes_acc() cost time: 8.307955026626587
_eval_classes_acc() cost time: 6.191094398498535
_eval_classes_acc() cost time: 6.052951097488403
_eval_classes_acc() cost time: 5.980589866638184
_eval_classes_acc() cost time: 6.005427122116089
_eval_classes_acc() cost time: 5.999383926391602
_eval_classes_acc() cost time: 5.891652345657349
_eval_classes_acc() cost time: 6.247435092926025
_eval_classes_acc() cost time: 6.3619465827941895
_eval_classes_acc() cost time: 8.141985416412354
_eval_classes_acc() cost time: 7.147264242172241
_eval_classes_acc() cost time: 5.954137086868286
_eval_classes_acc() cost time: 5.948025465011597
_eval_classes_acc() cost time: 5.8905487060546875
_eval_classes_acc() cost time: 6.201802968978882
_eval_classes_acc() cost time: 6.184796571731567
_eval_classes_acc() cost time: 6.203405141830444
_eval_classes_acc() cost time: 6.258249998092651
_eval_classes_acc() cost time: 6.06937313079834
_eval_classes_acc() cost time: 5.948677062988281
_eval_classes_acc() cost time: 5.891736268997192
_eval_classes_acc() cost time: 6.055585622787476
_eval_classes_acc() cost time: 6.114704132080078
_eval_classes_acc() cost time: 6.10428524017334
_eval_classes_acc() cost time: 6.059135913848877
_eval_classes_acc() cost time: 6.3321990966796875
_eval_classes_acc() cost time: 6.18917989730835
_eval_classes_acc() cost time: 6.3014607429504395
_eval_classes_acc() cost time: 6.266016483306885
_eval_classes_acc() cost time: 6.16077733039856
_eval_classes_acc() cost time: 6.162458181381226
_eval_classes_acc() cost time: 5.952344179153442
_eval_classes_acc() cost time: 6.229550838470459
_eval_classes_acc() cost time: 6.211991548538208
_eval_classes_acc() cost time: 6.098490238189697
_eval_classes_acc() cost time: 6.080848455429077
_eval_classes_acc() cost time: 6.084559440612793
_eval_classes_acc() cost time: 6.159716606140137
_eval_classes_acc() cost time: 5.969552516937256
_eval_classes_acc() cost time: 6.104219436645508
_eval_classes_acc() cost time: 6.182596206665039
_eval_classes_acc() cost time: 6.105252265930176
_eval_classes_acc() cost time: 6.261454343795776
_eval_classes_acc() cost time: 6.065040111541748
_eval_classes_acc() cost time: 6.190428972244263
_eval_classes_acc() cost time: 6.153246164321899
_eval_classes_acc() cost time: 6.215996026992798
_eval_classes_acc() cost time: 6.273363351821899
_eval_classes_acc() cost time: 6.301090240478516

 40%|â–ˆâ–ˆâ–ˆâ–ˆ      | 4/10 [22:39<34:04, 340.83s/it][A_eval_classes_acc() cost time: 6.205233573913574
_eval_classes_acc() cost time: 6.180459499359131
_eval_classes_acc() cost time: 6.302468776702881
_eval_classes_acc() cost time: 7.561040639877319
_eval_classes_acc() cost time: 6.129835605621338
_eval_classes_acc() cost time: 6.048999547958374
_eval_classes_acc() cost time: 6.016000986099243
_eval_classes_acc() cost time: 6.233840703964233
_eval_classes_acc() cost time: 6.089589834213257
_eval_classes_acc() cost time: 5.971266508102417
_eval_classes_acc() cost time: 6.091395378112793
_eval_classes_acc() cost time: 6.2086241245269775
_eval_classes_acc() cost time: 6.286808729171753
_eval_classes_acc() cost time: 6.168499946594238
_eval_classes_acc() cost time: 6.272000551223755
_eval_classes_acc() cost time: 6.168580055236816
_eval_classes_acc() cost time: 6.123454809188843
_eval_classes_acc() cost time: 6.192233562469482
_eval_classes_acc() cost time: 6.07490348815918
_eval_classes_acc() cost time: 6.099479913711548
_eval_classes_acc() cost time: 6.153942346572876
_eval_classes_acc() cost time: 6.071376323699951
_eval_classes_acc() cost time: 6.001249551773071
_eval_classes_acc() cost time: 6.060724496841431
_eval_classes_acc() cost time: 6.079515695571899
_eval_classes_acc() cost time: 6.139798641204834
_eval_classes_acc() cost time: 6.0064826011657715
_eval_classes_acc() cost time: 5.922071695327759
_eval_classes_acc() cost time: 6.3564770221710205
_eval_classes_acc() cost time: 6.240852355957031
_eval_classes_acc() cost time: 6.111504554748535
_eval_classes_acc() cost time: 6.093657970428467
_eval_classes_acc() cost time: 6.1086955070495605
_eval_classes_acc() cost time: 6.100653886795044
_eval_classes_acc() cost time: 5.975480079650879
_eval_classes_acc() cost time: 6.232511520385742
_eval_classes_acc() cost time: 6.106241941452026
_eval_classes_acc() cost time: 6.133210182189941
_eval_classes_acc() cost time: 5.998832702636719
_eval_classes_acc() cost time: 5.9377946853637695
_eval_classes_acc() cost time: 5.974644660949707
_eval_classes_acc() cost time: 5.903610467910767
_eval_classes_acc() cost time: 6.481503486633301
_eval_classes_acc() cost time: 8.06714677810669
_eval_classes_acc() cost time: 6.714917182922363
_eval_classes_acc() cost time: 6.427611589431763
_eval_classes_acc() cost time: 6.266095876693726
_eval_classes_acc() cost time: 6.186514616012573
_eval_classes_acc() cost time: 6.208481788635254
_eval_classes_acc() cost time: 6.223508834838867

 50%|â–ˆâ–ˆâ–ˆâ–ˆâ–ˆ     | 5/10 [28:22<28:28, 341.78s/it][A_eval_classes_acc() cost time: 6.081337928771973
_eval_classes_acc() cost time: 6.324369192123413
_eval_classes_acc() cost time: 5.8645079135894775
_eval_classes_acc() cost time: 6.157103538513184
_eval_classes_acc() cost time: 5.942196607589722
_eval_classes_acc() cost time: 5.9258246421813965
_eval_classes_acc() cost time: 5.906510591506958
_eval_classes_acc() cost time: 5.8601343631744385
_eval_classes_acc() cost time: 5.955871105194092
_eval_classes_acc() cost time: 6.130898952484131
_eval_classes_acc() cost time: 6.160111904144287
_eval_classes_acc() cost time: 6.066516876220703
_eval_classes_acc() cost time: 6.273199796676636
_eval_classes_acc() cost time: 6.288144826889038
_eval_classes_acc() cost time: 6.278932571411133
_eval_classes_acc() cost time: 6.135529518127441
_eval_classes_acc() cost time: 6.3488500118255615
_eval_classes_acc() cost time: 6.287175893783569
_eval_classes_acc() cost time: 6.215362071990967
_eval_classes_acc() cost time: 6.32172703742981
_eval_classes_acc() cost time: 6.282447814941406
_eval_classes_acc() cost time: 6.223679780960083
_eval_classes_acc() cost time: 7.410181760787964
_eval_classes_acc() cost time: 6.405825138092041
_eval_classes_acc() cost time: 6.240415811538696
_eval_classes_acc() cost time: 6.2368035316467285
_eval_classes_acc() cost time: 6.249774932861328
_eval_classes_acc() cost time: 6.263046741485596
_eval_classes_acc() cost time: 6.256754159927368
_eval_classes_acc() cost time: 6.233865737915039
_eval_classes_acc() cost time: 6.133870363235474
_eval_classes_acc() cost time: 6.6343889236450195
_eval_classes_acc() cost time: 6.842168092727661
_eval_classes_acc() cost time: 6.1769983768463135
_eval_classes_acc() cost time: 6.20689058303833
_eval_classes_acc() cost time: 6.073598384857178
_eval_classes_acc() cost time: 5.947300434112549
_eval_classes_acc() cost time: 6.177172660827637
_eval_classes_acc() cost time: 5.9116692543029785
_eval_classes_acc() cost time: 5.864524841308594
_eval_classes_acc() cost time: 6.192454814910889
_eval_classes_acc() cost time: 6.372938632965088
_eval_classes_acc() cost time: 6.091889142990112
_eval_classes_acc() cost time: 6.175383567810059
_eval_classes_acc() cost time: 6.21373176574707
_eval_classes_acc() cost time: 6.273252248764038
_eval_classes_acc() cost time: 6.224948406219482
_eval_classes_acc() cost time: 6.071527719497681
_eval_classes_acc() cost time: 6.010587215423584
_eval_classes_acc() cost time: 6.074808359146118

 60%|â–ˆâ–ˆâ–ˆâ–ˆâ–ˆâ–ˆ    | 6/10 [34:05<22:48, 342.03s/it][A_eval_classes_acc() cost time: 6.18574333190918
_eval_classes_acc() cost time: 6.00461220741272
_eval_classes_acc() cost time: 6.132849216461182
_eval_classes_acc() cost time: 6.155971527099609
_eval_classes_acc() cost time: 6.1206581592559814
_eval_classes_acc() cost time: 6.002100229263306
_eval_classes_acc() cost time: 6.136551856994629
_eval_classes_acc() cost time: 6.133856296539307
_eval_classes_acc() cost time: 6.059063673019409
_eval_classes_acc() cost time: 5.9415082931518555
_eval_classes_acc() cost time: 6.249126195907593
_eval_classes_acc() cost time: 6.350704193115234
_eval_classes_acc() cost time: 6.21945333480835
_eval_classes_acc() cost time: 6.292116403579712
_eval_classes_acc() cost time: 6.253036975860596
_eval_classes_acc() cost time: 6.24955415725708
_eval_classes_acc() cost time: 6.124273300170898
_eval_classes_acc() cost time: 6.166395425796509
_eval_classes_acc() cost time: 6.045131206512451
_eval_classes_acc() cost time: 5.947058200836182
_eval_classes_acc() cost time: 5.951198101043701
_eval_classes_acc() cost time: 6.108689785003662
_eval_classes_acc() cost time: 6.035622596740723
_eval_classes_acc() cost time: 6.040349960327148
_eval_classes_acc() cost time: 6.019972562789917
_eval_classes_acc() cost time: 6.20971941947937
_eval_classes_acc() cost time: 6.201655626296997
_eval_classes_acc() cost time: 6.951905727386475
_eval_classes_acc() cost time: 7.7252843379974365
_eval_classes_acc() cost time: 6.2660276889801025
_eval_classes_acc() cost time: 6.288965463638306
_eval_classes_acc() cost time: 6.241535425186157
_eval_classes_acc() cost time: 6.200161933898926
_eval_classes_acc() cost time: 6.226119041442871
_eval_classes_acc() cost time: 6.14360237121582
_eval_classes_acc() cost time: 6.292747259140015
_eval_classes_acc() cost time: 6.157121896743774
_eval_classes_acc() cost time: 6.18455696105957
_eval_classes_acc() cost time: 6.086927890777588
_eval_classes_acc() cost time: 6.159398555755615
_eval_classes_acc() cost time: 6.207603454589844
_eval_classes_acc() cost time: 6.2738940715789795
_eval_classes_acc() cost time: 6.215237617492676
_eval_classes_acc() cost time: 6.163005352020264
_eval_classes_acc() cost time: 6.082852602005005
_eval_classes_acc() cost time: 6.1476709842681885
_eval_classes_acc() cost time: 6.302154779434204
_eval_classes_acc() cost time: 6.242985963821411
_eval_classes_acc() cost time: 6.141250133514404
_eval_classes_acc() cost time: 6.068776607513428

 70%|â–ˆâ–ˆâ–ˆâ–ˆâ–ˆâ–ˆâ–ˆ   | 7/10 [39:48<17:07, 342.34s/it][A_eval_classes_acc() cost time: 6.274089097976685
_eval_classes_acc() cost time: 6.056036949157715
_eval_classes_acc() cost time: 6.163509368896484
_eval_classes_acc() cost time: 5.860467910766602
_eval_classes_acc() cost time: 5.95481538772583
_eval_classes_acc() cost time: 5.886098861694336
_eval_classes_acc() cost time: 6.146995306015015
_eval_classes_acc() cost time: 6.073885679244995
_eval_classes_acc() cost time: 6.192673921585083
_eval_classes_acc() cost time: 6.12557315826416
_eval_classes_acc() cost time: 6.1660475730896
_eval_classes_acc() cost time: 6.198965311050415
_eval_classes_acc() cost time: 6.2679407596588135
_eval_classes_acc() cost time: 6.044493198394775
_eval_classes_acc() cost time: 6.187899351119995
_eval_classes_acc() cost time: 5.972149133682251
_eval_classes_acc() cost time: 5.961899757385254
_eval_classes_acc() cost time: 6.077682018280029
_eval_classes_acc() cost time: 6.109515190124512
_eval_classes_acc() cost time: 6.129074573516846
_eval_classes_acc() cost time: 6.092607259750366
_eval_classes_acc() cost time: 7.734386920928955
_eval_classes_acc() cost time: 7.472864866256714
_eval_classes_acc() cost time: 6.136536359786987
_eval_classes_acc() cost time: 5.9758875370025635
_eval_classes_acc() cost time: 6.052193641662598
_eval_classes_acc() cost time: 5.871903419494629
_eval_classes_acc() cost time: 5.978839159011841
_eval_classes_acc() cost time: 5.869706630706787
_eval_classes_acc() cost time: 5.918440103530884
_eval_classes_acc() cost time: 5.859831809997559
_eval_classes_acc() cost time: 5.993990659713745
_eval_classes_acc() cost time: 5.944704055786133
_eval_classes_acc() cost time: 5.882351875305176
_eval_classes_acc() cost time: 6.258626461029053
_eval_classes_acc() cost time: 6.291991710662842
_eval_classes_acc() cost time: 6.1217310428619385
_eval_classes_acc() cost time: 6.025665044784546
_eval_classes_acc() cost time: 5.954446792602539
_eval_classes_acc() cost time: 6.152271032333374
_eval_classes_acc() cost time: 6.0923497676849365
_eval_classes_acc() cost time: 6.1007280349731445
_eval_classes_acc() cost time: 5.9182634353637695
_eval_classes_acc() cost time: 5.839085817337036
_eval_classes_acc() cost time: 5.851900815963745
_eval_classes_acc() cost time: 6.340784311294556
_eval_classes_acc() cost time: 5.9420390129089355
_eval_classes_acc() cost time: 6.349859714508057
_eval_classes_acc() cost time: 6.294668912887573
_eval_classes_acc() cost time: 6.350041389465332

 80%|â–ˆâ–ˆâ–ˆâ–ˆâ–ˆâ–ˆâ–ˆâ–ˆ  | 8/10 [45:25<11:21, 340.81s/it][A_eval_classes_acc() cost time: 6.2200634479522705
_eval_classes_acc() cost time: 6.2281458377838135
_eval_classes_acc() cost time: 6.274801254272461
_eval_classes_acc() cost time: 6.315090656280518
_eval_classes_acc() cost time: 6.192425727844238
_eval_classes_acc() cost time: 6.221575975418091
_eval_classes_acc() cost time: 6.591232538223267
_eval_classes_acc() cost time: 6.263656854629517
_eval_classes_acc() cost time: 6.1636927127838135
_eval_classes_acc() cost time: 6.300517797470093
_eval_classes_acc() cost time: 6.285762548446655
_eval_classes_acc() cost time: 6.252972602844238
_eval_classes_acc() cost time: 6.28828763961792
_eval_classes_acc() cost time: 6.182589530944824
_eval_classes_acc() cost time: 6.639516592025757
_eval_classes_acc() cost time: 6.505356550216675
_eval_classes_acc() cost time: 6.204829216003418
_eval_classes_acc() cost time: 6.139912843704224
_eval_classes_acc() cost time: 6.0821263790130615
_eval_classes_acc() cost time: 6.0957207679748535
_eval_classes_acc() cost time: 6.082709789276123
_eval_classes_acc() cost time: 6.0671539306640625
_eval_classes_acc() cost time: 6.067220449447632
_eval_classes_acc() cost time: 5.981666326522827
_eval_classes_acc() cost time: 5.82120156288147
_eval_classes_acc() cost time: 5.8908820152282715
_eval_classes_acc() cost time: 5.814419507980347
_eval_classes_acc() cost time: 5.847914934158325
_eval_classes_acc() cost time: 6.314082384109497
_eval_classes_acc() cost time: 6.250457286834717
_eval_classes_acc() cost time: 6.267209768295288
_eval_classes_acc() cost time: 6.040887355804443
_eval_classes_acc() cost time: 6.074134588241577
_eval_classes_acc() cost time: 5.98380446434021
_eval_classes_acc() cost time: 5.913931369781494
_eval_classes_acc() cost time: 5.936453342437744
_eval_classes_acc() cost time: 6.077389478683472
_eval_classes_acc() cost time: 6.041787147521973
_eval_classes_acc() cost time: 6.002119541168213
_eval_classes_acc() cost time: 6.096621513366699
_eval_classes_acc() cost time: 6.02156662940979
_eval_classes_acc() cost time: 6.116120100021362
_eval_classes_acc() cost time: 6.127112865447998
_eval_classes_acc() cost time: 6.2285614013671875
_eval_classes_acc() cost time: 6.192838907241821
_eval_classes_acc() cost time: 6.353132963180542
_eval_classes_acc() cost time: 5.821193218231201
_eval_classes_acc() cost time: 5.896522045135498
_eval_classes_acc() cost time: 5.869929552078247
_eval_classes_acc() cost time: 5.8440868854522705

 90%|â–ˆâ–ˆâ–ˆâ–ˆâ–ˆâ–ˆâ–ˆâ–ˆâ–ˆ | 9/10 [51:01<05:39, 339.23s/it][A_eval_classes_acc() cost time: 6.156795501708984
_eval_classes_acc() cost time: 6.1608874797821045
_eval_classes_acc() cost time: 6.104592561721802
_eval_classes_acc() cost time: 6.044724702835083
_eval_classes_acc() cost time: 5.982178211212158
_eval_classes_acc() cost time: 5.8851025104522705
_eval_classes_acc() cost time: 5.883822917938232
_eval_classes_acc() cost time: 5.8609607219696045
_eval_classes_acc() cost time: 5.830813407897949
_eval_classes_acc() cost time: 5.846129417419434
_eval_classes_acc() cost time: 5.815554141998291
_eval_classes_acc() cost time: 6.441441297531128
_eval_classes_acc() cost time: 7.418899297714233
_eval_classes_acc() cost time: 6.372249126434326
_eval_classes_acc() cost time: 6.342499256134033
_eval_classes_acc() cost time: 6.234351396560669
_eval_classes_acc() cost time: 6.2948174476623535
_eval_classes_acc() cost time: 6.322938442230225
_eval_classes_acc() cost time: 6.213996171951294
_eval_classes_acc() cost time: 6.18192720413208
_eval_classes_acc() cost time: 6.198635101318359
_eval_classes_acc() cost time: 6.132548093795776
_eval_classes_acc() cost time: 6.153511047363281
_eval_classes_acc() cost time: 6.133180141448975
_eval_classes_acc() cost time: 6.281196355819702
_eval_classes_acc() cost time: 6.1153552532196045
_eval_classes_acc() cost time: 5.855625867843628
_eval_classes_acc() cost time: 6.266909837722778
_eval_classes_acc() cost time: 5.953304052352905
_eval_classes_acc() cost time: 5.9328038692474365
_eval_classes_acc() cost time: 5.858793020248413
_eval_classes_acc() cost time: 5.956861972808838
_eval_classes_acc() cost time: 5.893313884735107
_eval_classes_acc() cost time: 5.982115030288696
_eval_classes_acc() cost time: 5.853895902633667
_eval_classes_acc() cost time: 5.94456672668457
_eval_classes_acc() cost time: 5.923495292663574
_eval_classes_acc() cost time: 6.275437593460083
_eval_classes_acc() cost time: 6.046675205230713
_eval_classes_acc() cost time: 6.001609802246094
_eval_classes_acc() cost time: 6.080803155899048
_eval_classes_acc() cost time: 6.08368706703186
_eval_classes_acc() cost time: 6.109290599822998
_eval_classes_acc() cost time: 6.294754505157471
_eval_classes_acc() cost time: 6.179971694946289
_eval_classes_acc() cost time: 6.172426223754883
_eval_classes_acc() cost time: 5.943515777587891
_eval_classes_acc() cost time: 6.25166130065918
_eval_classes_acc() cost time: 6.120243072509766
_eval_classes_acc() cost time: 5.957295179367065

100%|â–ˆâ–ˆâ–ˆâ–ˆâ–ˆâ–ˆâ–ˆâ–ˆâ–ˆâ–ˆ| 10/10 [56:37<00:00, 338.06s/it][A100%|â–ˆâ–ˆâ–ˆâ–ˆâ–ˆâ–ˆâ–ˆâ–ˆâ–ˆâ–ˆ| 10/10 [56:37<00:00, 339.70s/it]
 33%|â–ˆâ–ˆâ–ˆâ–Ž      | 1/3 [56:37<1:53:14, 3397.13s/it]_eval_classes_acc() cost time: 6.121765851974487
dataset_name:CIFAR10, model_name:resnet18_nopretrain_32_32_3, attack_name:LabelConsistent, mutation_name:neuron_block
æˆåŠŸåˆ›å»ºæ–‡ä»¶å¤¹/data/mml/backdoor_detect/experiments/CIFAR10/resnet18_nopretrain_32_32_3/LabelConsistent/neuron_switch

  0%|          | 0/10 [00:00<?, ?it/s][A_eval_classes_acc() cost time: 5.953547954559326
_eval_classes_acc() cost time: 6.089563369750977
_eval_classes_acc() cost time: 8.460026264190674
_eval_classes_acc() cost time: 6.933549165725708
_eval_classes_acc() cost time: 6.0563318729400635
_eval_classes_acc() cost time: 5.913185119628906
_eval_classes_acc() cost time: 5.896667242050171
_eval_classes_acc() cost time: 5.849342107772827
_eval_classes_acc() cost time: 5.83540153503418
_eval_classes_acc() cost time: 5.83677864074707
_eval_classes_acc() cost time: 5.843405485153198
_eval_classes_acc() cost time: 5.916920185089111
_eval_classes_acc() cost time: 6.2929606437683105
_eval_classes_acc() cost time: 6.560504913330078
_eval_classes_acc() cost time: 6.28458309173584
_eval_classes_acc() cost time: 6.230128049850464
_eval_classes_acc() cost time: 6.195999383926392
_eval_classes_acc() cost time: 5.8764729499816895
_eval_classes_acc() cost time: 6.021132469177246
_eval_classes_acc() cost time: 5.855342149734497
_eval_classes_acc() cost time: 5.79335355758667
_eval_classes_acc() cost time: 6.225508451461792
_eval_classes_acc() cost time: 6.080724239349365
_eval_classes_acc() cost time: 6.077855110168457
_eval_classes_acc() cost time: 6.073631525039673
_eval_classes_acc() cost time: 6.12463116645813
_eval_classes_acc() cost time: 6.208202600479126
_eval_classes_acc() cost time: 6.14095139503479
_eval_classes_acc() cost time: 6.062692403793335
_eval_classes_acc() cost time: 6.236679553985596
_eval_classes_acc() cost time: 6.277363061904907
_eval_classes_acc() cost time: 6.153027772903442
_eval_classes_acc() cost time: 6.344187259674072
_eval_classes_acc() cost time: 6.237599611282349
_eval_classes_acc() cost time: 6.300544261932373
_eval_classes_acc() cost time: 6.21674108505249
_eval_classes_acc() cost time: 6.354367256164551
_eval_classes_acc() cost time: 7.182798862457275
_eval_classes_acc() cost time: 6.390882968902588
_eval_classes_acc() cost time: 6.038620710372925
_eval_classes_acc() cost time: 6.217869758605957
_eval_classes_acc() cost time: 6.272622585296631
_eval_classes_acc() cost time: 6.236274480819702
_eval_classes_acc() cost time: 6.27970290184021
_eval_classes_acc() cost time: 6.2048444747924805
_eval_classes_acc() cost time: 6.1787309646606445
_eval_classes_acc() cost time: 7.67147421836853
_eval_classes_acc() cost time: 6.941742181777954
_eval_classes_acc() cost time: 6.262954473495483

 10%|â–ˆ         | 1/10 [05:38<50:50, 338.96s/it][A_eval_classes_acc() cost time: 6.160187005996704
_eval_classes_acc() cost time: 6.182231426239014
_eval_classes_acc() cost time: 5.897948980331421
_eval_classes_acc() cost time: 6.212022542953491
_eval_classes_acc() cost time: 5.899455308914185
_eval_classes_acc() cost time: 5.991412401199341
_eval_classes_acc() cost time: 5.962394714355469
_eval_classes_acc() cost time: 5.894939661026001
_eval_classes_acc() cost time: 5.9541237354278564
_eval_classes_acc() cost time: 5.84240198135376
_eval_classes_acc() cost time: 6.077745199203491
_eval_classes_acc() cost time: 6.300753831863403
_eval_classes_acc() cost time: 6.167707681655884
_eval_classes_acc() cost time: 6.221816062927246
_eval_classes_acc() cost time: 6.3504650592803955
_eval_classes_acc() cost time: 6.24755859375
_eval_classes_acc() cost time: 6.063702821731567
_eval_classes_acc() cost time: 6.103162527084351
_eval_classes_acc() cost time: 5.971379280090332
_eval_classes_acc() cost time: 6.07294487953186
_eval_classes_acc() cost time: 5.993459701538086
_eval_classes_acc() cost time: 6.127849102020264
_eval_classes_acc() cost time: 5.850648403167725
_eval_classes_acc() cost time: 5.890174627304077
_eval_classes_acc() cost time: 5.85395359992981
_eval_classes_acc() cost time: 5.92458963394165
_eval_classes_acc() cost time: 6.164606094360352
_eval_classes_acc() cost time: 6.060917615890503
_eval_classes_acc() cost time: 5.98283314704895
_eval_classes_acc() cost time: 6.174797534942627
_eval_classes_acc() cost time: 6.321890592575073
_eval_classes_acc() cost time: 6.418692588806152
_eval_classes_acc() cost time: 6.3400537967681885
_eval_classes_acc() cost time: 6.385156869888306
_eval_classes_acc() cost time: 6.337294578552246
_eval_classes_acc() cost time: 6.253424644470215
_eval_classes_acc() cost time: 6.645861387252808
_eval_classes_acc() cost time: 7.079016923904419
_eval_classes_acc() cost time: 5.900775194168091
_eval_classes_acc() cost time: 5.7892515659332275
_eval_classes_acc() cost time: 5.885832786560059
_eval_classes_acc() cost time: 5.965991258621216
_eval_classes_acc() cost time: 5.850084543228149
_eval_classes_acc() cost time: 5.952147722244263
_eval_classes_acc() cost time: 6.254473686218262
_eval_classes_acc() cost time: 5.988949298858643
_eval_classes_acc() cost time: 6.321030378341675
_eval_classes_acc() cost time: 6.210263252258301
_eval_classes_acc() cost time: 6.115005016326904
_eval_classes_acc() cost time: 6.056544065475464

 20%|â–ˆâ–ˆ        | 2/10 [11:12<44:47, 335.93s/it][A_eval_classes_acc() cost time: 6.271735906600952
_eval_classes_acc() cost time: 6.246753454208374
_eval_classes_acc() cost time: 6.204149484634399
_eval_classes_acc() cost time: 6.447031497955322
_eval_classes_acc() cost time: 6.232000350952148
_eval_classes_acc() cost time: 5.907825708389282
_eval_classes_acc() cost time: 6.235787630081177
_eval_classes_acc() cost time: 6.021475553512573
_eval_classes_acc() cost time: 6.308183670043945
_eval_classes_acc() cost time: 5.894693851470947
_eval_classes_acc() cost time: 5.972305059432983
_eval_classes_acc() cost time: 6.157978534698486
_eval_classes_acc() cost time: 6.052334785461426
_eval_classes_acc() cost time: 6.123889684677124
_eval_classes_acc() cost time: 6.1904990673065186
_eval_classes_acc() cost time: 6.4422242641448975
_eval_classes_acc() cost time: 6.27723503112793
_eval_classes_acc() cost time: 6.112100839614868
_eval_classes_acc() cost time: 6.093740940093994
_eval_classes_acc() cost time: 6.090380668640137
_eval_classes_acc() cost time: 6.0483012199401855
_eval_classes_acc() cost time: 6.182189702987671
_eval_classes_acc() cost time: 5.925463676452637
_eval_classes_acc() cost time: 5.832332134246826
_eval_classes_acc() cost time: 5.873227834701538
_eval_classes_acc() cost time: 8.198253631591797
_eval_classes_acc() cost time: 6.109245300292969
_eval_classes_acc() cost time: 6.098398923873901
_eval_classes_acc() cost time: 6.107129335403442
_eval_classes_acc() cost time: 6.264848470687866
_eval_classes_acc() cost time: 6.045833587646484
_eval_classes_acc() cost time: 6.235626935958862
_eval_classes_acc() cost time: 5.864616632461548
_eval_classes_acc() cost time: 5.900963306427002
_eval_classes_acc() cost time: 5.759724378585815
_eval_classes_acc() cost time: 6.107424259185791
_eval_classes_acc() cost time: 6.062724828720093
_eval_classes_acc() cost time: 6.083302974700928
_eval_classes_acc() cost time: 6.132786750793457
_eval_classes_acc() cost time: 6.088481187820435
_eval_classes_acc() cost time: 6.254030227661133
_eval_classes_acc() cost time: 6.1782872676849365
_eval_classes_acc() cost time: 6.083489656448364
_eval_classes_acc() cost time: 5.879260778427124
_eval_classes_acc() cost time: 5.812031269073486
_eval_classes_acc() cost time: 5.879458665847778
_eval_classes_acc() cost time: 5.774665355682373
_eval_classes_acc() cost time: 5.867989540100098
_eval_classes_acc() cost time: 6.315838575363159
_eval_classes_acc() cost time: 6.324774980545044

 30%|â–ˆâ–ˆâ–ˆ       | 3/10 [16:46<39:05, 335.03s/it][A_eval_classes_acc() cost time: 6.254014015197754
_eval_classes_acc() cost time: 6.255414247512817
_eval_classes_acc() cost time: 6.272827386856079
_eval_classes_acc() cost time: 6.232825994491577
_eval_classes_acc() cost time: 6.328527450561523
_eval_classes_acc() cost time: 7.1223931312561035
_eval_classes_acc() cost time: 6.226852178573608
_eval_classes_acc() cost time: 6.065002202987671
_eval_classes_acc() cost time: 6.049339532852173
_eval_classes_acc() cost time: 5.987881422042847
_eval_classes_acc() cost time: 5.834092140197754
_eval_classes_acc() cost time: 6.045625925064087
_eval_classes_acc() cost time: 5.8133909702301025
_eval_classes_acc() cost time: 5.988287448883057
_eval_classes_acc() cost time: 7.1618876457214355
_eval_classes_acc() cost time: 5.854039907455444
_eval_classes_acc() cost time: 5.74595832824707
_eval_classes_acc() cost time: 5.870857238769531
_eval_classes_acc() cost time: 5.72580361366272
_eval_classes_acc() cost time: 5.773300886154175
_eval_classes_acc() cost time: 5.7372660636901855
_eval_classes_acc() cost time: 5.808689832687378
_eval_classes_acc() cost time: 5.791816711425781
_eval_classes_acc() cost time: 5.772357225418091
_eval_classes_acc() cost time: 5.761781930923462
_eval_classes_acc() cost time: 5.768810987472534
_eval_classes_acc() cost time: 5.748459577560425
_eval_classes_acc() cost time: 5.781909942626953
_eval_classes_acc() cost time: 5.768033266067505
_eval_classes_acc() cost time: 5.719641923904419
_eval_classes_acc() cost time: 5.7592384815216064
_eval_classes_acc() cost time: 5.860002279281616
_eval_classes_acc() cost time: 5.74885630607605
_eval_classes_acc() cost time: 5.785536289215088
_eval_classes_acc() cost time: 5.71807074546814
_eval_classes_acc() cost time: 5.868080377578735
_eval_classes_acc() cost time: 5.780537128448486
_eval_classes_acc() cost time: 5.722930908203125
_eval_classes_acc() cost time: 5.693872690200806
_eval_classes_acc() cost time: 5.728456974029541
_eval_classes_acc() cost time: 5.709426164627075
_eval_classes_acc() cost time: 5.9811317920684814
_eval_classes_acc() cost time: 6.189643144607544
_eval_classes_acc() cost time: 5.948121070861816
_eval_classes_acc() cost time: 6.140506029129028
_eval_classes_acc() cost time: 6.00378680229187
_eval_classes_acc() cost time: 5.845046281814575
_eval_classes_acc() cost time: 6.138460159301758
_eval_classes_acc() cost time: 5.909835577011108
_eval_classes_acc() cost time: 5.809458017349243

 40%|â–ˆâ–ˆâ–ˆâ–ˆ      | 4/10 [22:11<33:04, 330.81s/it][A_eval_classes_acc() cost time: 5.82308554649353
_eval_classes_acc() cost time: 5.781780958175659
_eval_classes_acc() cost time: 5.786071062088013
_eval_classes_acc() cost time: 5.726351976394653
_eval_classes_acc() cost time: 5.812952756881714
_eval_classes_acc() cost time: 5.7693774700164795
_eval_classes_acc() cost time: 5.826855897903442
_eval_classes_acc() cost time: 5.75750732421875
_eval_classes_acc() cost time: 5.841110706329346
_eval_classes_acc() cost time: 5.840055465698242
_eval_classes_acc() cost time: 5.779452562332153
_eval_classes_acc() cost time: 5.815804481506348
_eval_classes_acc() cost time: 6.239925861358643
_eval_classes_acc() cost time: 7.182891607284546
_eval_classes_acc() cost time: 6.889613389968872
_eval_classes_acc() cost time: 5.767582654953003
_eval_classes_acc() cost time: 5.8272716999053955
_eval_classes_acc() cost time: 5.752153635025024
_eval_classes_acc() cost time: 5.822472810745239
_eval_classes_acc() cost time: 5.785763263702393
_eval_classes_acc() cost time: 5.696050405502319
_eval_classes_acc() cost time: 5.86051344871521
_eval_classes_acc() cost time: 5.804713487625122
_eval_classes_acc() cost time: 5.854616641998291
_eval_classes_acc() cost time: 5.7299277782440186
_eval_classes_acc() cost time: 5.766445636749268
_eval_classes_acc() cost time: 5.768680572509766
_eval_classes_acc() cost time: 5.792211055755615
_eval_classes_acc() cost time: 5.730086326599121
_eval_classes_acc() cost time: 5.813910484313965
_eval_classes_acc() cost time: 5.777865648269653
_eval_classes_acc() cost time: 5.779187917709351
_eval_classes_acc() cost time: 5.826116561889648
_eval_classes_acc() cost time: 5.893435716629028
_eval_classes_acc() cost time: 5.858238220214844
_eval_classes_acc() cost time: 5.800933599472046
_eval_classes_acc() cost time: 5.788414716720581
_eval_classes_acc() cost time: 5.778632402420044
_eval_classes_acc() cost time: 5.733575105667114
_eval_classes_acc() cost time: 5.7627294063568115
_eval_classes_acc() cost time: 5.765973091125488
_eval_classes_acc() cost time: 5.7767486572265625
_eval_classes_acc() cost time: 5.766042470932007
_eval_classes_acc() cost time: 5.775708198547363
_eval_classes_acc() cost time: 5.820050239562988
_eval_classes_acc() cost time: 5.777087688446045
_eval_classes_acc() cost time: 5.74378776550293
_eval_classes_acc() cost time: 5.776429653167725
_eval_classes_acc() cost time: 5.7919840812683105
_eval_classes_acc() cost time: 5.836090564727783

 50%|â–ˆâ–ˆâ–ˆâ–ˆâ–ˆ     | 5/10 [27:32<27:16, 327.33s/it][A_eval_classes_acc() cost time: 5.817393779754639
_eval_classes_acc() cost time: 5.7980992794036865
_eval_classes_acc() cost time: 5.844166278839111
_eval_classes_acc() cost time: 5.835975170135498
_eval_classes_acc() cost time: 5.874734163284302
_eval_classes_acc() cost time: 5.895702600479126
_eval_classes_acc() cost time: 6.03134560585022
_eval_classes_acc() cost time: 6.008599758148193
_eval_classes_acc() cost time: 5.8913843631744385
_eval_classes_acc() cost time: 5.992443323135376
_eval_classes_acc() cost time: 6.461413621902466
_eval_classes_acc() cost time: 7.969337224960327
_eval_classes_acc() cost time: 6.011748790740967
_eval_classes_acc() cost time: 6.119915962219238
_eval_classes_acc() cost time: 5.824435234069824
_eval_classes_acc() cost time: 5.766733884811401
_eval_classes_acc() cost time: 5.778211355209351
_eval_classes_acc() cost time: 5.867584228515625
_eval_classes_acc() cost time: 5.79228138923645
_eval_classes_acc() cost time: 5.843214511871338
_eval_classes_acc() cost time: 5.770575761795044
_eval_classes_acc() cost time: 5.74294376373291
_eval_classes_acc() cost time: 5.796582937240601
_eval_classes_acc() cost time: 5.808964014053345
_eval_classes_acc() cost time: 5.759794235229492
_eval_classes_acc() cost time: 5.81195068359375
_eval_classes_acc() cost time: 5.752029180526733
_eval_classes_acc() cost time: 5.784173250198364
_eval_classes_acc() cost time: 6.16706919670105
_eval_classes_acc() cost time: 6.0117292404174805
_eval_classes_acc() cost time: 6.031757831573486
_eval_classes_acc() cost time: 5.838348388671875
_eval_classes_acc() cost time: 5.870861053466797
_eval_classes_acc() cost time: 5.878606081008911
_eval_classes_acc() cost time: 5.8243935108184814
_eval_classes_acc() cost time: 5.821089029312134
_eval_classes_acc() cost time: 5.916992902755737
_eval_classes_acc() cost time: 6.084604501724243
_eval_classes_acc() cost time: 6.053476095199585
_eval_classes_acc() cost time: 6.240554332733154
_eval_classes_acc() cost time: 6.429722309112549
_eval_classes_acc() cost time: 6.327549934387207
_eval_classes_acc() cost time: 6.2849462032318115
_eval_classes_acc() cost time: 6.133950233459473
_eval_classes_acc() cost time: 6.232473611831665
_eval_classes_acc() cost time: 6.919630527496338
_eval_classes_acc() cost time: 6.038642883300781
_eval_classes_acc() cost time: 6.132140159606934
_eval_classes_acc() cost time: 6.067767381668091
_eval_classes_acc() cost time: 5.980818748474121

 60%|â–ˆâ–ˆâ–ˆâ–ˆâ–ˆâ–ˆ    | 6/10 [33:01<21:51, 327.90s/it][A_eval_classes_acc() cost time: 6.110316514968872
_eval_classes_acc() cost time: 6.117538928985596
_eval_classes_acc() cost time: 6.047281742095947
_eval_classes_acc() cost time: 6.026905298233032
_eval_classes_acc() cost time: 6.088229656219482
_eval_classes_acc() cost time: 8.036208152770996
_eval_classes_acc() cost time: 5.7615439891815186
_eval_classes_acc() cost time: 5.81609582901001
_eval_classes_acc() cost time: 5.776116847991943
_eval_classes_acc() cost time: 5.731674671173096
_eval_classes_acc() cost time: 5.757593870162964
_eval_classes_acc() cost time: 5.780943155288696
_eval_classes_acc() cost time: 5.821820020675659
_eval_classes_acc() cost time: 5.7441911697387695
_eval_classes_acc() cost time: 5.763759613037109
_eval_classes_acc() cost time: 5.7325921058654785
_eval_classes_acc() cost time: 5.830089330673218
_eval_classes_acc() cost time: 6.160683870315552
_eval_classes_acc() cost time: 5.765510559082031
_eval_classes_acc() cost time: 5.835043668746948
_eval_classes_acc() cost time: 5.755276441574097
_eval_classes_acc() cost time: 5.747225761413574
_eval_classes_acc() cost time: 5.772984743118286
_eval_classes_acc() cost time: 5.77576756477356
_eval_classes_acc() cost time: 5.7723963260650635
_eval_classes_acc() cost time: 5.906203508377075
_eval_classes_acc() cost time: 5.821002244949341
_eval_classes_acc() cost time: 5.830972909927368
_eval_classes_acc() cost time: 5.777661561965942
_eval_classes_acc() cost time: 6.282499313354492
_eval_classes_acc() cost time: 6.077487945556641
_eval_classes_acc() cost time: 6.154268503189087
_eval_classes_acc() cost time: 6.1997034549713135
_eval_classes_acc() cost time: 6.163251876831055
_eval_classes_acc() cost time: 6.095101356506348
_eval_classes_acc() cost time: 5.966122150421143
_eval_classes_acc() cost time: 5.9355268478393555
_eval_classes_acc() cost time: 5.8336875438690186
_eval_classes_acc() cost time: 5.892623662948608
_eval_classes_acc() cost time: 5.945690393447876
_eval_classes_acc() cost time: 5.829520225524902
_eval_classes_acc() cost time: 5.845998764038086
_eval_classes_acc() cost time: 5.896023273468018
_eval_classes_acc() cost time: 5.952835321426392
_eval_classes_acc() cost time: 5.87784218788147
_eval_classes_acc() cost time: 5.864868879318237
_eval_classes_acc() cost time: 5.782183408737183
_eval_classes_acc() cost time: 5.9040093421936035
_eval_classes_acc() cost time: 6.165235996246338
_eval_classes_acc() cost time: 6.201622247695923

 70%|â–ˆâ–ˆâ–ˆâ–ˆâ–ˆâ–ˆâ–ˆ   | 7/10 [38:24<16:18, 326.31s/it][A_eval_classes_acc() cost time: 6.083145380020142
_eval_classes_acc() cost time: 6.259082794189453
_eval_classes_acc() cost time: 6.152008056640625
_eval_classes_acc() cost time: 6.278367042541504
_eval_classes_acc() cost time: 8.082736253738403
_eval_classes_acc() cost time: 6.482231140136719
_eval_classes_acc() cost time: 6.186949968338013
_eval_classes_acc() cost time: 6.160139083862305
_eval_classes_acc() cost time: 6.263123989105225
_eval_classes_acc() cost time: 6.225160360336304
_eval_classes_acc() cost time: 6.231879711151123
_eval_classes_acc() cost time: 6.311301231384277
_eval_classes_acc() cost time: 6.168582916259766
_eval_classes_acc() cost time: 6.28794527053833
_eval_classes_acc() cost time: 6.210611820220947
_eval_classes_acc() cost time: 6.2931342124938965
_eval_classes_acc() cost time: 6.328592538833618
_eval_classes_acc() cost time: 6.0346152782440186
_eval_classes_acc() cost time: 5.816490650177002
_eval_classes_acc() cost time: 6.083660840988159
_eval_classes_acc() cost time: 5.922382593154907
_eval_classes_acc() cost time: 5.85982871055603
_eval_classes_acc() cost time: 6.2536821365356445
_eval_classes_acc() cost time: 6.050368547439575
_eval_classes_acc() cost time: 6.175423622131348
_eval_classes_acc() cost time: 6.181480407714844
_eval_classes_acc() cost time: 6.2308571338653564
_eval_classes_acc() cost time: 6.166490316390991
_eval_classes_acc() cost time: 6.310975790023804
_eval_classes_acc() cost time: 6.180797815322876
_eval_classes_acc() cost time: 6.293050765991211
_eval_classes_acc() cost time: 6.427090406417847
_eval_classes_acc() cost time: 6.208258152008057
_eval_classes_acc() cost time: 6.214614391326904
_eval_classes_acc() cost time: 6.335139036178589
_eval_classes_acc() cost time: 6.298625230789185
_eval_classes_acc() cost time: 6.1497087478637695
_eval_classes_acc() cost time: 6.165470600128174
_eval_classes_acc() cost time: 6.156056642532349
_eval_classes_acc() cost time: 6.200685977935791
_eval_classes_acc() cost time: 6.190943241119385
_eval_classes_acc() cost time: 6.189653396606445
_eval_classes_acc() cost time: 6.053407192230225
_eval_classes_acc() cost time: 6.255306005477905
_eval_classes_acc() cost time: 6.210267543792725
_eval_classes_acc() cost time: 6.247029781341553
_eval_classes_acc() cost time: 6.230816125869751
_eval_classes_acc() cost time: 6.139309883117676
_eval_classes_acc() cost time: 7.872366666793823
_eval_classes_acc() cost time: 6.679436206817627

 80%|â–ˆâ–ˆâ–ˆâ–ˆâ–ˆâ–ˆâ–ˆâ–ˆ  | 8/10 [44:04<11:01, 330.73s/it][A_eval_classes_acc() cost time: 6.1622772216796875
_eval_classes_acc() cost time: 6.05919075012207
_eval_classes_acc() cost time: 5.882714748382568
_eval_classes_acc() cost time: 5.88890528678894
_eval_classes_acc() cost time: 5.9247658252716064
_eval_classes_acc() cost time: 5.922786235809326
_eval_classes_acc() cost time: 6.107970476150513
_eval_classes_acc() cost time: 5.796346426010132
_eval_classes_acc() cost time: 5.845471620559692
_eval_classes_acc() cost time: 6.2900121212005615
_eval_classes_acc() cost time: 6.289821624755859
_eval_classes_acc() cost time: 6.185143947601318
_eval_classes_acc() cost time: 6.258824110031128
_eval_classes_acc() cost time: 6.009695768356323
_eval_classes_acc() cost time: 6.118169546127319
_eval_classes_acc() cost time: 6.008788585662842
_eval_classes_acc() cost time: 6.069879055023193
_eval_classes_acc() cost time: 6.144343137741089
_eval_classes_acc() cost time: 6.303018808364868
_eval_classes_acc() cost time: 6.106649875640869
_eval_classes_acc() cost time: 5.992038011550903
_eval_classes_acc() cost time: 5.998846530914307
_eval_classes_acc() cost time: 6.002333164215088
_eval_classes_acc() cost time: 5.900962591171265
_eval_classes_acc() cost time: 5.795017957687378
_eval_classes_acc() cost time: 5.833065032958984
_eval_classes_acc() cost time: 6.224316596984863
_eval_classes_acc() cost time: 7.484655857086182
_eval_classes_acc() cost time: 6.2525954246521
_eval_classes_acc() cost time: 6.333356618881226
_eval_classes_acc() cost time: 6.289159774780273
_eval_classes_acc() cost time: 6.099977731704712
_eval_classes_acc() cost time: 6.142013072967529
_eval_classes_acc() cost time: 6.179258108139038
_eval_classes_acc() cost time: 6.035658597946167
_eval_classes_acc() cost time: 6.348068714141846
_eval_classes_acc() cost time: 8.08185625076294
_eval_classes_acc() cost time: 6.1063148975372314
_eval_classes_acc() cost time: 5.855915307998657
_eval_classes_acc() cost time: 5.8771092891693115
_eval_classes_acc() cost time: 5.789923667907715
_eval_classes_acc() cost time: 5.796560287475586
_eval_classes_acc() cost time: 5.843585252761841
_eval_classes_acc() cost time: 5.828655481338501
_eval_classes_acc() cost time: 6.186295986175537
_eval_classes_acc() cost time: 6.373324155807495
_eval_classes_acc() cost time: 6.235191345214844
_eval_classes_acc() cost time: 6.293185710906982
_eval_classes_acc() cost time: 6.219391584396362
_eval_classes_acc() cost time: 6.155327320098877

 90%|â–ˆâ–ˆâ–ˆâ–ˆâ–ˆâ–ˆâ–ˆâ–ˆâ–ˆ | 9/10 [49:38<05:31, 331.62s/it][A_eval_classes_acc() cost time: 6.224538326263428
_eval_classes_acc() cost time: 6.265283584594727
_eval_classes_acc() cost time: 6.127615213394165
_eval_classes_acc() cost time: 6.20510721206665
_eval_classes_acc() cost time: 6.128052711486816
_eval_classes_acc() cost time: 6.087351083755493
_eval_classes_acc() cost time: 6.121384143829346
_eval_classes_acc() cost time: 6.2012763023376465
_eval_classes_acc() cost time: 6.151172876358032
_eval_classes_acc() cost time: 6.127349615097046
_eval_classes_acc() cost time: 6.221895217895508
_eval_classes_acc() cost time: 6.361123323440552
_eval_classes_acc() cost time: 6.259058952331543
_eval_classes_acc() cost time: 6.132311105728149
_eval_classes_acc() cost time: 6.093697547912598
_eval_classes_acc() cost time: 6.246073484420776
_eval_classes_acc() cost time: 6.059612989425659
_eval_classes_acc() cost time: 6.129739046096802
_eval_classes_acc() cost time: 5.928659915924072
_eval_classes_acc() cost time: 6.082977294921875
_eval_classes_acc() cost time: 5.96714973449707
_eval_classes_acc() cost time: 6.177396774291992
_eval_classes_acc() cost time: 6.021301984786987
_eval_classes_acc() cost time: 6.090158224105835
_eval_classes_acc() cost time: 6.157569885253906
_eval_classes_acc() cost time: 6.1166462898254395
_eval_classes_acc() cost time: 6.21004581451416
_eval_classes_acc() cost time: 6.27524209022522
_eval_classes_acc() cost time: 6.641278266906738
_eval_classes_acc() cost time: 7.3120105266571045
_eval_classes_acc() cost time: 6.143518924713135
_eval_classes_acc() cost time: 5.875713348388672
_eval_classes_acc() cost time: 5.906994819641113
_eval_classes_acc() cost time: 5.993339776992798
_eval_classes_acc() cost time: 5.907937526702881
_eval_classes_acc() cost time: 6.261312246322632
_eval_classes_acc() cost time: 6.310537576675415
_eval_classes_acc() cost time: 5.960782766342163
_eval_classes_acc() cost time: 6.100614070892334
_eval_classes_acc() cost time: 5.8688578605651855
_eval_classes_acc() cost time: 5.852627515792847
_eval_classes_acc() cost time: 5.805451154708862
_eval_classes_acc() cost time: 5.922093868255615
_eval_classes_acc() cost time: 5.827546119689941
_eval_classes_acc() cost time: 5.816192865371704
_eval_classes_acc() cost time: 5.7112085819244385
_eval_classes_acc() cost time: 5.879188060760498
_eval_classes_acc() cost time: 6.156823635101318
_eval_classes_acc() cost time: 6.25000524520874
_eval_classes_acc() cost time: 6.184322834014893

100%|â–ˆâ–ˆâ–ˆâ–ˆâ–ˆâ–ˆâ–ˆâ–ˆâ–ˆâ–ˆ| 10/10 [55:08<00:00, 331.36s/it][A100%|â–ˆâ–ˆâ–ˆâ–ˆâ–ˆâ–ˆâ–ˆâ–ˆâ–ˆâ–ˆ| 10/10 [55:08<00:00, 330.88s/it]
 67%|â–ˆâ–ˆâ–ˆâ–ˆâ–ˆâ–ˆâ–‹   | 2/3 [1:51:46<55:45, 3345.26s/it]_eval_classes_acc() cost time: 6.116206645965576
dataset_name:CIFAR10, model_name:resnet18_nopretrain_32_32_3, attack_name:LabelConsistent, mutation_name:neuron_switch
æˆåŠŸåˆ›å»ºæ–‡ä»¶å¤¹/data/mml/backdoor_detect/experiments/CIFAR10/resnet18_nopretrain_32_32_3/LabelConsistent/weight_shuffle

  0%|          | 0/10 [00:00<?, ?it/s][A_eval_classes_acc() cost time: 6.087491750717163
_eval_classes_acc() cost time: 6.0833916664123535
_eval_classes_acc() cost time: 6.196157693862915
_eval_classes_acc() cost time: 6.127315521240234
_eval_classes_acc() cost time: 6.132013320922852
_eval_classes_acc() cost time: 6.18369460105896
_eval_classes_acc() cost time: 5.944547414779663
_eval_classes_acc() cost time: 6.083329439163208
_eval_classes_acc() cost time: 6.17597508430481
_eval_classes_acc() cost time: 5.957326412200928
_eval_classes_acc() cost time: 6.359402656555176
_eval_classes_acc() cost time: 6.191319465637207
_eval_classes_acc() cost time: 6.292700529098511
_eval_classes_acc() cost time: 6.1835198402404785
_eval_classes_acc() cost time: 6.2091383934021
_eval_classes_acc() cost time: 6.307361841201782
_eval_classes_acc() cost time: 6.370507717132568
_eval_classes_acc() cost time: 6.2256481647491455
_eval_classes_acc() cost time: 6.24272608757019
_eval_classes_acc() cost time: 7.134302854537964
_eval_classes_acc() cost time: 7.073995351791382
_eval_classes_acc() cost time: 6.101455926895142
_eval_classes_acc() cost time: 6.125702142715454
_eval_classes_acc() cost time: 6.34451961517334
_eval_classes_acc() cost time: 5.974414110183716
_eval_classes_acc() cost time: 6.309305906295776
_eval_classes_acc() cost time: 6.242154121398926
_eval_classes_acc() cost time: 6.265284299850464
_eval_classes_acc() cost time: 6.18702507019043
_eval_classes_acc() cost time: 6.269595623016357
_eval_classes_acc() cost time: 6.31701397895813
_eval_classes_acc() cost time: 6.190737962722778
_eval_classes_acc() cost time: 6.367843866348267
_eval_classes_acc() cost time: 6.219371318817139
_eval_classes_acc() cost time: 6.1501452922821045
_eval_classes_acc() cost time: 6.084332466125488
_eval_classes_acc() cost time: 6.098302364349365
_eval_classes_acc() cost time: 6.136927843093872
_eval_classes_acc() cost time: 5.937684059143066
_eval_classes_acc() cost time: 5.982234477996826
_eval_classes_acc() cost time: 5.898937702178955
_eval_classes_acc() cost time: 5.817066431045532
_eval_classes_acc() cost time: 6.127752065658569
_eval_classes_acc() cost time: 5.848573207855225
_eval_classes_acc() cost time: 5.903829336166382
_eval_classes_acc() cost time: 6.19662618637085
_eval_classes_acc() cost time: 6.059811353683472
_eval_classes_acc() cost time: 6.318310260772705
_eval_classes_acc() cost time: 6.064213514328003

 10%|â–ˆ         | 1/10 [05:35<50:20, 335.58s/it][A_eval_classes_acc() cost time: 5.987118721008301
_eval_classes_acc() cost time: 6.069801330566406
_eval_classes_acc() cost time: 6.114699840545654
_eval_classes_acc() cost time: 6.273231029510498
_eval_classes_acc() cost time: 6.317198753356934
_eval_classes_acc() cost time: 6.217927694320679
_eval_classes_acc() cost time: 6.256575345993042
_eval_classes_acc() cost time: 6.2730872631073
_eval_classes_acc() cost time: 6.765707731246948
_eval_classes_acc() cost time: 6.230851888656616
_eval_classes_acc() cost time: 6.166595458984375
_eval_classes_acc() cost time: 6.534908294677734
_eval_classes_acc() cost time: 6.179670810699463
_eval_classes_acc() cost time: 6.231218099594116
_eval_classes_acc() cost time: 5.90001368522644
_eval_classes_acc() cost time: 6.287168741226196
_eval_classes_acc() cost time: 5.749782562255859
_eval_classes_acc() cost time: 6.6251513957977295
_eval_classes_acc() cost time: 6.477008581161499
_eval_classes_acc() cost time: 6.330395221710205
_eval_classes_acc() cost time: 6.244111776351929
_eval_classes_acc() cost time: 6.305272579193115
_eval_classes_acc() cost time: 6.349085092544556
_eval_classes_acc() cost time: 5.8191938400268555
_eval_classes_acc() cost time: 5.814716577529907
_eval_classes_acc() cost time: 5.844404220581055
_eval_classes_acc() cost time: 5.81555438041687
_eval_classes_acc() cost time: 5.8627355098724365
_eval_classes_acc() cost time: 5.76993727684021
_eval_classes_acc() cost time: 5.769441843032837
_eval_classes_acc() cost time: 5.754932165145874
_eval_classes_acc() cost time: 5.739978551864624
_eval_classes_acc() cost time: 5.82135796546936
_eval_classes_acc() cost time: 5.9350550174713135
_eval_classes_acc() cost time: 5.76036810874939
_eval_classes_acc() cost time: 5.73860239982605
_eval_classes_acc() cost time: 5.807988166809082
_eval_classes_acc() cost time: 5.878193140029907
_eval_classes_acc() cost time: 5.757955312728882
_eval_classes_acc() cost time: 5.721966981887817
_eval_classes_acc() cost time: 5.715909719467163
_eval_classes_acc() cost time: 5.800416946411133
_eval_classes_acc() cost time: 5.754744529724121
_eval_classes_acc() cost time: 5.785901069641113
_eval_classes_acc() cost time: 5.765405893325806
_eval_classes_acc() cost time: 5.755884170532227
_eval_classes_acc() cost time: 5.791347503662109
_eval_classes_acc() cost time: 5.746370553970337
_eval_classes_acc() cost time: 5.687232971191406
_eval_classes_acc() cost time: 5.826587438583374

 20%|â–ˆâ–ˆ        | 2/10 [11:00<43:55, 329.48s/it][A_eval_classes_acc() cost time: 5.742263555526733
_eval_classes_acc() cost time: 5.755688905715942
_eval_classes_acc() cost time: 5.8294103145599365
_eval_classes_acc() cost time: 5.816778659820557
_eval_classes_acc() cost time: 5.725541591644287
_eval_classes_acc() cost time: 5.798616170883179
_eval_classes_acc() cost time: 5.815954685211182
_eval_classes_acc() cost time: 5.7139434814453125
_eval_classes_acc() cost time: 5.724608659744263
_eval_classes_acc() cost time: 5.881549835205078
_eval_classes_acc() cost time: 5.772486448287964
_eval_classes_acc() cost time: 5.848242998123169
_eval_classes_acc() cost time: 5.707348108291626
_eval_classes_acc() cost time: 5.795047044754028
_eval_classes_acc() cost time: 5.73026967048645
_eval_classes_acc() cost time: 5.779266357421875
_eval_classes_acc() cost time: 5.942897319793701
_eval_classes_acc() cost time: 6.952974081039429
_eval_classes_acc() cost time: 5.695493459701538
_eval_classes_acc() cost time: 5.776993274688721
_eval_classes_acc() cost time: 5.732017517089844
_eval_classes_acc() cost time: 5.753016948699951
_eval_classes_acc() cost time: 5.736294507980347
_eval_classes_acc() cost time: 5.704618692398071
_eval_classes_acc() cost time: 5.77568793296814
_eval_classes_acc() cost time: 5.684943199157715
_eval_classes_acc() cost time: 5.809988975524902
_eval_classes_acc() cost time: 5.748138189315796
_eval_classes_acc() cost time: 5.717709541320801
_eval_classes_acc() cost time: 5.85014533996582
_eval_classes_acc() cost time: 5.802389621734619
_eval_classes_acc() cost time: 5.797409534454346
_eval_classes_acc() cost time: 5.731280088424683
_eval_classes_acc() cost time: 5.831326723098755
_eval_classes_acc() cost time: 5.729759454727173
_eval_classes_acc() cost time: 5.773968935012817
_eval_classes_acc() cost time: 5.930785894393921
_eval_classes_acc() cost time: 5.770881414413452
_eval_classes_acc() cost time: 5.796423435211182
_eval_classes_acc() cost time: 5.787358522415161
_eval_classes_acc() cost time: 5.713606119155884
_eval_classes_acc() cost time: 5.783938646316528
_eval_classes_acc() cost time: 5.788650751113892
_eval_classes_acc() cost time: 5.805837869644165
_eval_classes_acc() cost time: 5.729617357254028
_eval_classes_acc() cost time: 5.718571186065674
_eval_classes_acc() cost time: 5.763767719268799
_eval_classes_acc() cost time: 5.793896913528442
_eval_classes_acc() cost time: 5.805630445480347
_eval_classes_acc() cost time: 5.79720139503479

 30%|â–ˆâ–ˆâ–ˆ       | 3/10 [16:14<37:35, 322.25s/it][A_eval_classes_acc() cost time: 5.826994180679321
_eval_classes_acc() cost time: 5.767586708068848
_eval_classes_acc() cost time: 5.746500015258789
_eval_classes_acc() cost time: 5.772665739059448
_eval_classes_acc() cost time: 5.730642080307007
_eval_classes_acc() cost time: 5.860173940658569
_eval_classes_acc() cost time: 5.761974334716797
_eval_classes_acc() cost time: 5.865971803665161
_eval_classes_acc() cost time: 5.728745222091675
_eval_classes_acc() cost time: 5.862586498260498
_eval_classes_acc() cost time: 5.6970930099487305
_eval_classes_acc() cost time: 5.695692539215088
_eval_classes_acc() cost time: 5.724281072616577
_eval_classes_acc() cost time: 5.738621950149536
_eval_classes_acc() cost time: 5.759505748748779
_eval_classes_acc() cost time: 7.154140472412109
_eval_classes_acc() cost time: 5.763304710388184
_eval_classes_acc() cost time: 5.753735065460205
_eval_classes_acc() cost time: 5.743343353271484
_eval_classes_acc() cost time: 5.79052209854126
_eval_classes_acc() cost time: 5.768826961517334
_eval_classes_acc() cost time: 5.68178391456604
_eval_classes_acc() cost time: 6.244220495223999
_eval_classes_acc() cost time: 6.341414213180542
_eval_classes_acc() cost time: 5.745805263519287
_eval_classes_acc() cost time: 5.821480989456177
_eval_classes_acc() cost time: 5.7785964012146
_eval_classes_acc() cost time: 5.732160568237305
_eval_classes_acc() cost time: 5.745447635650635
_eval_classes_acc() cost time: 5.787008762359619
_eval_classes_acc() cost time: 5.711638450622559
_eval_classes_acc() cost time: 5.784660577774048
_eval_classes_acc() cost time: 5.766026020050049
_eval_classes_acc() cost time: 5.734539270401001
_eval_classes_acc() cost time: 5.713927268981934
_eval_classes_acc() cost time: 5.696429252624512
_eval_classes_acc() cost time: 5.692994594573975
_eval_classes_acc() cost time: 5.725906610488892
_eval_classes_acc() cost time: 5.693579435348511
_eval_classes_acc() cost time: 5.74096941947937
_eval_classes_acc() cost time: 5.769107103347778
_eval_classes_acc() cost time: 5.708112955093384
_eval_classes_acc() cost time: 5.793400287628174
_eval_classes_acc() cost time: 5.814170598983765
_eval_classes_acc() cost time: 5.723257780075073
_eval_classes_acc() cost time: 6.889892101287842
_eval_classes_acc() cost time: 5.734748125076294
_eval_classes_acc() cost time: 5.707799434661865
_eval_classes_acc() cost time: 6.165355682373047
_eval_classes_acc() cost time: 5.742126226425171

 40%|â–ˆâ–ˆâ–ˆâ–ˆ      | 4/10 [21:32<32:03, 320.56s/it][A_eval_classes_acc() cost time: 6.5173728466033936
_eval_classes_acc() cost time: 5.721426010131836
_eval_classes_acc() cost time: 5.810577869415283
_eval_classes_acc() cost time: 5.783032655715942
_eval_classes_acc() cost time: 5.950011253356934
_eval_classes_acc() cost time: 6.5293543338775635
_eval_classes_acc() cost time: 5.712685585021973
_eval_classes_acc() cost time: 5.725149869918823
_eval_classes_acc() cost time: 5.737753391265869
_eval_classes_acc() cost time: 5.729566335678101
_eval_classes_acc() cost time: 5.7275710105896
_eval_classes_acc() cost time: 5.767520904541016
_eval_classes_acc() cost time: 5.780094385147095
_eval_classes_acc() cost time: 5.769336700439453
_eval_classes_acc() cost time: 5.754929304122925
_eval_classes_acc() cost time: 5.742711067199707
_eval_classes_acc() cost time: 5.782094240188599
_eval_classes_acc() cost time: 5.68510890007019
_eval_classes_acc() cost time: 5.827737092971802
_eval_classes_acc() cost time: 5.719078779220581
_eval_classes_acc() cost time: 5.698779582977295
_eval_classes_acc() cost time: 5.826306581497192
_eval_classes_acc() cost time: 5.681178331375122
_eval_classes_acc() cost time: 5.702559947967529
_eval_classes_acc() cost time: 5.7310943603515625
_eval_classes_acc() cost time: 5.7758448123931885
_eval_classes_acc() cost time: 5.7731969356536865
_eval_classes_acc() cost time: 5.770273447036743
_eval_classes_acc() cost time: 5.778817892074585
_eval_classes_acc() cost time: 5.770960330963135
_eval_classes_acc() cost time: 5.800663232803345
_eval_classes_acc() cost time: 5.732664108276367
_eval_classes_acc() cost time: 5.72662091255188
_eval_classes_acc() cost time: 5.798242807388306
_eval_classes_acc() cost time: 5.763108968734741
_eval_classes_acc() cost time: 5.73797869682312
_eval_classes_acc() cost time: 5.727325201034546
_eval_classes_acc() cost time: 5.7598302364349365
_eval_classes_acc() cost time: 5.921632289886475
_eval_classes_acc() cost time: 5.790018320083618
_eval_classes_acc() cost time: 5.824153661727905
_eval_classes_acc() cost time: 5.920834302902222
_eval_classes_acc() cost time: 5.841118097305298
_eval_classes_acc() cost time: 6.388359546661377
_eval_classes_acc() cost time: 6.6655683517456055
_eval_classes_acc() cost time: 7.615657567977905
_eval_classes_acc() cost time: 6.372804164886475
_eval_classes_acc() cost time: 6.196913480758667
_eval_classes_acc() cost time: 6.165730237960815
_eval_classes_acc() cost time: 6.373998403549194

 50%|â–ˆâ–ˆâ–ˆâ–ˆâ–ˆ     | 5/10 [27:32<27:54, 334.85s/it][A_eval_classes_acc() cost time: 6.24034571647644
_eval_classes_acc() cost time: 5.958001375198364
_eval_classes_acc() cost time: 5.895083665847778
_eval_classes_acc() cost time: 5.868110418319702
_eval_classes_acc() cost time: 5.795712947845459
_eval_classes_acc() cost time: 5.790376424789429
_eval_classes_acc() cost time: 5.844993829727173
_eval_classes_acc() cost time: 5.824596643447876
_eval_classes_acc() cost time: 5.757074594497681
_eval_classes_acc() cost time: 5.820412874221802
_eval_classes_acc() cost time: 5.8372907638549805
_eval_classes_acc() cost time: 5.769135475158691
_eval_classes_acc() cost time: 5.798620939254761
_eval_classes_acc() cost time: 5.773042440414429
_eval_classes_acc() cost time: 5.7837748527526855
_eval_classes_acc() cost time: 5.798074007034302
_eval_classes_acc() cost time: 5.8351922035217285
_eval_classes_acc() cost time: 5.813142776489258
_eval_classes_acc() cost time: 5.79291844367981
_eval_classes_acc() cost time: 5.775972843170166
_eval_classes_acc() cost time: 5.7086005210876465
_eval_classes_acc() cost time: 5.759872913360596
_eval_classes_acc() cost time: 5.719758749008179
_eval_classes_acc() cost time: 5.7404420375823975
_eval_classes_acc() cost time: 5.828686714172363
_eval_classes_acc() cost time: 5.784875869750977
_eval_classes_acc() cost time: 5.721960067749023
_eval_classes_acc() cost time: 5.8147053718566895
_eval_classes_acc() cost time: 5.802636384963989
_eval_classes_acc() cost time: 5.788810968399048
_eval_classes_acc() cost time: 5.812250852584839
_eval_classes_acc() cost time: 7.269588947296143
_eval_classes_acc() cost time: 5.7434937953948975
_eval_classes_acc() cost time: 5.76801323890686
_eval_classes_acc() cost time: 5.872421026229858
_eval_classes_acc() cost time: 5.793268918991089
_eval_classes_acc() cost time: 5.735256910324097
_eval_classes_acc() cost time: 5.780822277069092
_eval_classes_acc() cost time: 5.719659805297852
_eval_classes_acc() cost time: 5.7616636753082275
_eval_classes_acc() cost time: 5.731863498687744
_eval_classes_acc() cost time: 5.707669496536255
_eval_classes_acc() cost time: 6.353262424468994
_eval_classes_acc() cost time: 6.373981475830078
_eval_classes_acc() cost time: 5.854609727859497
_eval_classes_acc() cost time: 5.749056100845337
_eval_classes_acc() cost time: 5.786599397659302
_eval_classes_acc() cost time: 5.667859792709351
_eval_classes_acc() cost time: 5.7942633628845215
_eval_classes_acc() cost time: 5.771501541137695

 60%|â–ˆâ–ˆâ–ˆâ–ˆâ–ˆâ–ˆ    | 6/10 [32:51<21:58, 329.54s/it][A_eval_classes_acc() cost time: 5.760326147079468
_eval_classes_acc() cost time: 5.828107595443726
_eval_classes_acc() cost time: 5.805225849151611
_eval_classes_acc() cost time: 5.809904336929321
_eval_classes_acc() cost time: 5.802310466766357
_eval_classes_acc() cost time: 5.775029897689819
_eval_classes_acc() cost time: 5.7731101512908936
_eval_classes_acc() cost time: 5.846659898757935
_eval_classes_acc() cost time: 5.760181903839111
_eval_classes_acc() cost time: 5.717710494995117
_eval_classes_acc() cost time: 5.777102708816528
_eval_classes_acc() cost time: 5.918729305267334
_eval_classes_acc() cost time: 7.040583848953247
_eval_classes_acc() cost time: 5.816667318344116
_eval_classes_acc() cost time: 5.727983474731445
_eval_classes_acc() cost time: 5.817083358764648
_eval_classes_acc() cost time: 5.731191158294678
_eval_classes_acc() cost time: 5.813722372055054
_eval_classes_acc() cost time: 5.711989641189575
_eval_classes_acc() cost time: 5.752237558364868
_eval_classes_acc() cost time: 5.681098937988281
_eval_classes_acc() cost time: 6.024378538131714
_eval_classes_acc() cost time: 6.874649524688721
_eval_classes_acc() cost time: 5.733292102813721
_eval_classes_acc() cost time: 5.743951797485352
_eval_classes_acc() cost time: 5.791058301925659
_eval_classes_acc() cost time: 5.751203536987305
_eval_classes_acc() cost time: 5.763572931289673
_eval_classes_acc() cost time: 5.750067949295044
_eval_classes_acc() cost time: 5.822131395339966
_eval_classes_acc() cost time: 5.872817754745483
_eval_classes_acc() cost time: 5.9095823764801025
_eval_classes_acc() cost time: 5.792352199554443
_eval_classes_acc() cost time: 5.702833890914917
_eval_classes_acc() cost time: 5.810530662536621
_eval_classes_acc() cost time: 5.772454023361206
_eval_classes_acc() cost time: 5.802880764007568
_eval_classes_acc() cost time: 5.782127857208252
_eval_classes_acc() cost time: 5.737406253814697
_eval_classes_acc() cost time: 5.804780721664429
_eval_classes_acc() cost time: 5.795480728149414
_eval_classes_acc() cost time: 5.784625291824341
_eval_classes_acc() cost time: 5.780168771743774
_eval_classes_acc() cost time: 5.7541961669921875
_eval_classes_acc() cost time: 5.797959327697754
_eval_classes_acc() cost time: 5.784271955490112
_eval_classes_acc() cost time: 5.810715198516846
_eval_classes_acc() cost time: 5.785674095153809
_eval_classes_acc() cost time: 5.7885661125183105
_eval_classes_acc() cost time: 5.845438718795776

 70%|â–ˆâ–ˆâ–ˆâ–ˆâ–ˆâ–ˆâ–ˆ   | 7/10 [38:06<16:13, 324.55s/it][A_eval_classes_acc() cost time: 5.697258472442627
_eval_classes_acc() cost time: 5.813945531845093
_eval_classes_acc() cost time: 5.738921880722046
_eval_classes_acc() cost time: 5.817281484603882
_eval_classes_acc() cost time: 5.759284496307373
_eval_classes_acc() cost time: 5.790821075439453
_eval_classes_acc() cost time: 5.7317657470703125
_eval_classes_acc() cost time: 5.742124319076538
_eval_classes_acc() cost time: 5.783729791641235
_eval_classes_acc() cost time: 5.8060407638549805
_eval_classes_acc() cost time: 5.720231056213379
_eval_classes_acc() cost time: 5.749364614486694
_eval_classes_acc() cost time: 5.769715785980225
_eval_classes_acc() cost time: 5.75206732749939
_eval_classes_acc() cost time: 5.750453472137451
_eval_classes_acc() cost time: 5.803642988204956
_eval_classes_acc() cost time: 5.991927146911621
_eval_classes_acc() cost time: 6.651920557022095
_eval_classes_acc() cost time: 5.678241968154907
_eval_classes_acc() cost time: 5.826995849609375
_eval_classes_acc() cost time: 5.729068756103516
_eval_classes_acc() cost time: 5.796675682067871
_eval_classes_acc() cost time: 5.751044750213623
_eval_classes_acc() cost time: 5.746788263320923
_eval_classes_acc() cost time: 5.783851146697998
_eval_classes_acc() cost time: 5.814570188522339
_eval_classes_acc() cost time: 5.836302757263184
_eval_classes_acc() cost time: 5.784431219100952
_eval_classes_acc() cost time: 5.791210412979126
_eval_classes_acc() cost time: 5.789107322692871
_eval_classes_acc() cost time: 5.814367055892944
_eval_classes_acc() cost time: 5.892906665802002
_eval_classes_acc() cost time: 5.766017198562622
_eval_classes_acc() cost time: 5.773862361907959
_eval_classes_acc() cost time: 5.752606153488159
_eval_classes_acc() cost time: 5.742820501327515
_eval_classes_acc() cost time: 5.863823413848877
_eval_classes_acc() cost time: 5.819288015365601
_eval_classes_acc() cost time: 5.745858907699585
_eval_classes_acc() cost time: 5.822535037994385
_eval_classes_acc() cost time: 5.770571231842041
_eval_classes_acc() cost time: 5.823699474334717
_eval_classes_acc() cost time: 5.808775424957275
_eval_classes_acc() cost time: 5.830387115478516
_eval_classes_acc() cost time: 5.844719171524048
_eval_classes_acc() cost time: 6.240584850311279
_eval_classes_acc() cost time: 6.301737546920776
_eval_classes_acc() cost time: 6.136676788330078
_eval_classes_acc() cost time: 5.832172155380249
_eval_classes_acc() cost time: 6.260702848434448

 80%|â–ˆâ–ˆâ–ˆâ–ˆâ–ˆâ–ˆâ–ˆâ–ˆ  | 8/10 [43:23<10:44, 322.38s/it][A_eval_classes_acc() cost time: 5.792169094085693
_eval_classes_acc() cost time: 5.777920246124268
_eval_classes_acc() cost time: 5.743358612060547
_eval_classes_acc() cost time: 5.79682993888855
_eval_classes_acc() cost time: 5.758944272994995
_eval_classes_acc() cost time: 5.773695707321167
_eval_classes_acc() cost time: 5.8260579109191895
_eval_classes_acc() cost time: 5.818130970001221
_eval_classes_acc() cost time: 5.842201232910156
_eval_classes_acc() cost time: 5.900266408920288
_eval_classes_acc() cost time: 6.703991651535034
_eval_classes_acc() cost time: 7.406335115432739
_eval_classes_acc() cost time: 6.409841060638428
_eval_classes_acc() cost time: 6.50440239906311
_eval_classes_acc() cost time: 5.743098735809326
_eval_classes_acc() cost time: 5.850591421127319
_eval_classes_acc() cost time: 5.70954704284668
_eval_classes_acc() cost time: 5.858597993850708
_eval_classes_acc() cost time: 5.727669954299927
_eval_classes_acc() cost time: 5.793841123580933
_eval_classes_acc() cost time: 5.698856592178345
_eval_classes_acc() cost time: 5.706210374832153
_eval_classes_acc() cost time: 5.856792211532593
_eval_classes_acc() cost time: 5.73824143409729
_eval_classes_acc() cost time: 5.743603944778442
_eval_classes_acc() cost time: 5.911402702331543
_eval_classes_acc() cost time: 5.75246000289917
_eval_classes_acc() cost time: 5.789681434631348
_eval_classes_acc() cost time: 5.767364025115967
_eval_classes_acc() cost time: 5.73952579498291
_eval_classes_acc() cost time: 5.740499258041382
_eval_classes_acc() cost time: 5.810390949249268
_eval_classes_acc() cost time: 5.685910940170288
_eval_classes_acc() cost time: 5.875793933868408
_eval_classes_acc() cost time: 5.771606206893921
_eval_classes_acc() cost time: 5.8019022941589355
_eval_classes_acc() cost time: 5.775011777877808
_eval_classes_acc() cost time: 5.809990406036377
_eval_classes_acc() cost time: 5.879913568496704
_eval_classes_acc() cost time: 5.762954235076904
_eval_classes_acc() cost time: 5.7820234298706055
_eval_classes_acc() cost time: 5.7893712520599365
_eval_classes_acc() cost time: 5.833573341369629
_eval_classes_acc() cost time: 5.744292736053467
_eval_classes_acc() cost time: 5.711492538452148
_eval_classes_acc() cost time: 5.784038066864014
_eval_classes_acc() cost time: 5.757134675979614
_eval_classes_acc() cost time: 6.536484479904175
_eval_classes_acc() cost time: 5.840996026992798
_eval_classes_acc() cost time: 5.824073076248169

 90%|â–ˆâ–ˆâ–ˆâ–ˆâ–ˆâ–ˆâ–ˆâ–ˆâ–ˆ | 9/10 [48:44<05:21, 321.81s/it][A_eval_classes_acc() cost time: 5.7429516315460205
_eval_classes_acc() cost time: 5.816651344299316
_eval_classes_acc() cost time: 5.73097562789917
_eval_classes_acc() cost time: 5.744030952453613
_eval_classes_acc() cost time: 5.708571195602417
_eval_classes_acc() cost time: 5.740674018859863
_eval_classes_acc() cost time: 6.554219961166382
_eval_classes_acc() cost time: 6.266013145446777
_eval_classes_acc() cost time: 5.750382900238037
_eval_classes_acc() cost time: 5.751547813415527
_eval_classes_acc() cost time: 5.81258487701416
_eval_classes_acc() cost time: 5.874295711517334
_eval_classes_acc() cost time: 5.761796474456787
_eval_classes_acc() cost time: 5.752274990081787
_eval_classes_acc() cost time: 5.720104932785034
_eval_classes_acc() cost time: 5.741144895553589
_eval_classes_acc() cost time: 5.773601770401001
_eval_classes_acc() cost time: 5.748543977737427
_eval_classes_acc() cost time: 5.751134634017944
_eval_classes_acc() cost time: 5.75469446182251
_eval_classes_acc() cost time: 5.7783942222595215
_eval_classes_acc() cost time: 5.725353479385376
_eval_classes_acc() cost time: 5.716716051101685
_eval_classes_acc() cost time: 5.8626720905303955
_eval_classes_acc() cost time: 5.686419486999512
_eval_classes_acc() cost time: 5.798015356063843
_eval_classes_acc() cost time: 5.748473167419434
_eval_classes_acc() cost time: 5.7397685050964355
_eval_classes_acc() cost time: 5.756625413894653
_eval_classes_acc() cost time: 5.71250581741333
_eval_classes_acc() cost time: 5.739563703536987
_eval_classes_acc() cost time: 5.7538721561431885
_eval_classes_acc() cost time: 5.687982797622681
_eval_classes_acc() cost time: 5.806182384490967
_eval_classes_acc() cost time: 5.825849294662476
_eval_classes_acc() cost time: 5.775777101516724
_eval_classes_acc() cost time: 5.807443857192993
_eval_classes_acc() cost time: 5.857644557952881
_eval_classes_acc() cost time: 5.861793756484985
_eval_classes_acc() cost time: 5.824136972427368
_eval_classes_acc() cost time: 5.708161354064941
_eval_classes_acc() cost time: 5.811462163925171
_eval_classes_acc() cost time: 5.776947021484375
_eval_classes_acc() cost time: 5.850525856018066
_eval_classes_acc() cost time: 5.756795644760132
_eval_classes_acc() cost time: 5.804337501525879
_eval_classes_acc() cost time: 5.793447971343994
_eval_classes_acc() cost time: 5.814817905426025
_eval_classes_acc() cost time: 5.907100677490234
_eval_classes_acc() cost time: 5.917301416397095

100%|â–ˆâ–ˆâ–ˆâ–ˆâ–ˆâ–ˆâ–ˆâ–ˆâ–ˆâ–ˆ| 10/10 [54:01<00:00, 320.33s/it][A100%|â–ˆâ–ˆâ–ˆâ–ˆâ–ˆâ–ˆâ–ˆâ–ˆâ–ˆâ–ˆ| 10/10 [54:01<00:00, 324.14s/it]
100%|â–ˆâ–ˆâ–ˆâ–ˆâ–ˆâ–ˆâ–ˆâ–ˆâ–ˆâ–ˆ| 3/3 [2:45:47<00:00, 3297.91s/it]100%|â–ˆâ–ˆâ–ˆâ–ˆâ–ˆâ–ˆâ–ˆâ–ˆâ–ˆâ–ˆ| 3/3 [2:45:47<00:00, 3315.88s/it]
_eval_classes_acc() cost time: 5.763490915298462
dataset_name:CIFAR10, model_name:resnet18_nopretrain_32_32_3, attack_name:LabelConsistent, mutation_name:weight_shuffle
